Log file open, 03/05/19 19:14:40
LogWindows: Failed to load 'aqProf.dll' (GetLastError=126)
LogWindows: File 'aqProf.dll' does not exist
LogWindows: Failed to load 'VtuneApi.dll' (GetLastError=126)
LogWindows: File 'VtuneApi.dll' does not exist
LogWindows: Failed to load 'VtuneApi32e.dll' (GetLastError=126)
LogWindows: File 'VtuneApi32e.dll' does not exist
LogConsoleResponse: Display: Failed to find resolution value strings in scalability ini. Falling back to default.
LogInit: Display: Running engine for game: sidescroller
LogPakFile: Registered encryption key '00000000000000000000000000000000': 0 pak files mounted, 0 remain pending
LogPlatformFile: Not using cached read wrapper
LogTaskGraph: Started task graph with 5 named threads and 26 total threads with 3 sets of task threads.
LogStats: Stats thread started at 0.278535
LogD3D11RHI: Loaded GFSDK_Aftermath_Lib.x64.dll
LogICUInternationalization: ICU TimeZone Detection - Raw Offset: -8:00, Platform Override: ''
LogPluginManager: Mounting plugin Paper2D
LogPluginManager: Mounting plugin AISupport
LogPluginManager: Mounting plugin LightPropagationVolume
LogPluginManager: Mounting plugin ActorLayerUtilities
LogPluginManager: Mounting plugin CLionSourceCodeAccess
LogPluginManager: Mounting plugin CodeLiteSourceCodeAccess
LogPluginManager: Mounting plugin GitSourceControl
LogPluginManager: Mounting plugin KDevelopSourceCodeAccess
LogPluginManager: Mounting plugin NullSourceCodeAccess
LogPluginManager: Mounting plugin PerforceSourceControl
LogPluginManager: Mounting plugin SubversionSourceControl
LogPluginManager: Mounting plugin UObjectPlugin
LogPluginManager: Mounting plugin VisualStudioCodeSourceCodeAccess
LogPluginManager: Mounting plugin VisualStudioSourceCodeAccess
LogPluginManager: Mounting plugin XCodeSourceCodeAccess
LogPluginManager: Mounting plugin AssetManagerEditor
LogPluginManager: Mounting plugin CryptoKeys
LogPluginManager: Mounting plugin DataValidation
LogPluginManager: Mounting plugin FacialAnimation
LogPluginManager: Mounting plugin GameplayTagsEditor
LogPluginManager: Mounting plugin MacGraphicsSwitching
LogPluginManager: Mounting plugin MeshEditor
LogPluginManager: Mounting plugin MobileLauncherProfileWizard
LogPluginManager: Mounting plugin PluginBrowser
LogPluginManager: Mounting plugin SpeedTreeImporter
LogPluginManager: Mounting plugin DatasmithContent
LogPluginManager: Mounting plugin VariantManagerContent
LogPluginManager: Mounting plugin AlembicImporter
LogPluginManager: Mounting plugin AppleImageUtils
LogPluginManager: Mounting plugin AppleVision
LogPluginManager: Mounting plugin BackChannel
LogPluginManager: Mounting plugin CharacterAI
LogPluginManager: Mounting plugin GeometryCache
LogPluginManager: Mounting plugin HTML5Networking
LogPluginManager: Mounting plugin ProxyLODPlugin
LogPluginManager: Mounting plugin MagicLeap
LogPluginManager: Mounting plugin MagicLeapMedia
LogPluginManager: Mounting plugin AndroidMedia
LogPluginManager: Mounting plugin AvfMedia
LogPluginManager: Mounting plugin ImgMedia
LogPluginManager: Mounting plugin LinearTimecode
LogPluginManager: Mounting plugin MediaCompositing
LogPluginManager: Mounting plugin MediaPlayerEditor
LogPluginManager: Mounting plugin WebMMedia
LogPluginManager: Mounting plugin WmfMedia
LogPluginManager: Mounting plugin TcpMessaging
LogPluginManager: Mounting plugin UdpMessaging
LogPluginManager: Mounting plugin ActorSequence
LogPluginManager: Mounting plugin LevelSequenceEditor
LogPluginManager: Mounting plugin MatineeToLevelSequence
LogPluginManager: Mounting plugin NetcodeUnitTest
LogPluginManager: Mounting plugin NUTUnrealEngine4
LogPluginManager: Mounting plugin OnlineSubsystemGooglePlay
LogPluginManager: Mounting plugin OnlineSubsystemIOS
LogPluginManager: Mounting plugin OnlineSubsystem
LogPluginManager: Mounting plugin OnlineSubsystemNull
LogPluginManager: Mounting plugin OnlineSubsystemUtils
LogPluginManager: Mounting plugin LauncherChunkInstaller
LogPluginManager: Mounting plugin AndroidDeviceProfileSelector
LogPluginManager: Mounting plugin AndroidMoviePlayer
LogPluginManager: Mounting plugin AndroidPermission
LogPluginManager: Mounting plugin AppleMoviePlayer
LogPluginManager: Mounting plugin ArchVisCharacter
LogPluginManager: Mounting plugin AudioCapture
LogPluginManager: Mounting plugin CableComponent
LogPluginManager: Mounting plugin CustomMeshComponent
LogPluginManager: Mounting plugin EditableMesh
LogPluginManager: Mounting plugin ExampleDeviceProfileSelector
LogPluginManager: Mounting plugin Firebase
LogPluginManager: Mounting plugin GoogleCloudMessaging
LogPluginManager: Mounting plugin IOSDeviceProfileSelector
LogPluginManager: Mounting plugin LinuxDeviceProfileSelector
LogPluginManager: Mounting plugin LocationServicesBPLibrary
LogPluginManager: Mounting plugin MobilePatchingUtils
LogPluginManager: Mounting plugin OculusVR
LogPluginManager: Mounting plugin PhysXVehicles
LogPluginManager: Mounting plugin ProceduralMeshComponent
LogPluginManager: Mounting plugin RuntimePhysXCooking
LogPluginManager: Mounting plugin SteamVR
LogPluginManager: Mounting plugin WebMMoviePlayer
LogPluginManager: Mounting plugin WindowsMoviePlayer
LogStreaming: Display: Took  0.059s to configure plugins.
LogInit: Using libcurl 7.55.1-DEV
LogInit:  - built for x86_64-pc-win32
LogInit:  - supports SSL with OpenSSL/1.0.2h
LogInit:  - supports HTTP deflate (compression) using libz 1.2.8
LogInit:  - other features:
LogInit:      CURL_VERSION_SSL
LogInit:      CURL_VERSION_LIBZ
LogInit:      CURL_VERSION_IPV6
LogInit:      CURL_VERSION_ASYNCHDNS
LogInit:      CURL_VERSION_LARGEFILE
LogInit:      CURL_VERSION_IDN
LogInit:  CurlRequestOptions (configurable via config and command line):
LogInit:  - bVerifyPeer = true  - Libcurl will verify peer certificate
LogInit:  - bUseHttpProxy = false  - Libcurl will NOT use HTTP proxy
LogInit:  - bDontReuseConnections = false  - Libcurl will reuse connections
LogInit:  - MaxHostConnections = 16  - Libcurl will limit the number of connections to a host
LogInit:  - LocalHostAddr = Default
LogInit:  - BufferSize = 65536
LogInit: WinSock: version 1.1 (2.2), MaxSocks=32767, MaxUdp=65467
LogInit: Build: ++UE4+Release-4.21-CL-4753647
LogInit: Engine Version: 4.21.2-4753647+++UE4+Release-4.21
LogInit: Compatible Engine Version: 4.21.0-4541578+++UE4+Release-4.21
LogInit: Net CL: 4541578
LogInit: OS: Windows 10 (), CPU: Intel(R) Core(TM) i7-9700K CPU @ 3.60GHz, GPU: NVIDIA GeForce GTX 1070 Ti
LogInit: Compiled (64-bit): Jan 19 2019 02:07:31
LogInit: Compiled with Visual C++: 19.13.26129.00
LogInit: Build Configuration: Development
LogInit: Branch Name: ++UE4+Release-4.21
LogInit: Command Line: 
LogInit: Base Directory: C:/Program Files/Epic Games/UE_4.21/Engine/Binaries/Win64/
LogInit: Installed Engine Build: 1
LogDevObjectVersion: Number of dev versions registered: 22
LogDevObjectVersion:   Dev-Blueprints (B0D832E4-1F89-4F0D-ACCF-7EB736FD4AA2): 10
LogDevObjectVersion:   Dev-Build (E1C64328-A22C-4D53-A36C-8E866417BD8C): 0
LogDevObjectVersion:   Dev-Core (375EC13C-06E4-48FB-B500-84F0262A717E): 2
LogDevObjectVersion:   Dev-Editor (E4B068ED-F494-42E9-A231-DA0B2E46BB41): 26
LogDevObjectVersion:   Dev-Framework (CFFC743F-43B0-4480-9391-14DF171D2073): 34
LogDevObjectVersion:   Dev-Mobile (B02B49B5-BB20-44E9-A304-32B752E40360): 2
LogDevObjectVersion:   Dev-Networking (A4E4105C-59A1-49B5-A7C5-40C4547EDFEE): 0
LogDevObjectVersion:   Dev-Online (39C831C9-5AE6-47DC-9A44-9C173E1C8E7C): 0
LogDevObjectVersion:   Dev-Physics (78F01B33-EBEA-4F98-B9B4-84EACCB95AA2): 0
LogDevObjectVersion:   Dev-Platform (6631380F-2D4D-43E0-8009-CF276956A95A): 0
LogDevObjectVersion:   Dev-Rendering (12F88B9F-8875-4AFC-A67C-D90C383ABD29): 27
LogDevObjectVersion:   Dev-Sequencer (7B5AE74C-D270-4C10-A958-57980B212A5A): 9
LogDevObjectVersion:   Dev-VR (D7296918-1DD6-4BDD-9DE2-64A83CC13884): 2
LogDevObjectVersion:   Dev-LoadTimes (C2A15278-BFE7-4AFE-6C17-90FF531DF755): 1
LogDevObjectVersion:   Private-Geometry (6EACA3D4-40EC-4CC1-B786-8BED09428FC5): 3
LogDevObjectVersion:   Dev-AnimPhys (29E575DD-E0A3-4627-9D10-D276232CDCEA): 17
LogDevObjectVersion:   Dev-Anim (AF43A65D-7FD3-4947-9873-3E8ED9C1BB05): 2
LogDevObjectVersion:   Dev-ReflectionCapture (6B266CEC-1EC7-4B8F-A30B-E4D90942FC07): 1
LogDevObjectVersion:   Dev-Automation (0DF73D61-A23F-47EA-B727-89E90C41499A): 1
LogDevObjectVersion:   FortniteMain (601D1886-AC64-4F84-AA16-D3DE0DEAC7D6): 17
LogDevObjectVersion:   Dev-Enterprise (9DFFBCD6-494F-0158-E221-12823C92A888): 4
LogDevObjectVersion:   Dev-Niagara (F2AED0AC-9AFE-416F-8664-AA7FFA26D6FC): 1
LogStreaming: Display: Took  0.003s to delete old logs.
LogInit: Presizing for max 8388607 objects, including 0 objects not considered by GC, pre-allocating 0 bytes for permanent pool.
LogInit: Object subsystem initialized
LogConfig: Setting CVar [[con.DebugEarlyDefault:1]]
LogConfig: Setting CVar [[r.setres:1280x720]]
[2019.03.06-03.14.40:219][  0]LogConfig: Setting CVar [[r.VSync:0]]
[2019.03.06-03.14.40:219][  0]LogConfig: Setting CVar [[r.RHICmdBypass:0]]
[2019.03.06-03.14.40:219][  0]LogConfig: Applying CVar settings from Section [/Script/Engine.RendererSettings] File [C:/Users/steve/Documents/Unreal_Projects/ascendant/Saved/Config/Windows/Engine.ini]
[2019.03.06-03.14.40:219][  0]LogConfig: Setting CVar [[r.GPUCrashDebugging:0]]
[2019.03.06-03.14.40:219][  0]LogConfig: Setting CVar [[r.MobileHDR:1]]
[2019.03.06-03.14.40:220][  0]LogConfig: Setting CVar [[r.Mobile.DisableVertexFog:1]]
[2019.03.06-03.14.40:220][  0]LogConfig: Setting CVar [[r.Shadow.CSM.MaxMobileCascades:2]]
[2019.03.06-03.14.40:220][  0]LogConfig: Setting CVar [[r.MobileMSAA:1]]
[2019.03.06-03.14.40:220][  0]LogConfig: Setting CVar [[r.Mobile.UseLegacyShadingModel:0]]
[2019.03.06-03.14.40:220][  0]LogConfig: Setting CVar [[r.Mobile.AllowDitheredLODTransition:0]]
[2019.03.06-03.14.40:220][  0]LogConfig: Setting CVar [[r.Mobile.AllowSoftwareOcclusion:0]]
[2019.03.06-03.14.40:220][  0]LogConfig: Setting CVar [[r.DiscardUnusedQuality:0]]
[2019.03.06-03.14.40:220][  0]LogConfig: Setting CVar [[r.AllowOcclusionQueries:1]]
[2019.03.06-03.14.40:220][  0]LogConfig: Setting CVar [[r.MinScreenRadiusForLights:0.030000]]
[2019.03.06-03.14.40:220][  0]LogConfig: Setting CVar [[r.MinScreenRadiusForDepthPrepass:0.030000]]
[2019.03.06-03.14.40:220][  0]LogConfig: Setting CVar [[r.MinScreenRadiusForCSMDepth:0.010000]]
[2019.03.06-03.14.40:220][  0]LogConfig: Setting CVar [[r.PrecomputedVisibilityWarning:0]]
[2019.03.06-03.14.40:220][  0]LogConfig: Setting CVar [[r.TextureStreaming:1]]
[2019.03.06-03.14.40:220][  0]LogConfig: Setting CVar [[Compat.UseDXT5NormalMaps:0]]
[2019.03.06-03.14.40:220][  0]LogConfig: Setting CVar [[r.ClearCoatNormal:0]]
[2019.03.06-03.14.40:220][  0]LogConfig: Setting CVar [[r.ReflectionCaptureResolution:128]]
[2019.03.06-03.14.40:220][  0]LogConfig: Setting CVar [[r.ReflectionEnvironmentLightmapMixBasedOnRoughness:1]]
[2019.03.06-03.14.40:220][  0]LogConfig: Setting CVar [[r.ForwardShading:0]]
[2019.03.06-03.14.40:220][  0]LogConfig: Setting CVar [[r.VertexFoggingForOpaque:1]]
[2019.03.06-03.14.40:220][  0]LogConfig: Setting CVar [[r.AllowStaticLighting:1]]
[2019.03.06-03.14.40:220][  0]LogConfig: Setting CVar [[r.NormalMapsForStaticLighting:0]]
[2019.03.06-03.14.40:220][  0]LogConfig: Setting CVar [[r.GenerateMeshDistanceFields:0]]
[2019.03.06-03.14.40:220][  0]LogConfig: Setting CVar [[r.DistanceFieldBuild.EightBit:0]]
[2019.03.06-03.14.40:220][  0]LogConfig: Setting CVar [[r.GenerateLandscapeGIData:0]]
[2019.03.06-03.14.40:220][  0]LogConfig: Setting CVar [[r.DistanceFieldBuild.Compress:0]]
[2019.03.06-03.14.40:220][  0]LogConfig: Setting CVar [[r.TessellationAdaptivePixelsPerTriangle:48.000000]]
[2019.03.06-03.14.40:220][  0]LogConfig: Setting CVar [[r.SeparateTranslucency:0]]
[2019.03.06-03.14.40:220][  0]LogConfig: Setting CVar [[r.TranslucentSortPolicy:0]]
[2019.03.06-03.14.40:220][  0]LogConfig: Setting CVar [[r.CustomDepth:1]]
[2019.03.06-03.14.40:220][  0]LogConfig: Setting CVar [[r.CustomDepthTemporalAAJitter:1]]
[2019.03.06-03.14.40:220][  0]LogConfig: Setting CVar [[r.PostProcessing.PropagateAlpha:0]]
[2019.03.06-03.14.40:220][  0]LogConfig: Setting CVar [[r.DOF.Algorithm:1]]
[2019.03.06-03.14.40:220][  0]LogConfig: Setting CVar [[r.DefaultFeature.Bloom:1]]
[2019.03.06-03.14.40:220][  0]LogConfig: Setting CVar [[r.DefaultFeature.AmbientOcclusion:0]]
[2019.03.06-03.14.40:220][  0]LogConfig: Setting CVar [[r.DefaultFeature.AmbientOcclusionStaticFraction:1]]
[2019.03.06-03.14.40:220][  0]LogConfig: Setting CVar [[r.DefaultFeature.AutoExposure:0]]
[2019.03.06-03.14.40:220][  0]LogConfig: Setting CVar [[r.DefaultFeature.AutoExposure.Method:0]]
[2019.03.06-03.14.40:220][  0]LogConfig: Setting CVar [[r.DefaultFeature.AutoExposure.ExtendDefaultLuminanceRange:0]]
[2019.03.06-03.14.40:220][  0]LogConfig: Setting CVar [[r.UsePreExposure:0]]
[2019.03.06-03.14.40:220][  0]LogConfig: Setting CVar [[r.DefaultFeature.MotionBlur:0]]
[2019.03.06-03.14.40:220][  0]LogConfig: Setting CVar [[r.DefaultFeature.LensFlare:0]]
[2019.03.06-03.14.40:220][  0]LogConfig: Setting CVar [[r.TemporalAA.Upsampling:0]]
[2019.03.06-03.14.40:220][  0]LogConfig: Setting CVar [[r.DefaultFeature.AntiAliasing:0]]
[2019.03.06-03.14.40:220][  0]LogConfig: Setting CVar [[r.DefaultFeature.LightUnits:1]]
[2019.03.06-03.14.40:220][  0]LogConfig: Setting CVar [[r.DefaultBackBufferPixelFormat:4]]
[2019.03.06-03.14.40:220][  0]LogConfig: Setting CVar [[r.Shadow.UnbuiltPreviewInGame:1]]
[2019.03.06-03.14.40:220][  0]LogConfig: Setting CVar [[r.StencilForLODDither:0]]
[2019.03.06-03.14.40:220][  0]LogConfig: Setting CVar [[r.EarlyZPass:3]]
[2019.03.06-03.14.40:220][  0]LogConfig: Setting CVar [[r.EarlyZPassMovable:1]]
[2019.03.06-03.14.40:220][  0]LogConfig: Setting CVar [[r.EarlyZPassOnlyMaterialMasking:0]]
[2019.03.06-03.14.40:220][  0]LogConfig: Setting CVar [[r.DBuffer:1]]
[2019.03.06-03.14.40:220][  0]LogConfig: Setting CVar [[r.ClearSceneMethod:1]]
[2019.03.06-03.14.40:220][  0]LogConfig: Setting CVar [[r.BasePassOutputsVelocity:0]]
[2019.03.06-03.14.40:220][  0]LogConfig: Setting CVar [[r.SelectiveBasePassOutputs:0]]
[2019.03.06-03.14.40:220][  0]LogConfig: Setting CVar [[fx.GPUSimulationTextureSizeX:1024]]
[2019.03.06-03.14.40:220][  0]LogConfig: Setting CVar [[fx.GPUSimulationTextureSizeY:1024]]
[2019.03.06-03.14.40:220][  0]LogConfig: Setting CVar [[r.AllowGlobalClipPlane:0]]
[2019.03.06-03.14.40:220][  0]LogConfig: Setting CVar [[r.GBufferFormat:1]]
[2019.03.06-03.14.40:220][  0]LogConfig: Setting CVar [[r.MorphTarget.Mode:1]]
[2019.03.06-03.14.40:220][  0]LogConfig: Setting CVar [[vr.InstancedStereo:0]]
[2019.03.06-03.14.40:220][  0]LogConfig: Setting CVar [[vr.MultiView:0]]
[2019.03.06-03.14.40:220][  0]LogConfig: Setting CVar [[vr.MobileMultiView:0]]
[2019.03.06-03.14.40:220][  0]LogConfig: Setting CVar [[vr.MobileMultiView.Direct:0]]
[2019.03.06-03.14.40:220][  0]LogConfig: Setting CVar [[vr.MonoscopicFarField:0]]
[2019.03.06-03.14.40:220][  0]LogConfig: Setting CVar [[vr.RoundRobinOcclusion:0]]
[2019.03.06-03.14.40:220][  0]LogConfig: Setting CVar [[vr.ODSCapture:0]]
[2019.03.06-03.14.40:220][  0]LogConfig: Setting CVar [[r.WireframeCullThreshold:5.000000]]
[2019.03.06-03.14.40:220][  0]LogConfig: Setting CVar [[r.SupportStationarySkylight:1]]
[2019.03.06-03.14.40:220][  0]LogConfig: Setting CVar [[r.SupportLowQualityLightmaps:1]]
[2019.03.06-03.14.40:220][  0]LogConfig: Setting CVar [[r.SupportPointLightWholeSceneShadows:1]]
[2019.03.06-03.14.40:220][  0]LogConfig: Setting CVar [[r.SupportAtmosphericFog:1]]
[2019.03.06-03.14.40:220][  0]LogConfig: Setting CVar [[r.SkinCache.CompileShaders:0]]
[2019.03.06-03.14.40:220][  0]LogConfig: Setting CVar [[r.Mobile.EnableStaticAndCSMShadowReceivers:1]]
[2019.03.06-03.14.40:220][  0]LogConfig: Setting CVar [[r.Mobile.EnableMovableLightCSMShaderCulling:1]]
[2019.03.06-03.14.40:220][  0]LogConfig: Setting CVar [[r.Mobile.AllowDistanceFieldShadows:1]]
[2019.03.06-03.14.40:220][  0]LogConfig: Setting CVar [[r.Mobile.AllowMovableDirectionalLights:1]]
[2019.03.06-03.14.40:220][  0]LogConfig: Setting CVar [[r.MobileNumDynamicPointLights:4]]
[2019.03.06-03.14.40:220][  0]LogConfig: Setting CVar [[r.MobileDynamicPointLightsUseStaticBranch:1]]
[2019.03.06-03.14.40:220][  0]LogConfig: Setting CVar [[r.SkinCache.SceneMemoryLimitInMB:128.000000]]
[2019.03.06-03.14.40:220][  0]LogConfig: Setting CVar [[r.GPUSkin.Limit2BoneInfluences:0]]
[2019.03.06-03.14.40:220][  0]LogConfig: Setting CVar [[r.SupportDepthOnlyIndexBuffers:1]]
[2019.03.06-03.14.40:220][  0]LogConfig: Setting CVar [[r.SupportReversedIndexBuffers:1]]
[2019.03.06-03.14.40:220][  0]LogConfig: Setting CVar [[r.SupportMaterialLayers:0]]
[2019.03.06-03.14.40:220][  0]LogConfig: Applying CVar settings from Section [/Script/Engine.RendererOverrideSettings] File [C:/Users/steve/Documents/Unreal_Projects/ascendant/Saved/Config/Windows/Engine.ini]
[2019.03.06-03.14.40:220][  0]LogConfig: Applying CVar settings from Section [/Script/Engine.StreamingSettings] File [C:/Users/steve/Documents/Unreal_Projects/ascendant/Saved/Config/Windows/Engine.ini]
[2019.03.06-03.14.40:220][  0]LogConfig: Setting CVar [[s.MinBulkDataSizeForAsyncLoading:131072]]
[2019.03.06-03.14.40:220][  0]LogConfig: Setting CVar [[s.AsyncLoadingThreadEnabled:0]]
[2019.03.06-03.14.40:220][  0]LogConfig: Setting CVar [[s.EventDrivenLoaderEnabled:1]]
[2019.03.06-03.14.40:220][  0]LogConfig: Setting CVar [[s.WarnIfTimeLimitExceeded:0]]
[2019.03.06-03.14.40:220][  0]LogConfig: Setting CVar [[s.TimeLimitExceededMultiplier:1.5]]
[2019.03.06-03.14.40:220][  0]LogConfig: Setting CVar [[s.TimeLimitExceededMinTime:0.005]]
[2019.03.06-03.14.40:220][  0]LogConfig: Setting CVar [[s.UseBackgroundLevelStreaming:1]]
[2019.03.06-03.14.40:220][  0]LogConfig: Setting CVar [[s.PriorityAsyncLoadingExtraTime:15.0]]
[2019.03.06-03.14.40:220][  0]LogConfig: Setting CVar [[s.LevelStreamingActorsUpdateTimeLimit:5.0]]
[2019.03.06-03.14.40:220][  0]LogConfig: Setting CVar [[s.PriorityLevelStreamingActorsUpdateExtraTime:5.0]]
[2019.03.06-03.14.40:220][  0]LogConfig: Setting CVar [[s.LevelStreamingComponentsRegistrationGranularity:10]]
[2019.03.06-03.14.40:220][  0]LogConfig: Setting CVar [[s.UnregisterComponentsTimeLimit:1.0]]
[2019.03.06-03.14.40:220][  0]LogConfig: Setting CVar [[s.LevelStreamingComponentsUnregistrationGranularity:5]]
[2019.03.06-03.14.40:220][  0]LogConfig: Applying CVar settings from Section [/Script/Engine.GarbageCollectionSettings] File [C:/Users/steve/Documents/Unreal_Projects/ascendant/Saved/Config/Windows/Engine.ini]
[2019.03.06-03.14.40:220][  0]LogConfig: Setting CVar [[gc.MaxObjectsNotConsideredByGC:1]]
[2019.03.06-03.14.40:220][  0]LogConfig: Setting CVar [[gc.SizeOfPermanentObjectPool:0]]
[2019.03.06-03.14.40:220][  0]LogConfig: Setting CVar [[gc.FlushStreamingOnGC:0]]
[2019.03.06-03.14.40:220][  0]LogConfig: Setting CVar [[gc.NumRetriesBeforeForcingGC:10]]
[2019.03.06-03.14.40:220][  0]LogConfig: Setting CVar [[gc.AllowParallelGC:1]]
[2019.03.06-03.14.40:220][  0]LogConfig: Setting CVar [[gc.TimeBetweenPurgingPendingKillObjects:61.1]]
[2019.03.06-03.14.40:220][  0]LogConfig: Setting CVar [[gc.MaxObjectsInEditor:8388607]]
[2019.03.06-03.14.40:220][  0]LogConfig: Setting CVar [[gc.IncrementalBeginDestroyEnabled:1]]
[2019.03.06-03.14.40:220][  0]LogConfig: Setting CVar [[gc.CreateGCClusters:1]]
[2019.03.06-03.14.40:221][  0]LogConfig: Setting CVar [[gc.MergeGCClusters:0]]
[2019.03.06-03.14.40:221][  0]LogConfig: Setting CVar [[gc.MinGCClusterSize:5]]
[2019.03.06-03.14.40:221][  0]LogConfig: Setting CVar [[gc.ActorClusteringEnabled:0]]
[2019.03.06-03.14.40:221][  0]LogConfig: Setting CVar [[gc.BlueprintClusteringEnabled:0]]
[2019.03.06-03.14.40:221][  0]LogConfig: Setting CVar [[gc.UseDisregardForGCOnDedicatedServers:0]]
[2019.03.06-03.14.40:221][  0]LogConfig: Applying CVar settings from Section [/Script/Engine.NetworkSettings] File [C:/Users/steve/Documents/Unreal_Projects/ascendant/Saved/Config/Windows/Engine.ini]
[2019.03.06-03.14.40:221][  0]LogConfig: Applying CVar settings from Section [/Script/UnrealEd.CookerSettings] File [C:/Users/steve/Documents/Unreal_Projects/ascendant/Saved/Config/Windows/Engine.ini]
[2019.03.06-03.14.40:222][  0]LogConfig: Applying CVar settings from Section [ViewDistanceQuality@3] File [C:/Users/steve/Documents/Unreal_Projects/ascendant/Saved/Config/Windows/Scalability.ini]
[2019.03.06-03.14.40:222][  0]LogConfig: Setting CVar [[r.SkeletalMeshLODBias:0]]
[2019.03.06-03.14.40:222][  0]LogConfig: Setting CVar [[r.ViewDistanceScale:1.0]]
[2019.03.06-03.14.40:222][  0]LogConfig: Applying CVar settings from Section [AntiAliasingQuality@3] File [C:/Users/steve/Documents/Unreal_Projects/ascendant/Saved/Config/Windows/Scalability.ini]
[2019.03.06-03.14.40:222][  0]LogConfig: Setting CVar [[r.PostProcessAAQuality:4]]
[2019.03.06-03.14.40:222][  0]LogConfig: Applying CVar settings from Section [ShadowQuality@3] File [C:/Users/steve/Documents/Unreal_Projects/ascendant/Saved/Config/Windows/Scalability.ini]
[2019.03.06-03.14.40:222][  0]LogConfig: Setting CVar [[r.LightFunctionQuality:1]]
[2019.03.06-03.14.40:222][  0]LogConfig: Setting CVar [[r.ShadowQuality:5]]
[2019.03.06-03.14.40:222][  0]LogConfig: Setting CVar [[r.Shadow.CSM.MaxCascades:10]]
[2019.03.06-03.14.40:222][  0]LogConfig: Setting CVar [[r.Shadow.MaxResolution:2048]]
[2019.03.06-03.14.40:222][  0]LogConfig: Setting CVar [[r.Shadow.MaxCSMResolution:2048]]
[2019.03.06-03.14.40:222][  0]LogConfig: Setting CVar [[r.Shadow.RadiusThreshold:0.01]]
[2019.03.06-03.14.40:222][  0]LogConfig: Setting CVar [[r.Shadow.DistanceScale:1.0]]
[2019.03.06-03.14.40:222][  0]LogConfig: Setting CVar [[r.Shadow.CSM.TransitionScale:1.0]]
[2019.03.06-03.14.40:222][  0]LogConfig: Setting CVar [[r.Shadow.PreShadowResolutionFactor:1.0]]
[2019.03.06-03.14.40:222][  0]LogConfig: Setting CVar [[r.DistanceFieldShadowing:1]]
[2019.03.06-03.14.40:222][  0]LogConfig: Setting CVar [[r.DistanceFieldAO:1]]
[2019.03.06-03.14.40:222][  0]LogConfig: Setting CVar [[r.AOQuality:2]]
[2019.03.06-03.14.40:222][  0]LogConfig: Setting CVar [[r.VolumetricFog:1]]
[2019.03.06-03.14.40:222][  0]LogConfig: Setting CVar [[r.VolumetricFog.GridPixelSize:8]]
[2019.03.06-03.14.40:222][  0]LogConfig: Setting CVar [[r.VolumetricFog.GridSizeZ:128]]
[2019.03.06-03.14.40:222][  0]LogConfig: Setting CVar [[r.VolumetricFog.HistoryMissSupersampleCount:4]]
[2019.03.06-03.14.40:222][  0]LogConfig: Setting CVar [[r.LightMaxDrawDistanceScale:1]]
[2019.03.06-03.14.40:222][  0]LogConfig: Setting CVar [[r.CapsuleShadows:1]]
[2019.03.06-03.14.40:222][  0]LogConfig: Applying CVar settings from Section [PostProcessQuality@3] File [C:/Users/steve/Documents/Unreal_Projects/ascendant/Saved/Config/Windows/Scalability.ini]
[2019.03.06-03.14.40:222][  0]LogConfig: Setting CVar [[r.MotionBlurQuality:4]]
[2019.03.06-03.14.40:222][  0]LogConfig: Setting CVar [[r.AmbientOcclusionMipLevelFactor:0.4]]
[2019.03.06-03.14.40:222][  0]LogConfig: Setting CVar [[r.AmbientOcclusionMaxQuality:100]]
[2019.03.06-03.14.40:222][  0]LogConfig: Setting CVar [[r.AmbientOcclusionLevels:-1]]
[2019.03.06-03.14.40:222][  0]LogConfig: Setting CVar [[r.AmbientOcclusionRadiusScale:1.0]]
[2019.03.06-03.14.40:222][  0]LogConfig: Setting CVar [[r.DepthOfFieldQuality:2]]
[2019.03.06-03.14.40:222][  0]LogConfig: Setting CVar [[r.RenderTargetPoolMin:400]]
[2019.03.06-03.14.40:222][  0]LogConfig: Setting CVar [[r.LensFlareQuality:2]]
[2019.03.06-03.14.40:222][  0]LogConfig: Setting CVar [[r.SceneColorFringeQuality:1]]
[2019.03.06-03.14.40:222][  0]LogConfig: Setting CVar [[r.EyeAdaptationQuality:2]]
[2019.03.06-03.14.40:222][  0]LogConfig: Setting CVar [[r.BloomQuality:5]]
[2019.03.06-03.14.40:222][  0]LogConfig: Setting CVar [[r.FastBlurThreshold:100]]
[2019.03.06-03.14.40:222][  0]LogConfig: Setting CVar [[r.Upscale.Quality:3]]
[2019.03.06-03.14.40:222][  0]LogConfig: Setting CVar [[r.Tonemapper.GrainQuantization:1]]
[2019.03.06-03.14.40:222][  0]LogConfig: Setting CVar [[r.LightShaftQuality:1]]
[2019.03.06-03.14.40:222][  0]LogConfig: Setting CVar [[r.Filter.SizeScale:1]]
[2019.03.06-03.14.40:222][  0]LogConfig: Setting CVar [[r.Tonemapper.Quality:5]]
[2019.03.06-03.14.40:222][  0]LogConfig: Setting CVar [[r.DOF.Gather.AccumulatorQuality:1        ; higher gathering accumulator quality]]
[2019.03.06-03.14.40:222][  0]LogConfig: Setting CVar [[r.DOF.Gather.PostfilterMethod:1          ; Median3x3 postfilering method]]
[2019.03.06-03.14.40:222][  0]LogConfig: Setting CVar [[r.DOF.Gather.EnableBokehSettings:0       ; no bokeh simulation when gathering]]
[2019.03.06-03.14.40:222][  0]LogConfig: Setting CVar [[r.DOF.Gather.RingCount:4                 ; medium number of samples when gathering]]
[2019.03.06-03.14.40:222][  0]LogConfig: Setting CVar [[r.DOF.Scatter.ForegroundCompositing:1    ; additive foreground scattering]]
[2019.03.06-03.14.40:222][  0]LogConfig: Setting CVar [[r.DOF.Scatter.BackgroundCompositing:2    ; additive background scattering]]
[2019.03.06-03.14.40:223][  0]LogConfig: Setting CVar [[r.DOF.Scatter.EnableBokehSettings:1      ; bokeh simulation when scattering]]
[2019.03.06-03.14.40:223][  0]LogConfig: Setting CVar [[r.DOF.Scatter.MaxSpriteRatio:0.1         ; only a maximum of 10% of scattered bokeh]]
[2019.03.06-03.14.40:223][  0]LogConfig: Setting CVar [[r.DOF.Recombine.Quality:1                ; cheap slight out of focus]]
[2019.03.06-03.14.40:223][  0]LogConfig: Setting CVar [[r.DOF.Recombine.EnableBokehSettings:0    ; no bokeh simulation on slight out of focus]]
[2019.03.06-03.14.40:223][  0]LogConfig: Setting CVar [[r.DOF.TemporalAAQuality:1                ; more stable temporal accumulation]]
[2019.03.06-03.14.40:223][  0]LogConfig: Setting CVar [[r.DOF.Kernel.MaxForegroundRadius:0.025]]
[2019.03.06-03.14.40:223][  0]LogConfig: Setting CVar [[r.DOF.Kernel.MaxBackgroundRadius:0.025]]
[2019.03.06-03.14.40:223][  0]LogConfig: Applying CVar settings from Section [TextureQuality@3] File [C:/Users/steve/Documents/Unreal_Projects/ascendant/Saved/Config/Windows/Scalability.ini]
[2019.03.06-03.14.40:223][  0]LogConfig: Setting CVar [[r.Streaming.MipBias:0]]
[2019.03.06-03.14.40:223][  0]LogConfig: Setting CVar [[r.Streaming.AmortizeCPUToGPUCopy:0]]
[2019.03.06-03.14.40:223][  0]LogConfig: Setting CVar [[r.Streaming.MaxNumTexturesToStreamPerFrame:0]]
[2019.03.06-03.14.40:223][  0]LogConfig: Setting CVar [[r.Streaming.Boost:1]]
[2019.03.06-03.14.40:223][  0]LogConfig: Setting CVar [[r.MaxAnisotropy:8]]
[2019.03.06-03.14.40:223][  0]LogConfig: Setting CVar [[r.Streaming.LimitPoolSizeToVRAM:0]]
[2019.03.06-03.14.40:223][  0]LogConfig: Setting CVar [[r.Streaming.PoolSize:1000]]
[2019.03.06-03.14.40:223][  0]LogConfig: Setting CVar [[r.Streaming.MaxEffectiveScreenSize:0]]
[2019.03.06-03.14.40:223][  0]LogConfig: Applying CVar settings from Section [EffectsQuality@3] File [C:/Users/steve/Documents/Unreal_Projects/ascendant/Saved/Config/Windows/Scalability.ini]
[2019.03.06-03.14.40:223][  0]LogConfig: Setting CVar [[r.TranslucencyLightingVolumeDim:64]]
[2019.03.06-03.14.40:223][  0]LogConfig: Setting CVar [[r.RefractionQuality:2]]
[2019.03.06-03.14.40:223][  0]LogConfig: Setting CVar [[r.SSR.Quality:3]]
[2019.03.06-03.14.40:223][  0]LogConfig: Setting CVar [[r.SceneColorFormat:4]]
[2019.03.06-03.14.40:223][  0]LogConfig: Setting CVar [[r.DetailMode:2]]
[2019.03.06-03.14.40:223][  0]LogConfig: Setting CVar [[r.TranslucencyVolumeBlur:1]]
[2019.03.06-03.14.40:223][  0]LogConfig: Setting CVar [[r.MaterialQualityLevel:1 ; High quality]]
[2019.03.06-03.14.40:223][  0]LogConfig: Setting CVar [[r.SSS.Scale:1]]
[2019.03.06-03.14.40:223][  0]LogConfig: Setting CVar [[r.SSS.SampleSet:2]]
[2019.03.06-03.14.40:223][  0]LogConfig: Setting CVar [[r.SSS.Quality:1]]
[2019.03.06-03.14.40:223][  0]LogConfig: Setting CVar [[r.SSS.HalfRes:1]]
[2019.03.06-03.14.40:223][  0]LogConfig: Setting CVar [[r.EmitterSpawnRateScale:1.0]]
[2019.03.06-03.14.40:223][  0]LogConfig: Setting CVar [[r.ParticleLightQuality:2]]
[2019.03.06-03.14.40:223][  0]LogConfig: Applying CVar settings from Section [FoliageQuality@3] File [C:/Users/steve/Documents/Unreal_Projects/ascendant/Saved/Config/Windows/Scalability.ini]
[2019.03.06-03.14.40:223][  0]LogConfig: Setting CVar [[foliage.DensityScale:1.0]]
[2019.03.06-03.14.40:223][  0]LogConfig: Setting CVar [[grass.DensityScale:1.0]]
[2019.03.06-03.14.40:223][  0]LogInit: Selected Device Profile: [Windows]
[2019.03.06-03.14.40:223][  0]LogInit: Applying CVar settings loaded from the selected device profile: [Windows]
[2019.03.06-03.14.40:234][  0]LogHAL: Display: Platform has ~ 16 GB [17086918656 / 17179869184 / 16], which maps to Larger [LargestMinGB=32, LargerMinGB=12, DefaultMinGB=8, SmallerMinGB=6, SmallestMinGB=0)
[2019.03.06-03.14.40:234][  0]LogConfig: Setting CVar [[r.Vulkan.UseRealUBs:1]]
[2019.03.06-03.14.40:234][  0]LogInit: Going up to parent DeviceProfile []
[2019.03.06-03.14.40:234][  0]LogConfig: Applying CVar settings from Section [ViewDistanceQuality@3] File [C:/Users/steve/Documents/Unreal_Projects/ascendant/Saved/Config/Windows/Scalability.ini]
[2019.03.06-03.14.40:234][  0]LogConfig: Setting CVar [[r.SkeletalMeshLODBias:0]]
[2019.03.06-03.14.40:234][  0]LogConfig: Setting CVar [[r.ViewDistanceScale:1.0]]
[2019.03.06-03.14.40:234][  0]LogConfig: Applying CVar settings from Section [AntiAliasingQuality@3] File [C:/Users/steve/Documents/Unreal_Projects/ascendant/Saved/Config/Windows/Scalability.ini]
[2019.03.06-03.14.40:234][  0]LogConfig: Setting CVar [[r.PostProcessAAQuality:4]]
[2019.03.06-03.14.40:234][  0]LogConfig: Applying CVar settings from Section [ShadowQuality@3] File [C:/Users/steve/Documents/Unreal_Projects/ascendant/Saved/Config/Windows/Scalability.ini]
[2019.03.06-03.14.40:234][  0]LogConfig: Setting CVar [[r.LightFunctionQuality:1]]
[2019.03.06-03.14.40:234][  0]LogConfig: Setting CVar [[r.ShadowQuality:5]]
[2019.03.06-03.14.40:234][  0]LogConfig: Setting CVar [[r.Shadow.CSM.MaxCascades:10]]
[2019.03.06-03.14.40:234][  0]LogConfig: Setting CVar [[r.Shadow.MaxResolution:2048]]
[2019.03.06-03.14.40:234][  0]LogConfig: Setting CVar [[r.Shadow.MaxCSMResolution:2048]]
[2019.03.06-03.14.40:234][  0]LogConfig: Setting CVar [[r.Shadow.RadiusThreshold:0.01]]
[2019.03.06-03.14.40:234][  0]LogConfig: Setting CVar [[r.Shadow.DistanceScale:1.0]]
[2019.03.06-03.14.40:234][  0]LogConfig: Setting CVar [[r.Shadow.CSM.TransitionScale:1.0]]
[2019.03.06-03.14.40:234][  0]LogConfig: Setting CVar [[r.Shadow.PreShadowResolutionFactor:1.0]]
[2019.03.06-03.14.40:234][  0]LogConfig: Setting CVar [[r.DistanceFieldShadowing:1]]
[2019.03.06-03.14.40:234][  0]LogConfig: Setting CVar [[r.DistanceFieldAO:1]]
[2019.03.06-03.14.40:234][  0]LogConfig: Setting CVar [[r.AOQuality:2]]
[2019.03.06-03.14.40:234][  0]LogConfig: Setting CVar [[r.VolumetricFog:1]]
[2019.03.06-03.14.40:234][  0]LogConfig: Setting CVar [[r.VolumetricFog.GridPixelSize:8]]
[2019.03.06-03.14.40:234][  0]LogConfig: Setting CVar [[r.VolumetricFog.GridSizeZ:128]]
[2019.03.06-03.14.40:234][  0]LogConfig: Setting CVar [[r.VolumetricFog.HistoryMissSupersampleCount:4]]
[2019.03.06-03.14.40:234][  0]LogConfig: Setting CVar [[r.LightMaxDrawDistanceScale:1]]
[2019.03.06-03.14.40:234][  0]LogConfig: Setting CVar [[r.CapsuleShadows:1]]
[2019.03.06-03.14.40:234][  0]LogConfig: Applying CVar settings from Section [PostProcessQuality@3] File [C:/Users/steve/Documents/Unreal_Projects/ascendant/Saved/Config/Windows/Scalability.ini]
[2019.03.06-03.14.40:234][  0]LogConfig: Setting CVar [[r.MotionBlurQuality:4]]
[2019.03.06-03.14.40:234][  0]LogConfig: Setting CVar [[r.AmbientOcclusionMipLevelFactor:0.4]]
[2019.03.06-03.14.40:234][  0]LogConfig: Setting CVar [[r.AmbientOcclusionMaxQuality:100]]
[2019.03.06-03.14.40:234][  0]LogConfig: Setting CVar [[r.AmbientOcclusionLevels:-1]]
[2019.03.06-03.14.40:234][  0]LogConfig: Setting CVar [[r.AmbientOcclusionRadiusScale:1.0]]
[2019.03.06-03.14.40:234][  0]LogConfig: Setting CVar [[r.DepthOfFieldQuality:2]]
[2019.03.06-03.14.40:234][  0]LogConfig: Setting CVar [[r.RenderTargetPoolMin:400]]
[2019.03.06-03.14.40:234][  0]LogConfig: Setting CVar [[r.LensFlareQuality:2]]
[2019.03.06-03.14.40:234][  0]LogConfig: Setting CVar [[r.SceneColorFringeQuality:1]]
[2019.03.06-03.14.40:234][  0]LogConfig: Setting CVar [[r.EyeAdaptationQuality:2]]
[2019.03.06-03.14.40:234][  0]LogConfig: Setting CVar [[r.BloomQuality:5]]
[2019.03.06-03.14.40:234][  0]LogConfig: Setting CVar [[r.FastBlurThreshold:100]]
[2019.03.06-03.14.40:234][  0]LogConfig: Setting CVar [[r.Upscale.Quality:3]]
[2019.03.06-03.14.40:234][  0]LogConfig: Setting CVar [[r.Tonemapper.GrainQuantization:1]]
[2019.03.06-03.14.40:234][  0]LogConfig: Setting CVar [[r.LightShaftQuality:1]]
[2019.03.06-03.14.40:234][  0]LogConfig: Setting CVar [[r.Filter.SizeScale:1]]
[2019.03.06-03.14.40:234][  0]LogConfig: Setting CVar [[r.Tonemapper.Quality:5]]
[2019.03.06-03.14.40:234][  0]LogConfig: Setting CVar [[r.DOF.Gather.AccumulatorQuality:1        ; higher gathering accumulator quality]]
[2019.03.06-03.14.40:234][  0]LogConfig: Setting CVar [[r.DOF.Gather.PostfilterMethod:1          ; Median3x3 postfilering method]]
[2019.03.06-03.14.40:234][  0]LogConfig: Setting CVar [[r.DOF.Gather.EnableBokehSettings:0       ; no bokeh simulation when gathering]]
[2019.03.06-03.14.40:234][  0]LogConfig: Setting CVar [[r.DOF.Gather.RingCount:4                 ; medium number of samples when gathering]]
[2019.03.06-03.14.40:234][  0]LogConfig: Setting CVar [[r.DOF.Scatter.ForegroundCompositing:1    ; additive foreground scattering]]
[2019.03.06-03.14.40:234][  0]LogConfig: Setting CVar [[r.DOF.Scatter.BackgroundCompositing:2    ; additive background scattering]]
[2019.03.06-03.14.40:234][  0]LogConfig: Setting CVar [[r.DOF.Scatter.EnableBokehSettings:1      ; bokeh simulation when scattering]]
[2019.03.06-03.14.40:234][  0]LogConfig: Setting CVar [[r.DOF.Scatter.MaxSpriteRatio:0.1         ; only a maximum of 10% of scattered bokeh]]
[2019.03.06-03.14.40:234][  0]LogConfig: Setting CVar [[r.DOF.Recombine.Quality:1                ; cheap slight out of focus]]
[2019.03.06-03.14.40:234][  0]LogConfig: Setting CVar [[r.DOF.Recombine.EnableBokehSettings:0    ; no bokeh simulation on slight out of focus]]
[2019.03.06-03.14.40:234][  0]LogConfig: Setting CVar [[r.DOF.TemporalAAQuality:1                ; more stable temporal accumulation]]
[2019.03.06-03.14.40:234][  0]LogConfig: Setting CVar [[r.DOF.Kernel.MaxForegroundRadius:0.025]]
[2019.03.06-03.14.40:234][  0]LogConfig: Setting CVar [[r.DOF.Kernel.MaxBackgroundRadius:0.025]]
[2019.03.06-03.14.40:234][  0]LogConfig: Applying CVar settings from Section [TextureQuality@3] File [C:/Users/steve/Documents/Unreal_Projects/ascendant/Saved/Config/Windows/Scalability.ini]
[2019.03.06-03.14.40:234][  0]LogConfig: Setting CVar [[r.Streaming.MipBias:0]]
[2019.03.06-03.14.40:234][  0]LogConfig: Setting CVar [[r.Streaming.AmortizeCPUToGPUCopy:0]]
[2019.03.06-03.14.40:234][  0]LogConfig: Setting CVar [[r.Streaming.MaxNumTexturesToStreamPerFrame:0]]
[2019.03.06-03.14.40:234][  0]LogConfig: Setting CVar [[r.Streaming.Boost:1]]
[2019.03.06-03.14.40:234][  0]LogConfig: Setting CVar [[r.MaxAnisotropy:8]]
[2019.03.06-03.14.40:234][  0]LogConfig: Setting CVar [[r.Streaming.LimitPoolSizeToVRAM:0]]
[2019.03.06-03.14.40:234][  0]LogConfig: Setting CVar [[r.Streaming.PoolSize:1000]]
[2019.03.06-03.14.40:234][  0]LogConfig: Setting CVar [[r.Streaming.MaxEffectiveScreenSize:0]]
[2019.03.06-03.14.40:234][  0]LogConfig: Applying CVar settings from Section [EffectsQuality@3] File [C:/Users/steve/Documents/Unreal_Projects/ascendant/Saved/Config/Windows/Scalability.ini]
[2019.03.06-03.14.40:234][  0]LogConfig: Setting CVar [[r.TranslucencyLightingVolumeDim:64]]
[2019.03.06-03.14.40:234][  0]LogConfig: Setting CVar [[r.RefractionQuality:2]]
[2019.03.06-03.14.40:234][  0]LogConfig: Setting CVar [[r.SSR.Quality:3]]
[2019.03.06-03.14.40:234][  0]LogConfig: Setting CVar [[r.SceneColorFormat:4]]
[2019.03.06-03.14.40:234][  0]LogConfig: Setting CVar [[r.DetailMode:2]]
[2019.03.06-03.14.40:234][  0]LogConfig: Setting CVar [[r.TranslucencyVolumeBlur:1]]
[2019.03.06-03.14.40:234][  0]LogConfig: Setting CVar [[r.MaterialQualityLevel:1 ; High quality]]
[2019.03.06-03.14.40:234][  0]LogConfig: Setting CVar [[r.SSS.Scale:1]]
[2019.03.06-03.14.40:234][  0]LogConfig: Setting CVar [[r.SSS.SampleSet:2]]
[2019.03.06-03.14.40:234][  0]LogConfig: Setting CVar [[r.SSS.Quality:1]]
[2019.03.06-03.14.40:234][  0]LogConfig: Setting CVar [[r.SSS.HalfRes:1]]
[2019.03.06-03.14.40:234][  0]LogConfig: Setting CVar [[r.EmitterSpawnRateScale:1.0]]
[2019.03.06-03.14.40:235][  0]LogConfig: Setting CVar [[r.ParticleLightQuality:2]]
[2019.03.06-03.14.40:235][  0]LogConfig: Applying CVar settings from Section [FoliageQuality@3] File [C:/Users/steve/Documents/Unreal_Projects/ascendant/Saved/Config/Windows/Scalability.ini]
[2019.03.06-03.14.40:235][  0]LogConfig: Setting CVar [[foliage.DensityScale:1.0]]
[2019.03.06-03.14.40:235][  0]LogConfig: Setting CVar [[grass.DensityScale:1.0]]
[2019.03.06-03.14.40:235][  0]LogConfig: Applying CVar settings from Section [Startup] File [../../../Engine/Config/ConsoleVariables.ini]
[2019.03.06-03.14.40:235][  0]LogConfig: Setting CVar [[net.UseAdaptiveNetUpdateFrequency:0]]
[2019.03.06-03.14.40:235][  0]LogConfig: Applying CVar settings from Section [ConsoleVariables] File [C:/Users/steve/Documents/Unreal_Projects/ascendant/Saved/Config/Windows/Engine.ini]
[2019.03.06-03.14.40:235][  0]LogInit: Computer: DESKTOP-ULHBJ6Q
[2019.03.06-03.14.40:235][  0]LogInit: User: steve
[2019.03.06-03.14.40:235][  0]LogInit: CPU Page size=4096, Cores=8
[2019.03.06-03.14.40:235][  0]LogInit: High frequency timer resolution =10.000000 MHz
[2019.03.06-03.14.40:235][  0]LogMemory: Memory total: Physical=15.9GB (16GB approx)
[2019.03.06-03.14.40:235][  0]LogMemory: Platform Memory Stats for Windows
[2019.03.06-03.14.40:235][  0]LogMemory: Process Physical Memory: 103.57 MB used, 103.58 MB peak
[2019.03.06-03.14.40:235][  0]LogMemory: Process Virtual Memory: 96.91 MB used, 96.91 MB peak
[2019.03.06-03.14.40:235][  0]LogMemory: Physical Memory: 6527.75 MB used,  9767.60 MB free, 16295.36 MB total
[2019.03.06-03.14.40:235][  0]LogMemory: Virtual Memory: 4659.53 MB used,  134213072.00 MB free, 134217728.00 MB total
[2019.03.06-03.14.40:246][  0]LogInit: Using OS detected language (en-US).
[2019.03.06-03.14.40:246][  0]LogInit: Using OS detected locale (en-US).
[2019.03.06-03.14.40:247][  0]LogTextLocalizationManager: No specific localization for 'en-US' exists, so the 'en' localization will be used.
[2019.03.06-03.14.40:510][  0]LogStreaming: Display: Took  0.264s to InitEngineTextLocalization.
[2019.03.06-03.14.40:510][  0]LogInit: Setting process to per monitor DPI aware
[2019.03.06-03.14.40:534][  0]LogSlate: New Slate User Created.  User Index 0, Is Virtual User: 0
[2019.03.06-03.14.40:534][  0]LogSlate: Slate User Registered.  User Index 0, Is Virtual User: 0
[2019.03.06-03.14.40:651][  0]LogHMD: Failed to initialize OpenVR with code 110
[2019.03.06-03.14.40:651][  0]LogD3D11RHI: D3D11 adapters:
[2019.03.06-03.14.40:701][  0]LogD3D11RHI:    0. 'NVIDIA GeForce GTX 1070 Ti' (Feature Level 11_0)
[2019.03.06-03.14.40:701][  0]LogD3D11RHI:       8080/0/8147 MB DedicatedVideo/DedicatedSystem/SharedSystem, Outputs:1, VendorId:0x10de
[2019.03.06-03.14.40:702][  0]LogD3D11RHI:    1. 'Microsoft Basic Render Driver' (Feature Level 11_0)
[2019.03.06-03.14.40:702][  0]LogD3D11RHI:       0/0/8147 MB DedicatedVideo/DedicatedSystem/SharedSystem, Outputs:0, VendorId:0x1414
[2019.03.06-03.14.40:702][  0]LogD3D11RHI: Chosen D3D11 Adapter: 0
[2019.03.06-03.14.40:708][  0]LogD3D11RHI: Creating new Direct3DDevice
[2019.03.06-03.14.40:708][  0]LogD3D11RHI:     GPU DeviceId: 0x1b82 (for the marketing name, search the web for "GPU Device Id")
[2019.03.06-03.14.40:708][  0]LogWindows: EnumDisplayDevices:
[2019.03.06-03.14.40:708][  0]LogWindows:    0. 'NVIDIA GeForce GTX 1070 Ti' (P:1 D:1)
[2019.03.06-03.14.40:708][  0]LogWindows:    1. 'NVIDIA GeForce GTX 1070 Ti' (P:0 D:0)
[2019.03.06-03.14.40:708][  0]LogWindows:    2. 'NVIDIA GeForce GTX 1070 Ti' (P:0 D:0)
[2019.03.06-03.14.40:708][  0]LogWindows:    3. 'NVIDIA GeForce GTX 1070 Ti' (P:0 D:0)
[2019.03.06-03.14.40:708][  0]LogWindows: DebugString: FoundDriverCount:4 
[2019.03.06-03.14.40:708][  0]LogD3D11RHI:     Adapter Name: NVIDIA GeForce GTX 1070 Ti
[2019.03.06-03.14.40:708][  0]LogD3D11RHI:   Driver Version: 419.17 (internal:25.21.14.1917, unified:419.17)
[2019.03.06-03.14.40:708][  0]LogD3D11RHI:      Driver Date: 2-20-2019
[2019.03.06-03.14.40:708][  0]LogRHI: Texture pool is 5656 MB (70% of 8080 MB)
[2019.03.06-03.14.40:736][  0]LogD3D11RHI: Async texture creation enabled
[2019.03.06-03.14.40:760][  0]LogD3D11RHI: GPU Timing Frequency: 1000.000000 (Debug: 2 1)
[2019.03.06-03.14.40:985][  0]LogTemp: Display: Loaded TP AllDesktopTargetPlatform
[2019.03.06-03.14.40:994][  0]LogTemp: Display: Loaded TP MacClientTargetPlatform
[2019.03.06-03.14.41:003][  0]LogTemp: Display: Loaded TP MacNoEditorTargetPlatform
[2019.03.06-03.14.41:013][  0]LogTemp: Display: Loaded TP MacServerTargetPlatform
[2019.03.06-03.14.41:022][  0]LogTemp: Display: Loaded TP MacTargetPlatform
[2019.03.06-03.14.41:031][  0]LogTemp: Display: Loaded TP WindowsClientTargetPlatform
[2019.03.06-03.14.41:040][  0]LogTemp: Display: Loaded TP WindowsNoEditorTargetPlatform
[2019.03.06-03.14.41:050][  0]LogTemp: Display: Loaded TP WindowsServerTargetPlatform
[2019.03.06-03.14.41:054][  0]LogTemp: Display: Loaded TP WindowsTargetPlatform
[2019.03.06-03.14.41:106][  0]LogTemp: Display: Loaded TP AndroidTargetPlatform
[2019.03.06-03.14.41:106][  0]LogTemp: Display: Loaded TP AndroidTargetPlatform
[2019.03.06-03.14.41:106][  0]LogTemp: Display: Loaded TP AndroidTargetPlatform
[2019.03.06-03.14.41:106][  0]LogTemp: Display: Loaded TP AndroidTargetPlatform
[2019.03.06-03.14.41:106][  0]LogTemp: Display: Loaded TP AndroidTargetPlatform
[2019.03.06-03.14.41:106][  0]LogTemp: Display: Loaded TP AndroidTargetPlatform
[2019.03.06-03.14.41:106][  0]LogTemp: Display: Loaded TP AndroidTargetPlatform
[2019.03.06-03.14.41:106][  0]LogTemp: Display: Loaded TP AndroidTargetPlatform
[2019.03.06-03.14.41:106][  0]LogTemp: Display: Loaded TP AndroidTargetPlatform
[2019.03.06-03.14.41:106][  0]LogTemp: Display: Loaded TP AndroidTargetPlatform
[2019.03.06-03.14.41:106][  0]LogTemp: Display: Loaded TP AndroidTargetPlatform
[2019.03.06-03.14.41:106][  0]LogTemp: Display: Loaded TP AndroidTargetPlatform
[2019.03.06-03.14.41:106][  0]LogTemp: Display: Loaded TP AndroidTargetPlatform
[2019.03.06-03.14.41:106][  0]LogTemp: Display: Loaded TP AndroidTargetPlatform
[2019.03.06-03.14.41:106][  0]LogTemp: Display: Loaded TP AndroidTargetPlatform
[2019.03.06-03.14.41:106][  0]LogTemp: Display: Loaded TP AndroidTargetPlatform
[2019.03.06-03.14.41:106][  0]LogTemp: Display: Loaded TP AndroidTargetPlatform
[2019.03.06-03.14.41:106][  0]LogTemp: Display: Loaded TP AndroidTargetPlatform
[2019.03.06-03.14.41:107][  0]LogTemp: Display: Loaded TP HTML5TargetPlatform
[2019.03.06-03.14.41:158][  0]LogTemp: Display: Loaded TP IOSTargetPlatform
[2019.03.06-03.14.41:158][  0]LogTemp: Display: Loaded TP IOSTargetPlatform
[2019.03.06-03.14.41:175][  0]LogTemp: Display: Loaded TP TVOSTargetPlatform
[2019.03.06-03.14.41:175][  0]LogTemp: Display: Loaded TP TVOSTargetPlatform
[2019.03.06-03.14.41:184][  0]LogTemp: Display: Loaded TP LinuxClientTargetPlatform
[2019.03.06-03.14.41:192][  0]LogTemp: Display: Loaded TP LinuxNoEditorTargetPlatform
[2019.03.06-03.14.41:201][  0]LogTemp: Display: Loaded TP LinuxServerTargetPlatform
[2019.03.06-03.14.41:210][  0]LogTemp: Display: Loaded TP LinuxTargetPlatform
[2019.03.06-03.14.41:242][  0]LogTemp: Display: Loaded TP LuminTargetPlatform
[2019.03.06-03.14.41:242][  0]LogTemp: Display: Loaded TP LuminTargetPlatform
[2019.03.06-03.14.41:243][  0]LogTargetPlatformManager: Display: Building Assets For Windows
[2019.03.06-03.14.41:278][  0]LogShaderCompilers: Guid format shader working directory is -20 characters bigger than the processId version (../../../../../../Users/steve/Documents/Unreal_Projects/ascendant/Intermediate/Shaders/WorkingDirectory/11772/).
[2019.03.06-03.14.41:278][  0]LogShaderCompilers: Cleaned the shader compiler working directory 'C:/Users/steve/AppData/Local/Temp/UnrealShaderWorkingDir/B3CD11A849B63C5951706C8611191DF2/'.
[2019.03.06-03.14.41:279][  0]LogXGEController: Cannot use XGE Controller as Incredibuild is not installed on this machine.
[2019.03.06-03.14.41:279][  0]LogShaderCompilers: Cannot use XGE Shader Compiler as Incredibuild is not installed on this machine.
[2019.03.06-03.14.41:279][  0]LogShaderCompilers: Display: Using Local Shader Compiler.
[2019.03.06-03.14.41:649][  0]LogDerivedDataCache: Display: Max Cache Size: 512 MB
[2019.03.06-03.14.41:685][  0]LogDerivedDataCache: Loaded boot cache 0.04s 71MB C:/Users/steve/AppData/Local/UnrealEngine/4.21/DerivedDataCache/Boot.ddc.
[2019.03.06-03.14.41:685][  0]LogDerivedDataCache: Display: Loaded Boot cache: C:/Users/steve/AppData/Local/UnrealEngine/4.21/DerivedDataCache/Boot.ddc
[2019.03.06-03.14.41:685][  0]LogDerivedDataCache: FDerivedDataBackendGraph:  Pak pak cache file ../../../../../../Users/steve/Documents/Unreal_Projects/ascendant/DerivedDataCache/DDC.ddp not found, will not use a pak cache.
[2019.03.06-03.14.41:685][  0]LogDerivedDataCache: Unable to find inner node Pak for hierarchical cache Hierarchy.
[2019.03.06-03.14.41:685][  0]LogDerivedDataCache: FDerivedDataBackendGraph:  CompressedPak pak cache file ../../../../../../Users/steve/Documents/Unreal_Projects/ascendant/DerivedDataCache/Compressed.ddp not found, will not use a pak cache.
[2019.03.06-03.14.41:685][  0]LogDerivedDataCache: Unable to find inner node CompressedPak for hierarchical cache Hierarchy.
[2019.03.06-03.14.41:695][  0]LogDerivedDataCache: Display: Pak cache opened for reading ../../../Engine/DerivedDataCache/Compressed.ddp.
[2019.03.06-03.14.41:695][  0]LogDerivedDataCache: FDerivedDataBackendGraph:  EnterprisePak pak cache file ../../../Enterprise/DerivedDataCache/Compressed.ddp not found, will not use a pak cache.
[2019.03.06-03.14.41:695][  0]LogDerivedDataCache: Unable to find inner node EnterprisePak for hierarchical cache Hierarchy.
[2019.03.06-03.14.41:707][  0]LogDerivedDataCache: Using Local data cache path C:/Users/steve/AppData/Local/UnrealEngine/Common/DerivedDataCache: Writable
[2019.03.06-03.14.41:707][  0]LogDerivedDataCache: Shared data cache path not found in *engine.ini, will not use an Shared cache.
[2019.03.06-03.14.41:707][  0]LogDerivedDataCache: Unable to find inner node Shared for hierarchical cache Hierarchy.
[2019.03.06-03.14.41:722][  0]LogMaterial: Verifying Global Shaders for PCD3D_SM5
[2019.03.06-03.14.41:723][  0]LogSlate: Using FreeType 2.6.0
[2019.03.06-03.14.41:723][  0]LogSlate: SlateFontServices - WITH_FREETYPE: 1, WITH_HARFBUZZ: 1
[2019.03.06-03.14.41:788][  0]LogAssetRegistry: FAssetRegistry took 0.0300 seconds to start up
[2019.03.06-03.14.42:000][  0]LogInit: Selected Device Profile: [Windows]
[2019.03.06-03.14.42:104][  0]LogSimplygon: Simplygon DLL not present - disabling.
[2019.03.06-03.14.42:106][  0]LogMeshReduction: Using SimplygonSwarm for distributed automatic mesh merging
[2019.03.06-03.14.42:106][  0]LogMeshReduction: Using ProxyLODMeshReduction for automatic mesh merging
[2019.03.06-03.14.42:106][  0]LogMeshReduction: Using QuadricMeshReduction for automatic static mesh reduction
[2019.03.06-03.14.42:106][  0]LogMeshReduction: No automatic skeletal mesh reduction module available
[2019.03.06-03.14.42:115][  0]LogNetVersion: sidescroller 1.0.0, NetCL: 4541578, EngineNetVer: 5, GameNetVer: 0 (Checksum: 3708659865)
[2019.03.06-03.14.42:493][  0]LogPackageLocalizationCache: Processed 11 localized package path(s) for 2 prioritized culture(s) in 0.073270 seconds
[2019.03.06-03.14.42:498][  0]LogUObjectArray: 39775 objects as part of root set at end of initial load.
[2019.03.06-03.14.42:498][  0]LogUObjectAllocator: 6914664 out of 0 bytes used by permanent object pool.
[2019.03.06-03.14.42:498][  0]LogUObjectArray: CloseDisregardForGC: 0/0 objects in disregard for GC pool
[2019.03.06-03.14.43:091][  0]LogTcpMessaging: Initializing TcpMessaging bridge
[2019.03.06-03.14.43:103][  0]LogUdpMessaging: Initializing bridge on interface 0.0.0.0:0 to multicast group 230.0.0.1:6666.
[2019.03.06-03.14.43:577][  0]SourceControl: Source control is disabled
[2019.03.06-03.14.43:577][  0]SourceControl: Source control is disabled
[2019.03.06-03.14.43:577][  0]SourceControl: Source control is disabled
[2019.03.06-03.14.43:578][  0]SourceControl: Source control is disabled
[2019.03.06-03.14.43:712][  0]LogAndroidPermission: UAndroidPermissionCallbackProxy::GetInstance
[2019.03.06-03.14.43:747][  0]LogOcInput: OculusInput pre-init called
[2019.03.06-03.14.43:862][  0]LogEngine: Initializing Engine...
[2019.03.06-03.14.43:862][  0]LogHMD: Failed to initialize OpenVR with code 110
[2019.03.06-03.14.43:863][  0]LogStats: UGameplayTagsManager::ConstructGameplayTagTree: ImportINI prefixes -  0.000 s
[2019.03.06-03.14.43:863][  0]LogStats: UGameplayTagsManager::ConstructGameplayTagTree: Construct from data asset -  0.000 s
[2019.03.06-03.14.43:863][  0]LogStats: UGameplayTagsManager::ConstructGameplayTagTree: ImportINI -  0.000 s
[2019.03.06-03.14.43:863][  0]LogStats: UGameplayTagsManager::ConstructGameplayTagTree: GameplayTagTreeChangedEvent.Broadcast -  0.000 s
[2019.03.06-03.14.44:024][  0]LogInit: Initializing FReadOnlyCVARCache
[2019.03.06-03.14.44:033][  0]LogAIModule: Creating AISystem for world Untitled
[2019.03.06-03.14.44:079][  0]LogInit: XAudio2 using 'ASUS VN289 (NVIDIA High Definition Audio)' : 2 channels at 48 kHz using 16 bits per sample (channel mask 0x3)
[2019.03.06-03.14.44:099][  0]LogInit: FAudioDevice initialized.
[2019.03.06-03.14.44:100][  0]LogNetVersion: Set ProjectVersion to 1.0.0.0. Version Checksum will be recalculated on next use.
[2019.03.06-03.14.44:133][  0]LogDerivedDataCache: Saved boot cache 0.03s 71MB C:/Users/steve/AppData/Local/UnrealEngine/4.21/DerivedDataCache/Boot.ddc.
[2019.03.06-03.14.44:140][  0]LogInit: Texture streaming: Enabled
[2019.03.06-03.14.44:152][  0]LogEngineSessionManager: EngineSessionManager initialized
[2019.03.06-03.14.44:161][  0]LogInit: Transaction tracking system initialized
[2019.03.06-03.14.44:176][  0]BlueprintLog: New page: Editor Load
[2019.03.06-03.14.44:225][  0]LocalizationService: Localization service is disabled
[2019.03.06-03.14.44:573][  0]LogFileCache: Scanning file cache for directory 'C:/Users/steve/Documents/Unreal_Projects/ascendant/Content/' took 0.02s
[2019.03.06-03.14.44:573][  0]LogCook: Display: Max memory allowance for cook 16384mb min free memory 0mb
[2019.03.06-03.14.44:573][  0]LogCook: Display: Mobile HDR setting 1
[2019.03.06-03.14.44:573][  0]LogGameplayTags: Display: UGameplayTagsManager::DoneAddingNativeTags. DelegateIsBound: 0
[2019.03.06-03.14.44:573][  0]LogStats: UGameplayTagsManager::ConstructGameplayTagTree: ImportINI prefixes -  0.000 s
[2019.03.06-03.14.44:573][  0]LogStats: UGameplayTagsManager::ConstructGameplayTagTree: Construct from data asset -  0.000 s
[2019.03.06-03.14.44:573][  0]LogStats: UGameplayTagsManager::ConstructGameplayTagTree: ImportINI -  0.000 s
[2019.03.06-03.14.44:573][  0]LogStats: UGameplayTagsManager::ConstructGameplayTagTree: GameplayTagTreeChangedEvent.Broadcast -  0.000 s
[2019.03.06-03.14.44:657][  0]SourceControl: Source control is disabled
[2019.03.06-03.14.44:657][  0]Cmd: MAP LOAD FILE="../../../../../../Users/steve/Documents/Unreal_Projects/ascendant/Content/2DSideScrollerBP/Maps/2DSideScrollerExampleMap.umap" TEMPLATE=0 SHOWPROGRESS=1 FEATURELEVEL=3
[2019.03.06-03.14.44:660][  0]LightingResults: New page: Lighting Build
[2019.03.06-03.14.44:662][  0]MapCheck: New page: Map Check
[2019.03.06-03.14.44:662][  0]LightingResults: New page: Lighting Build
[2019.03.06-03.14.46:024][  0]LogTexture: Display: Building textures: sprite_6 (BGRA8, 725X725)
[2019.03.06-03.14.46:024][  0]LogTexture: Display: Building textures: sprite_5 (BGRA8, 725X725)
[2019.03.06-03.14.46:024][  0]LogTexture: Display: Building textures: sprite_4 (BGRA8, 725X725)
[2019.03.06-03.14.46:024][  0]LogTexture: Display: Building textures: sprite_3 (BGRA8, 725X725)
[2019.03.06-03.14.46:024][  0]LogTexture: Display: Building textures: sprite_2 (BGRA8, 725X725)
[2019.03.06-03.14.46:024][  0]LogTexture: Display: Building textures: sprite_1 (BGRA8, 725X725)
[2019.03.06-03.14.46:024][  0]LogTexture: Display: Building textures: sprite_0 (BGRA8, 725X725)
[2019.03.06-03.14.46:124][  0]LogAIModule: Creating AISystem for world 2DSideScrollerExampleMap
[2019.03.06-03.14.46:129][  0]LogEditorServer: Finished looking for orphan Actors (0.000 secs)
[2019.03.06-03.14.46:154][  0]Cmd: MAP CHECKDEP NOCLEARLOG
[2019.03.06-03.14.46:154][  0]MapCheck: Map check complete: 0 Error(s), 0 Warning(s), took 0.09ms to complete.
[2019.03.06-03.14.46:154][  0]LogFileHelpers: Loading map '2DSideScrollerExampleMap' took 1.497
[2019.03.06-03.14.46:236][  0]LogSlate: Updating window title bar state: overlay mode, drag disabled, window buttons hidden, title bar hidden
[2019.03.06-03.14.46:241][  0]LogSlate: Updating window title bar state: overlay mode, drag disabled, window buttons hidden, title bar hidden
[2019.03.06-03.14.46:245][  0]LogSlate: Updating window title bar state: overlay mode, drag disabled, window buttons hidden, title bar hidden
[2019.03.06-03.14.46:251][  0]LogSlate: Updating window title bar state: overlay mode, drag disabled, window buttons hidden, title bar hidden
[2019.03.06-03.14.46:257][  0]LogCollectionManager: Loaded 0 collections in 0.001204 seconds
[2019.03.06-03.14.46:271][  0]LogFileCache: Scanning file cache for directory 'C:/Users/steve/Documents/Unreal_Projects/ascendant/Saved/Collections/' took 0.01s
[2019.03.06-03.14.46:271][  0]LogFileCache: Scanning file cache for directory 'C:/Users/steve/Documents/Unreal_Projects/ascendant/Content/Developers/steve/Collections/' took 0.00s
[2019.03.06-03.14.46:271][  0]LogFileCache: Scanning file cache for directory 'C:/Users/steve/Documents/Unreal_Projects/ascendant/Content/Collections/' took 0.00s
[2019.03.06-03.14.46:271][  0]LogCollectionManager: Rebuilt the GUID cache for 0 collections in 0.000000 seconds
[2019.03.06-03.14.46:277][  0]LogContentBrowser: Native class hierarchy populated in 0.0061 seconds. Added 2651 classes and 620 folders.
[2019.03.06-03.14.46:282][  0]LogContentBrowser: Native class hierarchy updated for 'WidgetCarousel' in 0.0002 seconds. Added 0 classes and 0 folders.
[2019.03.06-03.14.46:286][  0]LogPakFile: Registered encryption key '00000000000000000000000000000000': 0 pak files mounted, 0 remain pending
[2019.03.06-03.14.46:291][  0]LogPakFile: Registered encryption key '00000000000000000000000000000000': 0 pak files mounted, 0 remain pending
[2019.03.06-03.14.46:305][  0]LogPakFile: Registered encryption key '00000000000000000000000000000000': 0 pak files mounted, 0 remain pending
[2019.03.06-03.14.46:308][  0]LogPakFile: Registered encryption key '00000000000000000000000000000000': 0 pak files mounted, 0 remain pending
[2019.03.06-03.14.46:311][  0]LogPakFile: Registered encryption key '00000000000000000000000000000000': 0 pak files mounted, 0 remain pending
[2019.03.06-03.14.46:314][  0]LogPakFile: Registered encryption key '00000000000000000000000000000000': 0 pak files mounted, 0 remain pending
[2019.03.06-03.14.46:317][  0]LogPakFile: Registered encryption key '00000000000000000000000000000000': 0 pak files mounted, 0 remain pending
[2019.03.06-03.14.46:320][  0]LogPakFile: Registered encryption key '00000000000000000000000000000000': 0 pak files mounted, 0 remain pending
[2019.03.06-03.14.46:323][  0]LogPakFile: Registered encryption key '00000000000000000000000000000000': 0 pak files mounted, 0 remain pending
[2019.03.06-03.14.46:327][  0]LogPakFile: Registered encryption key '00000000000000000000000000000000': 0 pak files mounted, 0 remain pending
[2019.03.06-03.14.46:330][  0]LogPakFile: Registered encryption key '00000000000000000000000000000000': 0 pak files mounted, 0 remain pending
[2019.03.06-03.14.46:332][  0]LogPakFile: Registered encryption key '00000000000000000000000000000000': 0 pak files mounted, 0 remain pending
[2019.03.06-03.14.46:336][  0]LogPakFile: Registered encryption key '00000000000000000000000000000000': 0 pak files mounted, 0 remain pending
[2019.03.06-03.14.46:339][  0]LogPakFile: Registered encryption key '00000000000000000000000000000000': 0 pak files mounted, 0 remain pending
[2019.03.06-03.14.46:341][  0]LogPakFile: Registered encryption key '00000000000000000000000000000000': 0 pak files mounted, 0 remain pending
[2019.03.06-03.14.46:344][  0]LogPakFile: Registered encryption key '00000000000000000000000000000000': 0 pak files mounted, 0 remain pending
[2019.03.06-03.14.46:367][  0]LogPakFile: Registered encryption key '00000000000000000000000000000000': 0 pak files mounted, 0 remain pending
[2019.03.06-03.14.46:370][  0]LogPakFile: Registered encryption key '00000000000000000000000000000000': 0 pak files mounted, 0 remain pending
[2019.03.06-03.14.46:373][  0]LogPakFile: Registered encryption key '00000000000000000000000000000000': 0 pak files mounted, 0 remain pending
[2019.03.06-03.14.46:376][  0]LogPakFile: Registered encryption key '00000000000000000000000000000000': 0 pak files mounted, 0 remain pending
[2019.03.06-03.14.46:406][  0]LogPakFile: Registered encryption key '00000000000000000000000000000000': 0 pak files mounted, 0 remain pending
[2019.03.06-03.14.46:408][  0]LogPakFile: Registered encryption key '00000000000000000000000000000000': 0 pak files mounted, 0 remain pending
[2019.03.06-03.14.46:411][  0]LogPakFile: Registered encryption key '00000000000000000000000000000000': 0 pak files mounted, 0 remain pending
[2019.03.06-03.14.46:414][  0]LogPakFile: Registered encryption key '00000000000000000000000000000000': 0 pak files mounted, 0 remain pending
[2019.03.06-03.14.46:418][  0]LogPakFile: Registered encryption key '00000000000000000000000000000000': 0 pak files mounted, 0 remain pending
[2019.03.06-03.14.46:420][  0]LogPakFile: Registered encryption key '00000000000000000000000000000000': 0 pak files mounted, 0 remain pending
[2019.03.06-03.14.46:496][  0]LogContentBrowser: Native class hierarchy updated for 'AddContentDialog' in 0.0002 seconds. Added 0 classes and 0 folders.
[2019.03.06-03.14.46:499][  0]LogContentBrowser: Native class hierarchy updated for 'SceneOutliner' in 0.0002 seconds. Added 1 classes and 2 folders.
[2019.03.06-03.14.46:555][  0]LogSlate: Took 0.000122 seconds to synchronously load lazily loaded font '../../../Engine/Content/Slate/Fonts/Roboto-Regular.ttf' (155K)
[2019.03.06-03.14.46:557][  0]LogSlate: Took 0.000109 seconds to synchronously load lazily loaded font '../../../Engine/Content/Slate/Fonts/Roboto-Bold.ttf' (160K)
[2019.03.06-03.14.46:563][  0]LogSlate: Took 0.003077 seconds to synchronously load lazily loaded font '../../../Engine/Content/Editor/Slate/Fonts/FontAwesome.ttf' (139K)
[2019.03.06-03.14.46:644][  0]LogRenderer: Reallocating scene render targets to support 1208x640 Format 10 NumSamples 1 (Frame:1).
[2019.03.06-03.14.46:763][  0]LogContentBrowser: Native class hierarchy updated for 'HierarchicalLODOutliner' in 0.0002 seconds. Added 0 classes and 0 folders.
[2019.03.06-03.14.46:763][  0]LogLoad: (Engine Initialization) Total time: 7.84 seconds
[2019.03.06-03.14.46:763][  0]LogLoad: (Engine Initialization) Total Blueprint compile time: 0.00 seconds
[2019.03.06-03.14.46:805][  0]LogContentStreaming: Texture pool size now 1000 MB
[2019.03.06-03.14.46:877][  0]LogSlate: Took 0.002649 seconds to synchronously load lazily loaded font '../../../Engine/Content/Slate/Fonts/Roboto-Light.ttf' (167K)
[2019.03.06-03.14.47:794][ 82]LogSlate: Took 0.000109 seconds to synchronously load lazily loaded font '../../../Engine/Content/Slate/Fonts/Roboto-Light.ttf' (167K)
[2019.03.06-03.14.48:552][173]LogAssetRegistry: Asset discovery search completed in 6.7861 seconds
[2019.03.06-03.14.48:554][173]LogCollectionManager: Rebuilt the object cache for 0 collections in 0.000000 seconds (found 0 objects)
[2019.03.06-03.14.48:554][173]LogCollectionManager: Fixed up redirectors for 0 collections in 0.000031 seconds (updated 0 objects)
[2019.03.06-03.14.53:030][708]LogSlate: FSceneViewport::OnFocusLost() reason 2
[2019.03.06-03.14.53:808][801]LogSlate: FSceneViewport::OnFocusLost() reason 2
[2019.03.06-03.14.55:968][ 57]Cmd: MAP LOAD FILE="../../../../../../Users/steve/Documents/Unreal_Projects/ascendant/Content/ascendant.umap" TEMPLATE=0 SHOWPROGRESS=1 FEATURELEVEL=3
[2019.03.06-03.14.55:977][ 57]LightingResults: New page: Lighting Build
[2019.03.06-03.14.55:978][ 57]LoadErrors: New page: Loading map: ascendant.umap
[2019.03.06-03.14.55:979][ 57]MapCheck: New page: Map Check
[2019.03.06-03.14.55:979][ 57]LightingResults: New page: Lighting Build
[2019.03.06-03.14.56:043][ 57]LogAIModule: Creating AISystem for world ascendant
[2019.03.06-03.14.56:110][ 57]LogEditorServer: Finished looking for orphan Actors (0.000 secs)
[2019.03.06-03.14.56:162][ 57]Cmd: MAP CHECKDEP NOCLEARLOG
[2019.03.06-03.14.56:162][ 57]MapCheck: Map check complete: 0 Error(s), 0 Warning(s), took 0.093ms to complete.
[2019.03.06-03.14.56:162][ 57]LogFileHelpers: Loading map 'ascendant' took 0.195
[2019.03.06-03.14.56:163][ 57]LogSlate: Window 'Open Level' being destroyed
[2019.03.06-03.14.58:485][333]LogSlate: FSceneViewport::OnFocusLost() reason 0
[2019.03.06-03.14.58:568][343]LogTemp: Repeating last play command: Selected Viewport
[2019.03.06-03.14.58:584][343]LogBlueprintUserMessages: Early PlayInEditor Detection: Level '/Game/ascendant.ascendant:PersistentLevel' has LevelScriptBlueprint '/Game/ascendant.ascendant:PersistentLevel.ascendant' with GeneratedClass '/Game/ascendant.ascendant_C' with ClassGeneratedBy '/Game/ascendant.ascendant:PersistentLevel.ascendant'
[2019.03.06-03.14.58:584][343]LogPlayLevel: PlayLevel: No blueprints needed recompiling
[2019.03.06-03.14.58:584][343]PIE: New page: PIE session: ascendant (Mar 5, 2019, 11:14:58 AM)
[2019.03.06-03.14.58:596][343]LogPlayLevel: Creating play world package: /Game/UEDPIE_0_ascendant
[2019.03.06-03.14.58:598][343]LogPlayLevel: PIE: StaticDuplicateObject took: (0.002120s)
[2019.03.06-03.14.58:599][343]LogAIModule: Creating AISystem for world ascendant
[2019.03.06-03.14.58:599][343]LogPlayLevel: PIE: World Init took: (0.000406s)
[2019.03.06-03.14.58:599][343]LogPlayLevel: PIE: Created PIE world by copying editor world from /Game/ascendant.ascendant to /Game/UEDPIE_0_ascendant.ascendant (0.002700s)
[2019.03.06-03.14.58:623][343]LogInit: XAudio2 using 'ASUS VN289 (NVIDIA High Definition Audio)' : 2 channels at 48 kHz using 16 bits per sample (channel mask 0x3)
[2019.03.06-03.14.58:630][343]LogInit: FAudioDevice initialized.
[2019.03.06-03.14.58:673][343]LogLoad: Game class is '2DSideScrollerGameMode_C'
[2019.03.06-03.14.58:674][343]LogWorld: Bringing World /Game/UEDPIE_0_ascendant.ascendant up for play (max tick rate 0) at 2019.03.05-19.14.58
[2019.03.06-03.14.58:674][343]LogWorld: Bringing up level for play took: 0.000771
[2019.03.06-03.14.58:689][343]LogContentBrowser: Native class hierarchy updated for 'MovieSceneCapture' in 0.0002 seconds. Added 20 classes and 0 folders.
[2019.03.06-03.14.58:689][343]LogBlueprintUserMessages: [2DSideScrollerGameMode_C_0] Hello
[2019.03.06-03.14.58:691][343]PIE: Play in editor start time for /Game/UEDPIE_0_ascendant -0.373
[2019.03.06-03.14.58:691][343]LogBlueprintUserMessages: Late PlayInEditor Detection: Level '/Game/ascendant.ascendant:PersistentLevel' has LevelScriptBlueprint '/Game/ascendant.ascendant:PersistentLevel.ascendant' with GeneratedClass '/Game/ascendant.ascendant_C' with ClassGeneratedBy '/Game/ascendant.ascendant:PersistentLevel.ascendant'
[2019.03.06-03.15.06:063][227]LogBlueprintUserMessages: [2DSideScrollerGameMode_C_0] second
[2019.03.06-03.15.06:063][227]LogBlueprintUserMessages: [2DSideScrollerGameMode_C_0] Hello
[2019.03.06-03.15.06:587][290]LogSlate: FSceneViewport::OnFocusLost() reason 0
[2019.03.06-03.15.06:696][303]LogBlueprintUserMessages: Early EndPlayMap Detection: Level '/Game/ascendant.ascendant:PersistentLevel' has LevelScriptBlueprint '/Game/ascendant.ascendant:PersistentLevel.ascendant' with GeneratedClass '/Game/ascendant.ascendant_C' with ClassGeneratedBy '/Game/ascendant.ascendant:PersistentLevel.ascendant'
[2019.03.06-03.15.06:696][303]LogSlate: Updating window title bar state: overlay mode, drag disabled, window buttons hidden, title bar hidden
[2019.03.06-03.15.06:726][303]LogPlayLevel: Display: Shutting down PIE online subsystems
[2019.03.06-03.15.06:726][303]LogBlueprintUserMessages: Late EndPlayMap Detection: Level '/Game/ascendant.ascendant:PersistentLevel' has LevelScriptBlueprint '/Game/ascendant.ascendant:PersistentLevel.ascendant' with GeneratedClass '/Game/ascendant.ascendant_C' with ClassGeneratedBy '/Game/ascendant.ascendant:PersistentLevel.ascendant'
[2019.03.06-03.15.06:745][303]LogSlate: Updating window title bar state: overlay mode, drag disabled, window buttons hidden, title bar hidden
[2019.03.06-03.15.06:797][309]LogPlayLevel: Display: Destroying online subsystem :Context_1
[2019.03.06-03.15.07:672][414]LogTemp: Repeating last play command: Selected Viewport
[2019.03.06-03.15.07:687][414]LogBlueprintUserMessages: Early PlayInEditor Detection: Level '/Game/ascendant.ascendant:PersistentLevel' has LevelScriptBlueprint '/Game/ascendant.ascendant:PersistentLevel.ascendant' with GeneratedClass '/Game/ascendant.ascendant_C' with ClassGeneratedBy '/Game/ascendant.ascendant:PersistentLevel.ascendant'
[2019.03.06-03.15.07:688][414]LogPlayLevel: PlayLevel: No blueprints needed recompiling
[2019.03.06-03.15.07:688][414]PIE: New page: PIE session: ascendant (Mar 5, 2019, 11:15:07 AM)
[2019.03.06-03.15.07:688][414]LogPlayLevel: Creating play world package: /Game/UEDPIE_0_ascendant
[2019.03.06-03.15.07:690][414]LogPlayLevel: PIE: StaticDuplicateObject took: (0.002143s)
[2019.03.06-03.15.07:690][414]LogAIModule: Creating AISystem for world ascendant
[2019.03.06-03.15.07:690][414]LogPlayLevel: PIE: World Init took: (0.000375s)
[2019.03.06-03.15.07:690][414]LogPlayLevel: PIE: Created PIE world by copying editor world from /Game/ascendant.ascendant to /Game/UEDPIE_0_ascendant.ascendant (0.002593s)
[2019.03.06-03.15.07:715][414]LogInit: XAudio2 using 'ASUS VN289 (NVIDIA High Definition Audio)' : 2 channels at 48 kHz using 16 bits per sample (channel mask 0x3)
[2019.03.06-03.15.07:722][414]LogInit: FAudioDevice initialized.
[2019.03.06-03.15.07:751][414]LogLoad: Game class is '2DSideScrollerGameMode_C'
[2019.03.06-03.15.07:752][414]LogWorld: Bringing World /Game/UEDPIE_0_ascendant.ascendant up for play (max tick rate 0) at 2019.03.05-19.15.07
[2019.03.06-03.15.07:752][414]LogWorld: Bringing up level for play took: 0.000632
[2019.03.06-03.15.07:764][414]LogBlueprintUserMessages: [2DSideScrollerGameMode_C_0] Hello
[2019.03.06-03.15.07:765][414]PIE: Play in editor start time for /Game/UEDPIE_0_ascendant 0.701
[2019.03.06-03.15.07:765][414]LogBlueprintUserMessages: Late PlayInEditor Detection: Level '/Game/ascendant.ascendant:PersistentLevel' has LevelScriptBlueprint '/Game/ascendant.ascendant:PersistentLevel.ascendant' with GeneratedClass '/Game/ascendant.ascendant_C' with ClassGeneratedBy '/Game/ascendant.ascendant:PersistentLevel.ascendant'
[2019.03.06-03.15.10:458][737]LogBlueprintUserMessages: Early EndPlayMap Detection: Level '/Game/ascendant.ascendant:PersistentLevel' has LevelScriptBlueprint '/Game/ascendant.ascendant:PersistentLevel.ascendant' with GeneratedClass '/Game/ascendant.ascendant_C' with ClassGeneratedBy '/Game/ascendant.ascendant:PersistentLevel.ascendant'
[2019.03.06-03.15.10:459][737]LogSlate: Updating window title bar state: overlay mode, drag disabled, window buttons hidden, title bar hidden
[2019.03.06-03.15.10:493][737]LogPlayLevel: Display: Shutting down PIE online subsystems
[2019.03.06-03.15.10:493][737]LogBlueprintUserMessages: Late EndPlayMap Detection: Level '/Game/ascendant.ascendant:PersistentLevel' has LevelScriptBlueprint '/Game/ascendant.ascendant:PersistentLevel.ascendant' with GeneratedClass '/Game/ascendant.ascendant_C' with ClassGeneratedBy '/Game/ascendant.ascendant:PersistentLevel.ascendant'
[2019.03.06-03.15.10:512][737]LogSlate: Updating window title bar state: overlay mode, drag disabled, window buttons hidden, title bar hidden
[2019.03.06-03.15.10:563][743]LogPlayLevel: Display: Destroying online subsystem :Context_2
[2019.03.06-03.15.12:213][941]LogTemp: Repeating last play command: Selected Viewport
[2019.03.06-03.15.12:230][941]LogBlueprintUserMessages: Early PlayInEditor Detection: Level '/Game/ascendant.ascendant:PersistentLevel' has LevelScriptBlueprint '/Game/ascendant.ascendant:PersistentLevel.ascendant' with GeneratedClass '/Game/ascendant.ascendant_C' with ClassGeneratedBy '/Game/ascendant.ascendant:PersistentLevel.ascendant'
[2019.03.06-03.15.12:231][941]LogPlayLevel: PlayLevel: No blueprints needed recompiling
[2019.03.06-03.15.12:231][941]PIE: New page: PIE session: ascendant (Mar 5, 2019, 11:15:12 AM)
[2019.03.06-03.15.12:231][941]LogPlayLevel: Creating play world package: /Game/UEDPIE_0_ascendant
[2019.03.06-03.15.12:233][941]LogPlayLevel: PIE: StaticDuplicateObject took: (0.002115s)
[2019.03.06-03.15.12:233][941]LogAIModule: Creating AISystem for world ascendant
[2019.03.06-03.15.12:233][941]LogPlayLevel: PIE: World Init took: (0.000370s)
[2019.03.06-03.15.12:233][941]LogPlayLevel: PIE: Created PIE world by copying editor world from /Game/ascendant.ascendant to /Game/UEDPIE_0_ascendant.ascendant (0.002557s)
[2019.03.06-03.15.12:257][941]LogInit: XAudio2 using 'ASUS VN289 (NVIDIA High Definition Audio)' : 2 channels at 48 kHz using 16 bits per sample (channel mask 0x3)
[2019.03.06-03.15.12:264][941]LogInit: FAudioDevice initialized.
[2019.03.06-03.15.12:290][941]LogLoad: Game class is '2DSideScrollerGameMode_C'
[2019.03.06-03.15.12:291][941]LogWorld: Bringing World /Game/UEDPIE_0_ascendant.ascendant up for play (max tick rate 0) at 2019.03.05-19.15.12
[2019.03.06-03.15.12:291][941]LogWorld: Bringing up level for play took: 0.000606
[2019.03.06-03.15.12:303][941]LogBlueprintUserMessages: [2DSideScrollerGameMode_C_0] Hello
[2019.03.06-03.15.12:305][941]PIE: Play in editor start time for /Game/UEDPIE_0_ascendant -0.76
[2019.03.06-03.15.12:305][941]LogBlueprintUserMessages: Late PlayInEditor Detection: Level '/Game/ascendant.ascendant:PersistentLevel' has LevelScriptBlueprint '/Game/ascendant.ascendant:PersistentLevel.ascendant' with GeneratedClass '/Game/ascendant.ascendant_C' with ClassGeneratedBy '/Game/ascendant.ascendant:PersistentLevel.ascendant'
[2019.03.06-03.15.19:708][829]LogBlueprintUserMessages: [2DSideScrollerGameMode_C_0] second
[2019.03.06-03.15.19:708][829]LogBlueprintUserMessages: [2DSideScrollerGameMode_C_0] Hello
[2019.03.06-03.15.24:067][352]LogBlueprintUserMessages: Early EndPlayMap Detection: Level '/Game/ascendant.ascendant:PersistentLevel' has LevelScriptBlueprint '/Game/ascendant.ascendant:PersistentLevel.ascendant' with GeneratedClass '/Game/ascendant.ascendant_C' with ClassGeneratedBy '/Game/ascendant.ascendant:PersistentLevel.ascendant'
[2019.03.06-03.15.24:067][352]LogSlate: Updating window title bar state: overlay mode, drag disabled, window buttons hidden, title bar hidden
[2019.03.06-03.15.24:101][352]LogPlayLevel: Display: Shutting down PIE online subsystems
[2019.03.06-03.15.24:101][352]LogBlueprintUserMessages: Late EndPlayMap Detection: Level '/Game/ascendant.ascendant:PersistentLevel' has LevelScriptBlueprint '/Game/ascendant.ascendant:PersistentLevel.ascendant' with GeneratedClass '/Game/ascendant.ascendant_C' with ClassGeneratedBy '/Game/ascendant.ascendant:PersistentLevel.ascendant'
[2019.03.06-03.15.24:120][352]LogSlate: Updating window title bar state: overlay mode, drag disabled, window buttons hidden, title bar hidden
[2019.03.06-03.15.24:171][358]LogPlayLevel: Display: Destroying online subsystem :Context_3
[2019.03.06-03.15.28:342][858]LogTemp: Repeating last play command: Selected Viewport
[2019.03.06-03.15.28:357][858]LogBlueprintUserMessages: Early PlayInEditor Detection: Level '/Game/ascendant.ascendant:PersistentLevel' has LevelScriptBlueprint '/Game/ascendant.ascendant:PersistentLevel.ascendant' with GeneratedClass '/Game/ascendant.ascendant_C' with ClassGeneratedBy '/Game/ascendant.ascendant:PersistentLevel.ascendant'
[2019.03.06-03.15.28:357][858]LogPlayLevel: PlayLevel: No blueprints needed recompiling
[2019.03.06-03.15.28:357][858]PIE: New page: PIE session: ascendant (Mar 5, 2019, 11:15:28 AM)
[2019.03.06-03.15.28:357][858]LogPlayLevel: Creating play world package: /Game/UEDPIE_0_ascendant
[2019.03.06-03.15.28:360][858]LogPlayLevel: PIE: StaticDuplicateObject took: (0.002174s)
[2019.03.06-03.15.28:360][858]LogAIModule: Creating AISystem for world ascendant
[2019.03.06-03.15.28:360][858]LogPlayLevel: PIE: World Init took: (0.000371s)
[2019.03.06-03.15.28:360][858]LogPlayLevel: PIE: Created PIE world by copying editor world from /Game/ascendant.ascendant to /Game/UEDPIE_0_ascendant.ascendant (0.002622s)
[2019.03.06-03.15.28:384][858]LogInit: XAudio2 using 'ASUS VN289 (NVIDIA High Definition Audio)' : 2 channels at 48 kHz using 16 bits per sample (channel mask 0x3)
[2019.03.06-03.15.28:392][858]LogInit: FAudioDevice initialized.
[2019.03.06-03.15.28:423][858]LogLoad: Game class is '2DSideScrollerGameMode_C'
[2019.03.06-03.15.28:424][858]LogWorld: Bringing World /Game/UEDPIE_0_ascendant.ascendant up for play (max tick rate 0) at 2019.03.05-19.15.28
[2019.03.06-03.15.28:424][858]LogWorld: Bringing up level for play took: 0.000658
[2019.03.06-03.15.28:436][858]LogBlueprintUserMessages: [2DSideScrollerGameMode_C_0] Hello
[2019.03.06-03.15.28:438][858]PIE: Play in editor start time for /Game/UEDPIE_0_ascendant -0.627
[2019.03.06-03.15.28:438][858]LogBlueprintUserMessages: Late PlayInEditor Detection: Level '/Game/ascendant.ascendant:PersistentLevel' has LevelScriptBlueprint '/Game/ascendant.ascendant:PersistentLevel.ascendant' with GeneratedClass '/Game/ascendant.ascendant_C' with ClassGeneratedBy '/Game/ascendant.ascendant:PersistentLevel.ascendant'
[2019.03.06-03.15.35:838][746]LogBlueprintUserMessages: [2DSideScrollerGameMode_C_0] second
[2019.03.06-03.15.35:838][746]LogBlueprintUserMessages: [2DSideScrollerGameMode_C_0] Hello
[2019.03.06-03.15.38:047][ 11]LogBlueprintUserMessages: [enemy_green_C_0] 120
[2019.03.06-03.15.38:339][ 46]LogBlueprintUserMessages: [enemy_green_C_0] 90
[2019.03.06-03.15.38:638][ 82]LogBlueprintUserMessages: [enemy_green_C_0] 60
[2019.03.06-03.15.38:938][118]LogBlueprintUserMessages: [enemy_green_C_0] 30
[2019.03.06-03.15.43:339][646]LogBlueprintUserMessages: [2DSideScrollerGameMode_C_0] third
[2019.03.06-03.15.43:339][646]LogBlueprintUserMessages: [2DSideScrollerGameMode_C_0] Hello
[2019.03.06-03.15.50:839][546]LogBlueprintUserMessages: [2DSideScrollerGameMode_C_0] fourth
[2019.03.06-03.15.50:839][546]LogBlueprintUserMessages: [2DSideScrollerGameMode_C_0] Hello
[2019.03.06-03.15.54:249][954]LogBlueprintUserMessages: [enemy_green_C_1] 120
[2019.03.06-03.15.54:540][989]LogBlueprintUserMessages: [enemy_green_C_1] 90
[2019.03.06-03.15.54:840][ 25]LogBlueprintUserMessages: [enemy_green_C_1] 60
[2019.03.06-03.15.55:140][ 61]LogBlueprintUserMessages: [enemy_green_C_1] 30
[2019.03.06-03.16.00:333][684]LogBlueprintUserMessages: [boss_one_C_0] wait
[2019.03.06-03.16.02:416][934]LogBlueprintUserMessages: [boss_one_C_0] 670
[2019.03.06-03.16.02:716][970]LogBlueprintUserMessages: [boss_one_C_0] 640
[2019.03.06-03.16.05:334][284]LogBlueprintUserMessages: [boss_one_C_0] wait
[2019.03.06-03.16.05:574][313]LogBlueprintUserMessages: [boss_one_C_0] 610
[2019.03.06-03.16.05:933][356]LogBlueprintUserMessages: [boss_one_C_0] 580
[2019.03.06-03.16.08:116][616]LogBlueprintUserMessages: [boss_one_C_0] 550
[2019.03.06-03.16.10:335][882]LogBlueprintUserMessages: [boss_one_C_0] wait
[2019.03.06-03.16.12:333][122]LogBlueprintUserMessages: [boss_one_C_0] 520
[2019.03.06-03.16.12:617][156]LogBlueprintUserMessages: [boss_one_C_0] 490
[2019.03.06-03.16.15:335][482]LogBlueprintUserMessages: [boss_one_C_0] wait
[2019.03.06-03.16.15:483][500]LogBlueprintUserMessages: [boss_one_C_0] 460
[2019.03.06-03.16.15:808][539]LogBlueprintUserMessages: [boss_one_C_0] 430
[2019.03.06-03.16.18:034][806]LogBlueprintUserMessages: [boss_one_C_0] 400
[2019.03.06-03.16.18:309][839]LogBlueprintUserMessages: [boss_one_C_0] 370
[2019.03.06-03.16.20:335][ 82]LogBlueprintUserMessages: [boss_one_C_0] wait
[2019.03.06-03.16.22:519][344]LogBlueprintUserMessages: [boss_one_C_0] 340
[2019.03.06-03.16.25:337][682]LogBlueprintUserMessages: [boss_one_C_0] wait
[2019.03.06-03.16.25:694][725]LogBlueprintUserMessages: [boss_one_C_0] 310
[2019.03.06-03.16.28:219][ 28]LogBlueprintUserMessages: [boss_one_C_0] 280
[2019.03.06-03.16.30:337][282]LogBlueprintUserMessages: [boss_one_C_0] wait
[2019.03.06-03.16.35:337][882]LogBlueprintUserMessages: [boss_one_C_0] wait
[2019.03.06-03.16.35:511][903]LogSlate: FSceneViewport::OnFocusLost() reason 0
[2019.03.06-03.16.35:603][914]LogBlueprintUserMessages: Early EndPlayMap Detection: Level '/Game/ascendant.ascendant:PersistentLevel' has LevelScriptBlueprint '/Game/ascendant.ascendant:PersistentLevel.ascendant' with GeneratedClass '/Game/ascendant.ascendant_C' with ClassGeneratedBy '/Game/ascendant.ascendant:PersistentLevel.ascendant'
[2019.03.06-03.16.35:603][914]LogSlate: Updating window title bar state: overlay mode, drag disabled, window buttons hidden, title bar hidden
[2019.03.06-03.16.35:633][914]LogPlayLevel: Display: Shutting down PIE online subsystems
[2019.03.06-03.16.35:633][914]LogBlueprintUserMessages: Late EndPlayMap Detection: Level '/Game/ascendant.ascendant:PersistentLevel' has LevelScriptBlueprint '/Game/ascendant.ascendant:PersistentLevel.ascendant' with GeneratedClass '/Game/ascendant.ascendant_C' with ClassGeneratedBy '/Game/ascendant.ascendant:PersistentLevel.ascendant'
[2019.03.06-03.16.35:655][914]LogSlate: Updating window title bar state: overlay mode, drag disabled, window buttons hidden, title bar hidden
[2019.03.06-03.16.35:709][920]LogPlayLevel: Display: Destroying online subsystem :Context_4
[2019.03.06-03.17.11:711][238]LogSlate: FSceneViewport::OnFocusLost() reason 0
[2019.03.06-03.17.11:811][250]LogTemp: Repeating last play command: Selected Viewport
[2019.03.06-03.17.11:826][250]LogBlueprintUserMessages: Early PlayInEditor Detection: Level '/Game/ascendant.ascendant:PersistentLevel' has LevelScriptBlueprint '/Game/ascendant.ascendant:PersistentLevel.ascendant' with GeneratedClass '/Game/ascendant.ascendant_C' with ClassGeneratedBy '/Game/ascendant.ascendant:PersistentLevel.ascendant'
[2019.03.06-03.17.11:826][250]LogPlayLevel: PlayLevel: No blueprints needed recompiling
[2019.03.06-03.17.11:826][250]PIE: New page: PIE session: ascendant (Mar 5, 2019, 11:17:11 AM)
[2019.03.06-03.17.11:826][250]LogPlayLevel: Creating play world package: /Game/UEDPIE_0_ascendant
[2019.03.06-03.17.11:831][250]LogPlayLevel: PIE: StaticDuplicateObject took: (0.004371s)
[2019.03.06-03.17.11:831][250]LogAIModule: Creating AISystem for world ascendant
[2019.03.06-03.17.11:831][250]LogPlayLevel: PIE: World Init took: (0.000426s)
[2019.03.06-03.17.11:831][250]LogPlayLevel: PIE: Created PIE world by copying editor world from /Game/ascendant.ascendant to /Game/UEDPIE_0_ascendant.ascendant (0.004875s)
[2019.03.06-03.17.11:856][250]LogInit: XAudio2 using 'ASUS VN289 (NVIDIA High Definition Audio)' : 2 channels at 48 kHz using 16 bits per sample (channel mask 0x3)
[2019.03.06-03.17.11:864][250]LogInit: FAudioDevice initialized.
[2019.03.06-03.17.11:890][250]LogLoad: Game class is '2DSideScrollerGameMode_C'
[2019.03.06-03.17.11:891][250]LogWorld: Bringing World /Game/UEDPIE_0_ascendant.ascendant up for play (max tick rate 0) at 2019.03.05-19.17.11
[2019.03.06-03.17.11:891][250]LogWorld: Bringing up level for play took: 0.000609
[2019.03.06-03.17.11:902][250]LogBlueprintUserMessages: [2DSideScrollerGameMode_C_0] Hello
[2019.03.06-03.17.11:904][250]PIE: Play in editor start time for /Game/UEDPIE_0_ascendant 0.839
[2019.03.06-03.17.11:904][250]LogBlueprintUserMessages: Late PlayInEditor Detection: Level '/Game/ascendant.ascendant:PersistentLevel' has LevelScriptBlueprint '/Game/ascendant.ascendant:PersistentLevel.ascendant' with GeneratedClass '/Game/ascendant.ascendant_C' with ClassGeneratedBy '/Game/ascendant.ascendant:PersistentLevel.ascendant'
[2019.03.06-03.17.19:304][138]LogBlueprintUserMessages: [2DSideScrollerGameMode_C_0] second
[2019.03.06-03.17.19:304][138]LogBlueprintUserMessages: [2DSideScrollerGameMode_C_0] Hello
[2019.03.06-03.17.22:289][496]LogBlueprintUserMessages: [enemy_green_C_0] 120
[2019.03.06-03.17.22:580][531]LogBlueprintUserMessages: [enemy_green_C_0] 90
[2019.03.06-03.17.22:880][567]LogBlueprintUserMessages: [enemy_green_C_0] 60
[2019.03.06-03.17.23:179][603]LogBlueprintUserMessages: [enemy_green_C_0] 30
[2019.03.06-03.17.26:806][ 37]LogBlueprintUserMessages: [2DSideScrollerGameMode_C_0] third
[2019.03.06-03.17.26:806][ 37]LogBlueprintUserMessages: [2DSideScrollerGameMode_C_0] Hello
[2019.03.06-03.17.34:306][937]LogBlueprintUserMessages: [2DSideScrollerGameMode_C_0] fourth
[2019.03.06-03.17.34:307][937]LogBlueprintUserMessages: [2DSideScrollerGameMode_C_0] Hello
[2019.03.06-03.17.36:557][207]LogBlueprintUserMessages: [enemy_green_C_1] 120
[2019.03.06-03.17.36:857][243]LogBlueprintUserMessages: [enemy_green_C_1] 90
[2019.03.06-03.17.37:157][279]LogBlueprintUserMessages: [enemy_green_C_1] 60
[2019.03.06-03.17.37:457][315]LogBlueprintUserMessages: [enemy_green_C_1] 30
[2019.03.06-03.17.43:800][ 76]LogBlueprintUserMessages: [boss_one_C_0] wait
[2019.03.06-03.17.48:806][675]LogBlueprintUserMessages: [boss_one_C_0] wait
[2019.03.06-03.17.53:806][275]LogBlueprintUserMessages: [boss_one_C_0] wait
[2019.03.06-03.17.58:806][875]LogBlueprintUserMessages: [boss_one_C_0] wait
[2019.03.06-03.18.03:807][475]LogBlueprintUserMessages: [boss_one_C_0] wait
[2019.03.06-03.18.08:807][ 75]LogBlueprintUserMessages: [boss_one_C_0] wait
[2019.03.06-03.18.13:807][675]LogBlueprintUserMessages: [boss_one_C_0] wait
[2019.03.06-03.18.17:531][122]LogSlate: FSceneViewport::OnFocusLost() reason 0
[2019.03.06-03.18.17:649][136]LogBlueprintUserMessages: Early EndPlayMap Detection: Level '/Game/ascendant.ascendant:PersistentLevel' has LevelScriptBlueprint '/Game/ascendant.ascendant:PersistentLevel.ascendant' with GeneratedClass '/Game/ascendant.ascendant_C' with ClassGeneratedBy '/Game/ascendant.ascendant:PersistentLevel.ascendant'
[2019.03.06-03.18.17:649][136]LogSlate: Updating window title bar state: overlay mode, drag disabled, window buttons hidden, title bar hidden
[2019.03.06-03.18.17:680][136]LogPlayLevel: Display: Shutting down PIE online subsystems
[2019.03.06-03.18.17:680][136]LogBlueprintUserMessages: Late EndPlayMap Detection: Level '/Game/ascendant.ascendant:PersistentLevel' has LevelScriptBlueprint '/Game/ascendant.ascendant:PersistentLevel.ascendant' with GeneratedClass '/Game/ascendant.ascendant_C' with ClassGeneratedBy '/Game/ascendant.ascendant:PersistentLevel.ascendant'
[2019.03.06-03.18.17:701][136]LogSlate: Updating window title bar state: overlay mode, drag disabled, window buttons hidden, title bar hidden
[2019.03.06-03.18.17:755][142]LogPlayLevel: Display: Destroying online subsystem :Context_5
[2019.03.06-03.20.04:135][857]LogAssetEditorManager: Opening Asset editor for PaperFlipbook /Game/2DSideScroller/Sprites/sprite_boss_pentagram.sprite_boss_pentagram
[2019.03.06-03.23.18:338][133]LogSavePackage: Moving '../../../../../../Users/steve/Documents/Unreal_Projects/ascendant/Saved/sprite_boss_pentagram24801CC1496362833A9CB3B7AC00EEAC.tmp' to '../../../../../../Users/steve/Documents/Unreal_Projects/ascendant/Content/2DSideScroller/Sprites/sprite_boss_pentagram.uasset'
[2019.03.06-03.23.19:623][286]LogSlate: Window 'sprite_boss_pentagram' being destroyed
[2019.03.06-03.23.32:889][872]LogSlate: FSceneViewport::OnFocusLost() reason 0
[2019.03.06-03.23.33:009][884]LogAssetEditorManager: Opening Asset editor for Blueprint /Game/2DSideScrollerBP/Blueprints/2DSideScrollerGameMode.2DSideScrollerGameMode
[2019.03.06-03.23.33:363][884]LogContentBrowser: Native class hierarchy updated for 'BlueprintGraph' in 0.0004 seconds. Added 117 classes and 0 folders.
[2019.03.06-03.23.33:930][884]LogAssetEditorManager: Opening Asset editor for Blueprint /Game/2DSideScrollerBP/Blueprints/enemy_spirit.enemy_spirit
[2019.03.06-03.23.34:161][884]LogSlate: Took 0.002903 seconds to synchronously load lazily loaded font '../../../Engine/Content/Slate/Fonts/Roboto-BoldCondensed.ttf' (158K)
[2019.03.06-03.23.34:698][885]LogSlate: Took 0.003255 seconds to synchronously load lazily loaded font '../../../Engine/Content/Slate/Fonts/Roboto-Italic.ttf' (157K)
[2019.03.06-03.23.40:416][532]LogSlate: Window 'enemy_spirit' being destroyed
[2019.03.06-03.30.18:208][ 55]LogEditorTransaction: Undo Add Node
[2019.03.06-03.33.15:485][313]LogFileHelpers: Editor autosave (incl. sublevels) for '/Game/ascendant' took 0.028
[2019.03.06-03.33.15:487][313]OBJ SavePackage: Generating thumbnails for [0] asset(s) in package [/Game/2DSideScrollerBP/Blueprints/2DSideScrollerGameMode] ([1] browsable assets)...
[2019.03.06-03.33.15:487][313]OBJ SavePackage: Finished generating thumbnails for package [/Game/2DSideScrollerBP/Blueprints/2DSideScrollerGameMode]
[2019.03.06-03.33.15:630][313]LogSavePackage: Moving '../../../../../../Users/steve/Documents/Unreal_Projects/ascendant/Saved/2DSideScrollerGameMode_Auto1092CF18447EA8A0A43D9AAA9DDCD32B2.tmp' to '../../../../../../Users/steve/Documents/Unreal_Projects/ascendant/Saved/Autosaves/Game/2DSideScrollerBP/Blueprints/2DSideScrollerGameMode_Auto1.uasset'
[2019.03.06-03.33.15:631][313]LogFileHelpers: Auto-saving content packages took 0.145
