Log file open, 03/05/19 09:57:57
LogWindows: Failed to load 'aqProf.dll' (GetLastError=126)
LogWindows: File 'aqProf.dll' does not exist
LogWindows: Failed to load 'VtuneApi.dll' (GetLastError=126)
LogWindows: File 'VtuneApi.dll' does not exist
LogWindows: Failed to load 'VtuneApi32e.dll' (GetLastError=126)
LogWindows: File 'VtuneApi32e.dll' does not exist
LogConsoleResponse: Display: Failed to find resolution value strings in scalability ini. Falling back to default.
LogInit: Display: Running engine for game: sidescroller
LogPakFile: Registered encryption key '00000000000000000000000000000000': 0 pak files mounted, 0 remain pending
LogPlatformFile: Not using cached read wrapper
LogTaskGraph: Started task graph with 5 named threads and 23 total threads with 3 sets of task threads.
LogStats: Stats thread started at 0.298865
LogD3D11RHI: Loaded GFSDK_Aftermath_Lib.x64.dll
LogICUInternationalization: ICU TimeZone Detection - Raw Offset: -8:00, Platform Override: ''
LogPluginManager: Mounting plugin Paper2D
LogPluginManager: Mounting plugin AISupport
LogPluginManager: Mounting plugin LightPropagationVolume
LogPluginManager: Mounting plugin ActorLayerUtilities
LogPluginManager: Mounting plugin CLionSourceCodeAccess
LogPluginManager: Mounting plugin CodeLiteSourceCodeAccess
LogPluginManager: Mounting plugin GitSourceControl
LogPluginManager: Mounting plugin KDevelopSourceCodeAccess
LogPluginManager: Mounting plugin NullSourceCodeAccess
LogPluginManager: Mounting plugin PerforceSourceControl
LogPluginManager: Mounting plugin SubversionSourceControl
LogPluginManager: Mounting plugin UObjectPlugin
LogPluginManager: Mounting plugin VisualStudioCodeSourceCodeAccess
LogPluginManager: Mounting plugin VisualStudioSourceCodeAccess
LogPluginManager: Mounting plugin XCodeSourceCodeAccess
LogPluginManager: Mounting plugin AssetManagerEditor
LogPluginManager: Mounting plugin CryptoKeys
LogPluginManager: Mounting plugin DataValidation
LogPluginManager: Mounting plugin FacialAnimation
LogPluginManager: Mounting plugin GameplayTagsEditor
LogPluginManager: Mounting plugin MacGraphicsSwitching
LogPluginManager: Mounting plugin MeshEditor
LogPluginManager: Mounting plugin MobileLauncherProfileWizard
LogPluginManager: Mounting plugin PluginBrowser
LogPluginManager: Mounting plugin SpeedTreeImporter
LogPluginManager: Mounting plugin DatasmithContent
LogPluginManager: Mounting plugin VariantManagerContent
LogPluginManager: Mounting plugin AlembicImporter
LogPluginManager: Mounting plugin AppleImageUtils
LogPluginManager: Mounting plugin AppleVision
LogPluginManager: Mounting plugin BackChannel
LogPluginManager: Mounting plugin CharacterAI
LogPluginManager: Mounting plugin GeometryCache
LogPluginManager: Mounting plugin HTML5Networking
LogPluginManager: Mounting plugin ProxyLODPlugin
LogPluginManager: Mounting plugin MagicLeap
LogPluginManager: Mounting plugin MagicLeapMedia
LogPluginManager: Mounting plugin AndroidMedia
LogPluginManager: Mounting plugin AvfMedia
LogPluginManager: Mounting plugin ImgMedia
LogPluginManager: Mounting plugin LinearTimecode
LogPluginManager: Mounting plugin MediaCompositing
LogPluginManager: Mounting plugin MediaPlayerEditor
LogPluginManager: Mounting plugin WebMMedia
LogPluginManager: Mounting plugin WmfMedia
LogPluginManager: Mounting plugin TcpMessaging
LogPluginManager: Mounting plugin UdpMessaging
LogPluginManager: Mounting plugin ActorSequence
LogPluginManager: Mounting plugin LevelSequenceEditor
LogPluginManager: Mounting plugin MatineeToLevelSequence
LogPluginManager: Mounting plugin NetcodeUnitTest
LogPluginManager: Mounting plugin NUTUnrealEngine4
LogPluginManager: Mounting plugin OnlineSubsystemGooglePlay
LogPluginManager: Mounting plugin OnlineSubsystemIOS
LogPluginManager: Mounting plugin OnlineSubsystem
LogPluginManager: Mounting plugin OnlineSubsystemNull
LogPluginManager: Mounting plugin OnlineSubsystemUtils
LogPluginManager: Mounting plugin LauncherChunkInstaller
LogPluginManager: Mounting plugin AndroidDeviceProfileSelector
LogPluginManager: Mounting plugin AndroidMoviePlayer
LogPluginManager: Mounting plugin AndroidPermission
LogPluginManager: Mounting plugin AppleMoviePlayer
LogPluginManager: Mounting plugin ArchVisCharacter
LogPluginManager: Mounting plugin AudioCapture
LogPluginManager: Mounting plugin CableComponent
LogPluginManager: Mounting plugin CustomMeshComponent
LogPluginManager: Mounting plugin EditableMesh
LogPluginManager: Mounting plugin ExampleDeviceProfileSelector
LogPluginManager: Mounting plugin Firebase
LogPluginManager: Mounting plugin GoogleCloudMessaging
LogPluginManager: Mounting plugin IOSDeviceProfileSelector
LogPluginManager: Mounting plugin LinuxDeviceProfileSelector
LogPluginManager: Mounting plugin LocationServicesBPLibrary
LogPluginManager: Mounting plugin MobilePatchingUtils
LogPluginManager: Mounting plugin OculusVR
LogPluginManager: Mounting plugin PhysXVehicles
LogPluginManager: Mounting plugin ProceduralMeshComponent
LogPluginManager: Mounting plugin RuntimePhysXCooking
LogPluginManager: Mounting plugin SteamVR
LogPluginManager: Mounting plugin WebMMoviePlayer
LogPluginManager: Mounting plugin WindowsMoviePlayer
LogStreaming: Display: Took  0.097s to configure plugins.
LogInit: Using libcurl 7.55.1-DEV
LogInit:  - built for x86_64-pc-win32
LogInit:  - supports SSL with OpenSSL/1.0.2h
LogInit:  - supports HTTP deflate (compression) using libz 1.2.8
LogInit:  - other features:
LogInit:      CURL_VERSION_SSL
LogInit:      CURL_VERSION_LIBZ
LogInit:      CURL_VERSION_IPV6
LogInit:      CURL_VERSION_ASYNCHDNS
LogInit:      CURL_VERSION_LARGEFILE
LogInit:      CURL_VERSION_IDN
LogInit:  CurlRequestOptions (configurable via config and command line):
LogInit:  - bVerifyPeer = true  - Libcurl will verify peer certificate
LogInit:  - bUseHttpProxy = false  - Libcurl will NOT use HTTP proxy
LogInit:  - bDontReuseConnections = false  - Libcurl will reuse connections
LogInit:  - MaxHostConnections = 16  - Libcurl will limit the number of connections to a host
LogInit:  - LocalHostAddr = Default
LogInit:  - BufferSize = 65536
LogInit: WinSock: version 1.1 (2.2), MaxSocks=32767, MaxUdp=65467
LogInit: Build: ++UE4+Release-4.21-CL-4753647
LogInit: Engine Version: 4.21.2-4753647+++UE4+Release-4.21
LogInit: Compatible Engine Version: 4.21.0-4541578+++UE4+Release-4.21
LogInit: Net CL: 4541578
LogInit: OS: Windows 10 (), CPU: Intel(R) Core(TM) i7-6700HQ CPU @ 2.60GHz, GPU: Intel(R) HD Graphics 530
LogInit: Compiled (64-bit): Jan 19 2019 02:07:31
LogInit: Compiled with Visual C++: 19.13.26129.00
LogInit: Build Configuration: Development
LogInit: Branch Name: ++UE4+Release-4.21
LogInit: Command Line: 
LogInit: Base Directory: C:/Program Files/Epic Games/UE_4.21/Engine/Binaries/Win64/
LogInit: Installed Engine Build: 1
LogDevObjectVersion: Number of dev versions registered: 22
LogDevObjectVersion:   Dev-Blueprints (B0D832E4-1F89-4F0D-ACCF-7EB736FD4AA2): 10
LogDevObjectVersion:   Dev-Build (E1C64328-A22C-4D53-A36C-8E866417BD8C): 0
LogDevObjectVersion:   Dev-Core (375EC13C-06E4-48FB-B500-84F0262A717E): 2
LogDevObjectVersion:   Dev-Editor (E4B068ED-F494-42E9-A231-DA0B2E46BB41): 26
LogDevObjectVersion:   Dev-Framework (CFFC743F-43B0-4480-9391-14DF171D2073): 34
LogDevObjectVersion:   Dev-Mobile (B02B49B5-BB20-44E9-A304-32B752E40360): 2
LogDevObjectVersion:   Dev-Networking (A4E4105C-59A1-49B5-A7C5-40C4547EDFEE): 0
LogDevObjectVersion:   Dev-Online (39C831C9-5AE6-47DC-9A44-9C173E1C8E7C): 0
LogDevObjectVersion:   Dev-Physics (78F01B33-EBEA-4F98-B9B4-84EACCB95AA2): 0
LogDevObjectVersion:   Dev-Platform (6631380F-2D4D-43E0-8009-CF276956A95A): 0
LogDevObjectVersion:   Dev-Rendering (12F88B9F-8875-4AFC-A67C-D90C383ABD29): 27
LogDevObjectVersion:   Dev-Sequencer (7B5AE74C-D270-4C10-A958-57980B212A5A): 9
LogDevObjectVersion:   Dev-VR (D7296918-1DD6-4BDD-9DE2-64A83CC13884): 2
LogDevObjectVersion:   Dev-LoadTimes (C2A15278-BFE7-4AFE-6C17-90FF531DF755): 1
LogDevObjectVersion:   Private-Geometry (6EACA3D4-40EC-4CC1-B786-8BED09428FC5): 3
LogDevObjectVersion:   Dev-AnimPhys (29E575DD-E0A3-4627-9D10-D276232CDCEA): 17
LogDevObjectVersion:   Dev-Anim (AF43A65D-7FD3-4947-9873-3E8ED9C1BB05): 2
LogDevObjectVersion:   Dev-ReflectionCapture (6B266CEC-1EC7-4B8F-A30B-E4D90942FC07): 1
LogDevObjectVersion:   Dev-Automation (0DF73D61-A23F-47EA-B727-89E90C41499A): 1
LogDevObjectVersion:   FortniteMain (601D1886-AC64-4F84-AA16-D3DE0DEAC7D6): 17
LogDevObjectVersion:   Dev-Enterprise (9DFFBCD6-494F-0158-E221-12823C92A888): 4
LogDevObjectVersion:   Dev-Niagara (F2AED0AC-9AFE-416F-8664-AA7FFA26D6FC): 1
LogStreaming: Display: Took  0.005s to delete old logs.
LogInit: Presizing for max 8388607 objects, including 0 objects not considered by GC, pre-allocating 0 bytes for permanent pool.
LogInit: Object subsystem initialized
LogConfig: Setting CVar [[con.DebugEarlyDefault:1]]
LogConfig: Setting CVar [[r.setres:1280x720]]
[2019.03.05-17.57.57:589][  0]LogConfig: Setting CVar [[r.VSync:0]]
[2019.03.05-17.57.57:589][  0]LogConfig: Setting CVar [[r.RHICmdBypass:0]]
[2019.03.05-17.57.57:589][  0]LogConfig: Applying CVar settings from Section [/Script/Engine.RendererSettings] File [C:/Users/MatthewStevenson/Desktop/ascendant/Saved/Config/Windows/Engine.ini]
[2019.03.05-17.57.57:589][  0]LogConfig: Setting CVar [[r.GPUCrashDebugging:0]]
[2019.03.05-17.57.57:589][  0]LogConfig: Setting CVar [[r.MobileHDR:1]]
[2019.03.05-17.57.57:589][  0]LogConfig: Setting CVar [[r.Mobile.DisableVertexFog:1]]
[2019.03.05-17.57.57:589][  0]LogConfig: Setting CVar [[r.Shadow.CSM.MaxMobileCascades:2]]
[2019.03.05-17.57.57:589][  0]LogConfig: Setting CVar [[r.MobileMSAA:1]]
[2019.03.05-17.57.57:589][  0]LogConfig: Setting CVar [[r.Mobile.UseLegacyShadingModel:0]]
[2019.03.05-17.57.57:589][  0]LogConfig: Setting CVar [[r.Mobile.AllowDitheredLODTransition:0]]
[2019.03.05-17.57.57:589][  0]LogConfig: Setting CVar [[r.Mobile.AllowSoftwareOcclusion:0]]
[2019.03.05-17.57.57:589][  0]LogConfig: Setting CVar [[r.DiscardUnusedQuality:0]]
[2019.03.05-17.57.57:589][  0]LogConfig: Setting CVar [[r.AllowOcclusionQueries:1]]
[2019.03.05-17.57.57:589][  0]LogConfig: Setting CVar [[r.MinScreenRadiusForLights:0.030000]]
[2019.03.05-17.57.57:589][  0]LogConfig: Setting CVar [[r.MinScreenRadiusForDepthPrepass:0.030000]]
[2019.03.05-17.57.57:589][  0]LogConfig: Setting CVar [[r.MinScreenRadiusForCSMDepth:0.010000]]
[2019.03.05-17.57.57:589][  0]LogConfig: Setting CVar [[r.PrecomputedVisibilityWarning:0]]
[2019.03.05-17.57.57:589][  0]LogConfig: Setting CVar [[r.TextureStreaming:1]]
[2019.03.05-17.57.57:589][  0]LogConfig: Setting CVar [[Compat.UseDXT5NormalMaps:0]]
[2019.03.05-17.57.57:589][  0]LogConfig: Setting CVar [[r.ClearCoatNormal:0]]
[2019.03.05-17.57.57:589][  0]LogConfig: Setting CVar [[r.ReflectionCaptureResolution:128]]
[2019.03.05-17.57.57:589][  0]LogConfig: Setting CVar [[r.ReflectionEnvironmentLightmapMixBasedOnRoughness:1]]
[2019.03.05-17.57.57:589][  0]LogConfig: Setting CVar [[r.ForwardShading:0]]
[2019.03.05-17.57.57:589][  0]LogConfig: Setting CVar [[r.VertexFoggingForOpaque:1]]
[2019.03.05-17.57.57:589][  0]LogConfig: Setting CVar [[r.AllowStaticLighting:1]]
[2019.03.05-17.57.57:589][  0]LogConfig: Setting CVar [[r.NormalMapsForStaticLighting:0]]
[2019.03.05-17.57.57:589][  0]LogConfig: Setting CVar [[r.GenerateMeshDistanceFields:0]]
[2019.03.05-17.57.57:589][  0]LogConfig: Setting CVar [[r.DistanceFieldBuild.EightBit:0]]
[2019.03.05-17.57.57:589][  0]LogConfig: Setting CVar [[r.GenerateLandscapeGIData:0]]
[2019.03.05-17.57.57:589][  0]LogConfig: Setting CVar [[r.DistanceFieldBuild.Compress:0]]
[2019.03.05-17.57.57:589][  0]LogConfig: Setting CVar [[r.TessellationAdaptivePixelsPerTriangle:48.000000]]
[2019.03.05-17.57.57:589][  0]LogConfig: Setting CVar [[r.SeparateTranslucency:0]]
[2019.03.05-17.57.57:589][  0]LogConfig: Setting CVar [[r.TranslucentSortPolicy:0]]
[2019.03.05-17.57.57:589][  0]LogConfig: Setting CVar [[r.CustomDepth:1]]
[2019.03.05-17.57.57:589][  0]LogConfig: Setting CVar [[r.CustomDepthTemporalAAJitter:1]]
[2019.03.05-17.57.57:589][  0]LogConfig: Setting CVar [[r.PostProcessing.PropagateAlpha:0]]
[2019.03.05-17.57.57:589][  0]LogConfig: Setting CVar [[r.DOF.Algorithm:1]]
[2019.03.05-17.57.57:589][  0]LogConfig: Setting CVar [[r.DefaultFeature.Bloom:1]]
[2019.03.05-17.57.57:589][  0]LogConfig: Setting CVar [[r.DefaultFeature.AmbientOcclusion:0]]
[2019.03.05-17.57.57:589][  0]LogConfig: Setting CVar [[r.DefaultFeature.AmbientOcclusionStaticFraction:1]]
[2019.03.05-17.57.57:589][  0]LogConfig: Setting CVar [[r.DefaultFeature.AutoExposure:0]]
[2019.03.05-17.57.57:589][  0]LogConfig: Setting CVar [[r.DefaultFeature.AutoExposure.Method:0]]
[2019.03.05-17.57.57:589][  0]LogConfig: Setting CVar [[r.DefaultFeature.AutoExposure.ExtendDefaultLuminanceRange:0]]
[2019.03.05-17.57.57:589][  0]LogConfig: Setting CVar [[r.UsePreExposure:0]]
[2019.03.05-17.57.57:589][  0]LogConfig: Setting CVar [[r.DefaultFeature.MotionBlur:0]]
[2019.03.05-17.57.57:589][  0]LogConfig: Setting CVar [[r.DefaultFeature.LensFlare:0]]
[2019.03.05-17.57.57:589][  0]LogConfig: Setting CVar [[r.TemporalAA.Upsampling:0]]
[2019.03.05-17.57.57:589][  0]LogConfig: Setting CVar [[r.DefaultFeature.AntiAliasing:0]]
[2019.03.05-17.57.57:589][  0]LogConfig: Setting CVar [[r.DefaultFeature.LightUnits:1]]
[2019.03.05-17.57.57:589][  0]LogConfig: Setting CVar [[r.DefaultBackBufferPixelFormat:4]]
[2019.03.05-17.57.57:589][  0]LogConfig: Setting CVar [[r.Shadow.UnbuiltPreviewInGame:1]]
[2019.03.05-17.57.57:589][  0]LogConfig: Setting CVar [[r.StencilForLODDither:0]]
[2019.03.05-17.57.57:589][  0]LogConfig: Setting CVar [[r.EarlyZPass:3]]
[2019.03.05-17.57.57:589][  0]LogConfig: Setting CVar [[r.EarlyZPassMovable:1]]
[2019.03.05-17.57.57:589][  0]LogConfig: Setting CVar [[r.EarlyZPassOnlyMaterialMasking:0]]
[2019.03.05-17.57.57:590][  0]LogConfig: Setting CVar [[r.DBuffer:1]]
[2019.03.05-17.57.57:590][  0]LogConfig: Setting CVar [[r.ClearSceneMethod:1]]
[2019.03.05-17.57.57:590][  0]LogConfig: Setting CVar [[r.BasePassOutputsVelocity:0]]
[2019.03.05-17.57.57:590][  0]LogConfig: Setting CVar [[r.SelectiveBasePassOutputs:0]]
[2019.03.05-17.57.57:590][  0]LogConfig: Setting CVar [[fx.GPUSimulationTextureSizeX:1024]]
[2019.03.05-17.57.57:590][  0]LogConfig: Setting CVar [[fx.GPUSimulationTextureSizeY:1024]]
[2019.03.05-17.57.57:590][  0]LogConfig: Setting CVar [[r.AllowGlobalClipPlane:0]]
[2019.03.05-17.57.57:590][  0]LogConfig: Setting CVar [[r.GBufferFormat:1]]
[2019.03.05-17.57.57:590][  0]LogConfig: Setting CVar [[r.MorphTarget.Mode:1]]
[2019.03.05-17.57.57:590][  0]LogConfig: Setting CVar [[vr.InstancedStereo:0]]
[2019.03.05-17.57.57:590][  0]LogConfig: Setting CVar [[vr.MultiView:0]]
[2019.03.05-17.57.57:590][  0]LogConfig: Setting CVar [[vr.MobileMultiView:0]]
[2019.03.05-17.57.57:590][  0]LogConfig: Setting CVar [[vr.MobileMultiView.Direct:0]]
[2019.03.05-17.57.57:590][  0]LogConfig: Setting CVar [[vr.MonoscopicFarField:0]]
[2019.03.05-17.57.57:590][  0]LogConfig: Setting CVar [[vr.RoundRobinOcclusion:0]]
[2019.03.05-17.57.57:590][  0]LogConfig: Setting CVar [[vr.ODSCapture:0]]
[2019.03.05-17.57.57:590][  0]LogConfig: Setting CVar [[r.WireframeCullThreshold:5.000000]]
[2019.03.05-17.57.57:590][  0]LogConfig: Setting CVar [[r.SupportStationarySkylight:1]]
[2019.03.05-17.57.57:590][  0]LogConfig: Setting CVar [[r.SupportLowQualityLightmaps:1]]
[2019.03.05-17.57.57:590][  0]LogConfig: Setting CVar [[r.SupportPointLightWholeSceneShadows:1]]
[2019.03.05-17.57.57:590][  0]LogConfig: Setting CVar [[r.SupportAtmosphericFog:1]]
[2019.03.05-17.57.57:590][  0]LogConfig: Setting CVar [[r.SkinCache.CompileShaders:0]]
[2019.03.05-17.57.57:590][  0]LogConfig: Setting CVar [[r.Mobile.EnableStaticAndCSMShadowReceivers:1]]
[2019.03.05-17.57.57:590][  0]LogConfig: Setting CVar [[r.Mobile.EnableMovableLightCSMShaderCulling:1]]
[2019.03.05-17.57.57:590][  0]LogConfig: Setting CVar [[r.Mobile.AllowDistanceFieldShadows:1]]
[2019.03.05-17.57.57:591][  0]LogConfig: Setting CVar [[r.Mobile.AllowMovableDirectionalLights:1]]
[2019.03.05-17.57.57:591][  0]LogConfig: Setting CVar [[r.MobileNumDynamicPointLights:4]]
[2019.03.05-17.57.57:591][  0]LogConfig: Setting CVar [[r.MobileDynamicPointLightsUseStaticBranch:1]]
[2019.03.05-17.57.57:591][  0]LogConfig: Setting CVar [[r.SkinCache.SceneMemoryLimitInMB:128.000000]]
[2019.03.05-17.57.57:591][  0]LogConfig: Setting CVar [[r.GPUSkin.Limit2BoneInfluences:0]]
[2019.03.05-17.57.57:591][  0]LogConfig: Setting CVar [[r.SupportDepthOnlyIndexBuffers:1]]
[2019.03.05-17.57.57:591][  0]LogConfig: Setting CVar [[r.SupportReversedIndexBuffers:1]]
[2019.03.05-17.57.57:591][  0]LogConfig: Setting CVar [[r.SupportMaterialLayers:0]]
[2019.03.05-17.57.57:591][  0]LogConfig: Applying CVar settings from Section [/Script/Engine.RendererOverrideSettings] File [C:/Users/MatthewStevenson/Desktop/ascendant/Saved/Config/Windows/Engine.ini]
[2019.03.05-17.57.57:591][  0]LogConfig: Applying CVar settings from Section [/Script/Engine.StreamingSettings] File [C:/Users/MatthewStevenson/Desktop/ascendant/Saved/Config/Windows/Engine.ini]
[2019.03.05-17.57.57:591][  0]LogConfig: Setting CVar [[s.MinBulkDataSizeForAsyncLoading:131072]]
[2019.03.05-17.57.57:591][  0]LogConfig: Setting CVar [[s.AsyncLoadingThreadEnabled:0]]
[2019.03.05-17.57.57:591][  0]LogConfig: Setting CVar [[s.EventDrivenLoaderEnabled:1]]
[2019.03.05-17.57.57:591][  0]LogConfig: Setting CVar [[s.WarnIfTimeLimitExceeded:0]]
[2019.03.05-17.57.57:591][  0]LogConfig: Setting CVar [[s.TimeLimitExceededMultiplier:1.5]]
[2019.03.05-17.57.57:591][  0]LogConfig: Setting CVar [[s.TimeLimitExceededMinTime:0.005]]
[2019.03.05-17.57.57:591][  0]LogConfig: Setting CVar [[s.UseBackgroundLevelStreaming:1]]
[2019.03.05-17.57.57:591][  0]LogConfig: Setting CVar [[s.PriorityAsyncLoadingExtraTime:15.0]]
[2019.03.05-17.57.57:591][  0]LogConfig: Setting CVar [[s.LevelStreamingActorsUpdateTimeLimit:5.0]]
[2019.03.05-17.57.57:591][  0]LogConfig: Setting CVar [[s.PriorityLevelStreamingActorsUpdateExtraTime:5.0]]
[2019.03.05-17.57.57:591][  0]LogConfig: Setting CVar [[s.LevelStreamingComponentsRegistrationGranularity:10]]
[2019.03.05-17.57.57:591][  0]LogConfig: Setting CVar [[s.UnregisterComponentsTimeLimit:1.0]]
[2019.03.05-17.57.57:591][  0]LogConfig: Setting CVar [[s.LevelStreamingComponentsUnregistrationGranularity:5]]
[2019.03.05-17.57.57:591][  0]LogConfig: Applying CVar settings from Section [/Script/Engine.GarbageCollectionSettings] File [C:/Users/MatthewStevenson/Desktop/ascendant/Saved/Config/Windows/Engine.ini]
[2019.03.05-17.57.57:591][  0]LogConfig: Setting CVar [[gc.MaxObjectsNotConsideredByGC:1]]
[2019.03.05-17.57.57:591][  0]LogConfig: Setting CVar [[gc.SizeOfPermanentObjectPool:0]]
[2019.03.05-17.57.57:591][  0]LogConfig: Setting CVar [[gc.FlushStreamingOnGC:0]]
[2019.03.05-17.57.57:591][  0]LogConfig: Setting CVar [[gc.NumRetriesBeforeForcingGC:10]]
[2019.03.05-17.57.57:591][  0]LogConfig: Setting CVar [[gc.AllowParallelGC:1]]
[2019.03.05-17.57.57:591][  0]LogConfig: Setting CVar [[gc.TimeBetweenPurgingPendingKillObjects:61.1]]
[2019.03.05-17.57.57:591][  0]LogConfig: Setting CVar [[gc.MaxObjectsInEditor:8388607]]
[2019.03.05-17.57.57:591][  0]LogConfig: Setting CVar [[gc.IncrementalBeginDestroyEnabled:1]]
[2019.03.05-17.57.57:592][  0]LogConfig: Setting CVar [[gc.CreateGCClusters:1]]
[2019.03.05-17.57.57:592][  0]LogConfig: Setting CVar [[gc.MergeGCClusters:0]]
[2019.03.05-17.57.57:592][  0]LogConfig: Setting CVar [[gc.MinGCClusterSize:5]]
[2019.03.05-17.57.57:592][  0]LogConfig: Setting CVar [[gc.ActorClusteringEnabled:0]]
[2019.03.05-17.57.57:592][  0]LogConfig: Setting CVar [[gc.BlueprintClusteringEnabled:0]]
[2019.03.05-17.57.57:592][  0]LogConfig: Setting CVar [[gc.UseDisregardForGCOnDedicatedServers:0]]
[2019.03.05-17.57.57:592][  0]LogConfig: Applying CVar settings from Section [/Script/Engine.NetworkSettings] File [C:/Users/MatthewStevenson/Desktop/ascendant/Saved/Config/Windows/Engine.ini]
[2019.03.05-17.57.57:592][  0]LogConfig: Applying CVar settings from Section [/Script/UnrealEd.CookerSettings] File [C:/Users/MatthewStevenson/Desktop/ascendant/Saved/Config/Windows/Engine.ini]
[2019.03.05-17.57.57:600][  0]LogConfig: Applying CVar settings from Section [ViewDistanceQuality@3] File [C:/Users/MatthewStevenson/Desktop/ascendant/Saved/Config/Windows/Scalability.ini]
[2019.03.05-17.57.57:600][  0]LogConfig: Setting CVar [[r.SkeletalMeshLODBias:0]]
[2019.03.05-17.57.57:600][  0]LogConfig: Setting CVar [[r.ViewDistanceScale:1.0]]
[2019.03.05-17.57.57:600][  0]LogConfig: Applying CVar settings from Section [AntiAliasingQuality@3] File [C:/Users/MatthewStevenson/Desktop/ascendant/Saved/Config/Windows/Scalability.ini]
[2019.03.05-17.57.57:600][  0]LogConfig: Setting CVar [[r.PostProcessAAQuality:4]]
[2019.03.05-17.57.57:600][  0]LogConfig: Applying CVar settings from Section [ShadowQuality@3] File [C:/Users/MatthewStevenson/Desktop/ascendant/Saved/Config/Windows/Scalability.ini]
[2019.03.05-17.57.57:600][  0]LogConfig: Setting CVar [[r.LightFunctionQuality:1]]
[2019.03.05-17.57.57:600][  0]LogConfig: Setting CVar [[r.ShadowQuality:5]]
[2019.03.05-17.57.57:600][  0]LogConfig: Setting CVar [[r.Shadow.CSM.MaxCascades:10]]
[2019.03.05-17.57.57:600][  0]LogConfig: Setting CVar [[r.Shadow.MaxResolution:2048]]
[2019.03.05-17.57.57:600][  0]LogConfig: Setting CVar [[r.Shadow.MaxCSMResolution:2048]]
[2019.03.05-17.57.57:600][  0]LogConfig: Setting CVar [[r.Shadow.RadiusThreshold:0.01]]
[2019.03.05-17.57.57:600][  0]LogConfig: Setting CVar [[r.Shadow.DistanceScale:1.0]]
[2019.03.05-17.57.57:600][  0]LogConfig: Setting CVar [[r.Shadow.CSM.TransitionScale:1.0]]
[2019.03.05-17.57.57:600][  0]LogConfig: Setting CVar [[r.Shadow.PreShadowResolutionFactor:1.0]]
[2019.03.05-17.57.57:600][  0]LogConfig: Setting CVar [[r.DistanceFieldShadowing:1]]
[2019.03.05-17.57.57:600][  0]LogConfig: Setting CVar [[r.DistanceFieldAO:1]]
[2019.03.05-17.57.57:600][  0]LogConfig: Setting CVar [[r.AOQuality:2]]
[2019.03.05-17.57.57:600][  0]LogConfig: Setting CVar [[r.VolumetricFog:1]]
[2019.03.05-17.57.57:600][  0]LogConfig: Setting CVar [[r.VolumetricFog.GridPixelSize:8]]
[2019.03.05-17.57.57:600][  0]LogConfig: Setting CVar [[r.VolumetricFog.GridSizeZ:128]]
[2019.03.05-17.57.57:600][  0]LogConfig: Setting CVar [[r.VolumetricFog.HistoryMissSupersampleCount:4]]
[2019.03.05-17.57.57:600][  0]LogConfig: Setting CVar [[r.LightMaxDrawDistanceScale:1]]
[2019.03.05-17.57.57:600][  0]LogConfig: Setting CVar [[r.CapsuleShadows:1]]
[2019.03.05-17.57.57:600][  0]LogConfig: Applying CVar settings from Section [PostProcessQuality@3] File [C:/Users/MatthewStevenson/Desktop/ascendant/Saved/Config/Windows/Scalability.ini]
[2019.03.05-17.57.57:600][  0]LogConfig: Setting CVar [[r.MotionBlurQuality:4]]
[2019.03.05-17.57.57:600][  0]LogConfig: Setting CVar [[r.AmbientOcclusionMipLevelFactor:0.4]]
[2019.03.05-17.57.57:600][  0]LogConfig: Setting CVar [[r.AmbientOcclusionMaxQuality:100]]
[2019.03.05-17.57.57:600][  0]LogConfig: Setting CVar [[r.AmbientOcclusionLevels:-1]]
[2019.03.05-17.57.57:600][  0]LogConfig: Setting CVar [[r.AmbientOcclusionRadiusScale:1.0]]
[2019.03.05-17.57.57:600][  0]LogConfig: Setting CVar [[r.DepthOfFieldQuality:2]]
[2019.03.05-17.57.57:600][  0]LogConfig: Setting CVar [[r.RenderTargetPoolMin:400]]
[2019.03.05-17.57.57:600][  0]LogConfig: Setting CVar [[r.LensFlareQuality:2]]
[2019.03.05-17.57.57:600][  0]LogConfig: Setting CVar [[r.SceneColorFringeQuality:1]]
[2019.03.05-17.57.57:600][  0]LogConfig: Setting CVar [[r.EyeAdaptationQuality:2]]
[2019.03.05-17.57.57:600][  0]LogConfig: Setting CVar [[r.BloomQuality:5]]
[2019.03.05-17.57.57:600][  0]LogConfig: Setting CVar [[r.FastBlurThreshold:100]]
[2019.03.05-17.57.57:600][  0]LogConfig: Setting CVar [[r.Upscale.Quality:3]]
[2019.03.05-17.57.57:600][  0]LogConfig: Setting CVar [[r.Tonemapper.GrainQuantization:1]]
[2019.03.05-17.57.57:600][  0]LogConfig: Setting CVar [[r.LightShaftQuality:1]]
[2019.03.05-17.57.57:600][  0]LogConfig: Setting CVar [[r.Filter.SizeScale:1]]
[2019.03.05-17.57.57:600][  0]LogConfig: Setting CVar [[r.Tonemapper.Quality:5]]
[2019.03.05-17.57.57:600][  0]LogConfig: Setting CVar [[r.DOF.Gather.AccumulatorQuality:1        ; higher gathering accumulator quality]]
[2019.03.05-17.57.57:600][  0]LogConfig: Setting CVar [[r.DOF.Gather.PostfilterMethod:1          ; Median3x3 postfilering method]]
[2019.03.05-17.57.57:600][  0]LogConfig: Setting CVar [[r.DOF.Gather.EnableBokehSettings:0       ; no bokeh simulation when gathering]]
[2019.03.05-17.57.57:600][  0]LogConfig: Setting CVar [[r.DOF.Gather.RingCount:4                 ; medium number of samples when gathering]]
[2019.03.05-17.57.57:600][  0]LogConfig: Setting CVar [[r.DOF.Scatter.ForegroundCompositing:1    ; additive foreground scattering]]
[2019.03.05-17.57.57:600][  0]LogConfig: Setting CVar [[r.DOF.Scatter.BackgroundCompositing:2    ; additive background scattering]]
[2019.03.05-17.57.57:600][  0]LogConfig: Setting CVar [[r.DOF.Scatter.EnableBokehSettings:1      ; bokeh simulation when scattering]]
[2019.03.05-17.57.57:600][  0]LogConfig: Setting CVar [[r.DOF.Scatter.MaxSpriteRatio:0.1         ; only a maximum of 10% of scattered bokeh]]
[2019.03.05-17.57.57:600][  0]LogConfig: Setting CVar [[r.DOF.Recombine.Quality:1                ; cheap slight out of focus]]
[2019.03.05-17.57.57:600][  0]LogConfig: Setting CVar [[r.DOF.Recombine.EnableBokehSettings:0    ; no bokeh simulation on slight out of focus]]
[2019.03.05-17.57.57:600][  0]LogConfig: Setting CVar [[r.DOF.TemporalAAQuality:1                ; more stable temporal accumulation]]
[2019.03.05-17.57.57:600][  0]LogConfig: Setting CVar [[r.DOF.Kernel.MaxForegroundRadius:0.025]]
[2019.03.05-17.57.57:600][  0]LogConfig: Setting CVar [[r.DOF.Kernel.MaxBackgroundRadius:0.025]]
[2019.03.05-17.57.57:601][  0]LogConfig: Applying CVar settings from Section [TextureQuality@3] File [C:/Users/MatthewStevenson/Desktop/ascendant/Saved/Config/Windows/Scalability.ini]
[2019.03.05-17.57.57:601][  0]LogConfig: Setting CVar [[r.Streaming.MipBias:0]]
[2019.03.05-17.57.57:601][  0]LogConfig: Setting CVar [[r.Streaming.AmortizeCPUToGPUCopy:0]]
[2019.03.05-17.57.57:601][  0]LogConfig: Setting CVar [[r.Streaming.MaxNumTexturesToStreamPerFrame:0]]
[2019.03.05-17.57.57:601][  0]LogConfig: Setting CVar [[r.Streaming.Boost:1]]
[2019.03.05-17.57.57:601][  0]LogConfig: Setting CVar [[r.MaxAnisotropy:8]]
[2019.03.05-17.57.57:601][  0]LogConfig: Setting CVar [[r.Streaming.LimitPoolSizeToVRAM:0]]
[2019.03.05-17.57.57:601][  0]LogConfig: Setting CVar [[r.Streaming.PoolSize:1000]]
[2019.03.05-17.57.57:601][  0]LogConfig: Setting CVar [[r.Streaming.MaxEffectiveScreenSize:0]]
[2019.03.05-17.57.57:601][  0]LogConfig: Applying CVar settings from Section [EffectsQuality@3] File [C:/Users/MatthewStevenson/Desktop/ascendant/Saved/Config/Windows/Scalability.ini]
[2019.03.05-17.57.57:601][  0]LogConfig: Setting CVar [[r.TranslucencyLightingVolumeDim:64]]
[2019.03.05-17.57.57:601][  0]LogConfig: Setting CVar [[r.RefractionQuality:2]]
[2019.03.05-17.57.57:601][  0]LogConfig: Setting CVar [[r.SSR.Quality:3]]
[2019.03.05-17.57.57:601][  0]LogConfig: Setting CVar [[r.SceneColorFormat:4]]
[2019.03.05-17.57.57:601][  0]LogConfig: Setting CVar [[r.DetailMode:2]]
[2019.03.05-17.57.57:601][  0]LogConfig: Setting CVar [[r.TranslucencyVolumeBlur:1]]
[2019.03.05-17.57.57:601][  0]LogConfig: Setting CVar [[r.MaterialQualityLevel:1 ; High quality]]
[2019.03.05-17.57.57:601][  0]LogConfig: Setting CVar [[r.SSS.Scale:1]]
[2019.03.05-17.57.57:601][  0]LogConfig: Setting CVar [[r.SSS.SampleSet:2]]
[2019.03.05-17.57.57:601][  0]LogConfig: Setting CVar [[r.SSS.Quality:1]]
[2019.03.05-17.57.57:601][  0]LogConfig: Setting CVar [[r.SSS.HalfRes:1]]
[2019.03.05-17.57.57:601][  0]LogConfig: Setting CVar [[r.EmitterSpawnRateScale:1.0]]
[2019.03.05-17.57.57:601][  0]LogConfig: Setting CVar [[r.ParticleLightQuality:2]]
[2019.03.05-17.57.57:601][  0]LogConfig: Applying CVar settings from Section [FoliageQuality@3] File [C:/Users/MatthewStevenson/Desktop/ascendant/Saved/Config/Windows/Scalability.ini]
[2019.03.05-17.57.57:601][  0]LogConfig: Setting CVar [[foliage.DensityScale:1.0]]
[2019.03.05-17.57.57:601][  0]LogConfig: Setting CVar [[grass.DensityScale:1.0]]
[2019.03.05-17.57.57:601][  0]LogInit: Selected Device Profile: [Windows]
[2019.03.05-17.57.57:601][  0]LogInit: Applying CVar settings loaded from the selected device profile: [Windows]
[2019.03.05-17.57.57:616][  0]LogHAL: Display: Platform has ~ 16 GB [16964759552 / 17179869184 / 16], which maps to Larger [LargestMinGB=32, LargerMinGB=12, DefaultMinGB=8, SmallerMinGB=6, SmallestMinGB=0)
[2019.03.05-17.57.57:616][  0]LogConfig: Setting CVar [[r.Vulkan.UseRealUBs:1]]
[2019.03.05-17.57.57:616][  0]LogInit: Going up to parent DeviceProfile []
[2019.03.05-17.57.57:616][  0]LogConfig: Applying CVar settings from Section [ViewDistanceQuality@3] File [C:/Users/MatthewStevenson/Desktop/ascendant/Saved/Config/Windows/Scalability.ini]
[2019.03.05-17.57.57:616][  0]LogConfig: Setting CVar [[r.SkeletalMeshLODBias:0]]
[2019.03.05-17.57.57:616][  0]LogConfig: Setting CVar [[r.ViewDistanceScale:1.0]]
[2019.03.05-17.57.57:616][  0]LogConfig: Applying CVar settings from Section [AntiAliasingQuality@3] File [C:/Users/MatthewStevenson/Desktop/ascendant/Saved/Config/Windows/Scalability.ini]
[2019.03.05-17.57.57:616][  0]LogConfig: Setting CVar [[r.PostProcessAAQuality:4]]
[2019.03.05-17.57.57:616][  0]LogConfig: Applying CVar settings from Section [ShadowQuality@3] File [C:/Users/MatthewStevenson/Desktop/ascendant/Saved/Config/Windows/Scalability.ini]
[2019.03.05-17.57.57:616][  0]LogConfig: Setting CVar [[r.LightFunctionQuality:1]]
[2019.03.05-17.57.57:616][  0]LogConfig: Setting CVar [[r.ShadowQuality:5]]
[2019.03.05-17.57.57:616][  0]LogConfig: Setting CVar [[r.Shadow.CSM.MaxCascades:10]]
[2019.03.05-17.57.57:616][  0]LogConfig: Setting CVar [[r.Shadow.MaxResolution:2048]]
[2019.03.05-17.57.57:616][  0]LogConfig: Setting CVar [[r.Shadow.MaxCSMResolution:2048]]
[2019.03.05-17.57.57:616][  0]LogConfig: Setting CVar [[r.Shadow.RadiusThreshold:0.01]]
[2019.03.05-17.57.57:616][  0]LogConfig: Setting CVar [[r.Shadow.DistanceScale:1.0]]
[2019.03.05-17.57.57:616][  0]LogConfig: Setting CVar [[r.Shadow.CSM.TransitionScale:1.0]]
[2019.03.05-17.57.57:616][  0]LogConfig: Setting CVar [[r.Shadow.PreShadowResolutionFactor:1.0]]
[2019.03.05-17.57.57:616][  0]LogConfig: Setting CVar [[r.DistanceFieldShadowing:1]]
[2019.03.05-17.57.57:616][  0]LogConfig: Setting CVar [[r.DistanceFieldAO:1]]
[2019.03.05-17.57.57:616][  0]LogConfig: Setting CVar [[r.AOQuality:2]]
[2019.03.05-17.57.57:616][  0]LogConfig: Setting CVar [[r.VolumetricFog:1]]
[2019.03.05-17.57.57:617][  0]LogConfig: Setting CVar [[r.VolumetricFog.GridPixelSize:8]]
[2019.03.05-17.57.57:617][  0]LogConfig: Setting CVar [[r.VolumetricFog.GridSizeZ:128]]
[2019.03.05-17.57.57:617][  0]LogConfig: Setting CVar [[r.VolumetricFog.HistoryMissSupersampleCount:4]]
[2019.03.05-17.57.57:617][  0]LogConfig: Setting CVar [[r.LightMaxDrawDistanceScale:1]]
[2019.03.05-17.57.57:617][  0]LogConfig: Setting CVar [[r.CapsuleShadows:1]]
[2019.03.05-17.57.57:617][  0]LogConfig: Applying CVar settings from Section [PostProcessQuality@3] File [C:/Users/MatthewStevenson/Desktop/ascendant/Saved/Config/Windows/Scalability.ini]
[2019.03.05-17.57.57:617][  0]LogConfig: Setting CVar [[r.MotionBlurQuality:4]]
[2019.03.05-17.57.57:617][  0]LogConfig: Setting CVar [[r.AmbientOcclusionMipLevelFactor:0.4]]
[2019.03.05-17.57.57:617][  0]LogConfig: Setting CVar [[r.AmbientOcclusionMaxQuality:100]]
[2019.03.05-17.57.57:617][  0]LogConfig: Setting CVar [[r.AmbientOcclusionLevels:-1]]
[2019.03.05-17.57.57:617][  0]LogConfig: Setting CVar [[r.AmbientOcclusionRadiusScale:1.0]]
[2019.03.05-17.57.57:617][  0]LogConfig: Setting CVar [[r.DepthOfFieldQuality:2]]
[2019.03.05-17.57.57:617][  0]LogConfig: Setting CVar [[r.RenderTargetPoolMin:400]]
[2019.03.05-17.57.57:617][  0]LogConfig: Setting CVar [[r.LensFlareQuality:2]]
[2019.03.05-17.57.57:617][  0]LogConfig: Setting CVar [[r.SceneColorFringeQuality:1]]
[2019.03.05-17.57.57:617][  0]LogConfig: Setting CVar [[r.EyeAdaptationQuality:2]]
[2019.03.05-17.57.57:617][  0]LogConfig: Setting CVar [[r.BloomQuality:5]]
[2019.03.05-17.57.57:617][  0]LogConfig: Setting CVar [[r.FastBlurThreshold:100]]
[2019.03.05-17.57.57:617][  0]LogConfig: Setting CVar [[r.Upscale.Quality:3]]
[2019.03.05-17.57.57:617][  0]LogConfig: Setting CVar [[r.Tonemapper.GrainQuantization:1]]
[2019.03.05-17.57.57:617][  0]LogConfig: Setting CVar [[r.LightShaftQuality:1]]
[2019.03.05-17.57.57:617][  0]LogConfig: Setting CVar [[r.Filter.SizeScale:1]]
[2019.03.05-17.57.57:617][  0]LogConfig: Setting CVar [[r.Tonemapper.Quality:5]]
[2019.03.05-17.57.57:617][  0]LogConfig: Setting CVar [[r.DOF.Gather.AccumulatorQuality:1        ; higher gathering accumulator quality]]
[2019.03.05-17.57.57:617][  0]LogConfig: Setting CVar [[r.DOF.Gather.PostfilterMethod:1          ; Median3x3 postfilering method]]
[2019.03.05-17.57.57:617][  0]LogConfig: Setting CVar [[r.DOF.Gather.EnableBokehSettings:0       ; no bokeh simulation when gathering]]
[2019.03.05-17.57.57:617][  0]LogConfig: Setting CVar [[r.DOF.Gather.RingCount:4                 ; medium number of samples when gathering]]
[2019.03.05-17.57.57:617][  0]LogConfig: Setting CVar [[r.DOF.Scatter.ForegroundCompositing:1    ; additive foreground scattering]]
[2019.03.05-17.57.57:617][  0]LogConfig: Setting CVar [[r.DOF.Scatter.BackgroundCompositing:2    ; additive background scattering]]
[2019.03.05-17.57.57:617][  0]LogConfig: Setting CVar [[r.DOF.Scatter.EnableBokehSettings:1      ; bokeh simulation when scattering]]
[2019.03.05-17.57.57:617][  0]LogConfig: Setting CVar [[r.DOF.Scatter.MaxSpriteRatio:0.1         ; only a maximum of 10% of scattered bokeh]]
[2019.03.05-17.57.57:617][  0]LogConfig: Setting CVar [[r.DOF.Recombine.Quality:1                ; cheap slight out of focus]]
[2019.03.05-17.57.57:617][  0]LogConfig: Setting CVar [[r.DOF.Recombine.EnableBokehSettings:0    ; no bokeh simulation on slight out of focus]]
[2019.03.05-17.57.57:617][  0]LogConfig: Setting CVar [[r.DOF.TemporalAAQuality:1                ; more stable temporal accumulation]]
[2019.03.05-17.57.57:617][  0]LogConfig: Setting CVar [[r.DOF.Kernel.MaxForegroundRadius:0.025]]
[2019.03.05-17.57.57:617][  0]LogConfig: Setting CVar [[r.DOF.Kernel.MaxBackgroundRadius:0.025]]
[2019.03.05-17.57.57:617][  0]LogConfig: Applying CVar settings from Section [TextureQuality@3] File [C:/Users/MatthewStevenson/Desktop/ascendant/Saved/Config/Windows/Scalability.ini]
[2019.03.05-17.57.57:617][  0]LogConfig: Setting CVar [[r.Streaming.MipBias:0]]
[2019.03.05-17.57.57:617][  0]LogConfig: Setting CVar [[r.Streaming.AmortizeCPUToGPUCopy:0]]
[2019.03.05-17.57.57:617][  0]LogConfig: Setting CVar [[r.Streaming.MaxNumTexturesToStreamPerFrame:0]]
[2019.03.05-17.57.57:617][  0]LogConfig: Setting CVar [[r.Streaming.Boost:1]]
[2019.03.05-17.57.57:617][  0]LogConfig: Setting CVar [[r.MaxAnisotropy:8]]
[2019.03.05-17.57.57:617][  0]LogConfig: Setting CVar [[r.Streaming.LimitPoolSizeToVRAM:0]]
[2019.03.05-17.57.57:617][  0]LogConfig: Setting CVar [[r.Streaming.PoolSize:1000]]
[2019.03.05-17.57.57:617][  0]LogConfig: Setting CVar [[r.Streaming.MaxEffectiveScreenSize:0]]
[2019.03.05-17.57.57:617][  0]LogConfig: Applying CVar settings from Section [EffectsQuality@3] File [C:/Users/MatthewStevenson/Desktop/ascendant/Saved/Config/Windows/Scalability.ini]
[2019.03.05-17.57.57:617][  0]LogConfig: Setting CVar [[r.TranslucencyLightingVolumeDim:64]]
[2019.03.05-17.57.57:617][  0]LogConfig: Setting CVar [[r.RefractionQuality:2]]
[2019.03.05-17.57.57:617][  0]LogConfig: Setting CVar [[r.SSR.Quality:3]]
[2019.03.05-17.57.57:617][  0]LogConfig: Setting CVar [[r.SceneColorFormat:4]]
[2019.03.05-17.57.57:617][  0]LogConfig: Setting CVar [[r.DetailMode:2]]
[2019.03.05-17.57.57:617][  0]LogConfig: Setting CVar [[r.TranslucencyVolumeBlur:1]]
[2019.03.05-17.57.57:617][  0]LogConfig: Setting CVar [[r.MaterialQualityLevel:1 ; High quality]]
[2019.03.05-17.57.57:617][  0]LogConfig: Setting CVar [[r.SSS.Scale:1]]
[2019.03.05-17.57.57:617][  0]LogConfig: Setting CVar [[r.SSS.SampleSet:2]]
[2019.03.05-17.57.57:617][  0]LogConfig: Setting CVar [[r.SSS.Quality:1]]
[2019.03.05-17.57.57:617][  0]LogConfig: Setting CVar [[r.SSS.HalfRes:1]]
[2019.03.05-17.57.57:617][  0]LogConfig: Setting CVar [[r.EmitterSpawnRateScale:1.0]]
[2019.03.05-17.57.57:617][  0]LogConfig: Setting CVar [[r.ParticleLightQuality:2]]
[2019.03.05-17.57.57:617][  0]LogConfig: Applying CVar settings from Section [FoliageQuality@3] File [C:/Users/MatthewStevenson/Desktop/ascendant/Saved/Config/Windows/Scalability.ini]
[2019.03.05-17.57.57:617][  0]LogConfig: Setting CVar [[foliage.DensityScale:1.0]]
[2019.03.05-17.57.57:617][  0]LogConfig: Setting CVar [[grass.DensityScale:1.0]]
[2019.03.05-17.57.57:617][  0]LogConfig: Applying CVar settings from Section [Startup] File [../../../Engine/Config/ConsoleVariables.ini]
[2019.03.05-17.57.57:618][  0]LogConfig: Setting CVar [[net.UseAdaptiveNetUpdateFrequency:0]]
[2019.03.05-17.57.57:618][  0]LogConfig: Applying CVar settings from Section [ConsoleVariables] File [C:/Users/MatthewStevenson/Desktop/ascendant/Saved/Config/Windows/Engine.ini]
[2019.03.05-17.57.57:618][  0]LogInit: Computer: LAPTOP-EASSN1N8
[2019.03.05-17.57.57:618][  0]LogInit: User: MatthewStevenson
[2019.03.05-17.57.57:618][  0]LogInit: CPU Page size=4096, Cores=4
[2019.03.05-17.57.57:618][  0]LogInit: High frequency timer resolution =2.531252 MHz
[2019.03.05-17.57.57:618][  0]LogMemory: Memory total: Physical=15.8GB (16GB approx)
[2019.03.05-17.57.57:618][  0]LogMemory: Platform Memory Stats for Windows
[2019.03.05-17.57.57:618][  0]LogMemory: Process Physical Memory: 103.23 MB used, 103.23 MB peak
[2019.03.05-17.57.57:618][  0]LogMemory: Process Virtual Memory: 96.92 MB used, 96.92 MB peak
[2019.03.05-17.57.57:618][  0]LogMemory: Physical Memory: 8189.45 MB used,  7989.40 MB free, 16178.86 MB total
[2019.03.05-17.57.57:618][  0]LogMemory: Virtual Memory: 4658.24 MB used,  134213072.00 MB free, 134217728.00 MB total
[2019.03.05-17.57.57:638][  0]LogInit: Using OS detected language (en-US).
[2019.03.05-17.57.57:638][  0]LogInit: Using OS detected locale (en-US).
[2019.03.05-17.57.57:639][  0]LogTextLocalizationManager: No specific localization for 'en-US' exists, so the 'en' localization will be used.
[2019.03.05-17.57.58:117][  0]LogStreaming: Display: Took  0.479s to InitEngineTextLocalization.
[2019.03.05-17.57.58:117][  0]LogInit: Setting process to per monitor DPI aware
[2019.03.05-17.57.58:159][  0]LogSlate: New Slate User Created.  User Index 0, Is Virtual User: 0
[2019.03.05-17.57.58:159][  0]LogSlate: Slate User Registered.  User Index 0, Is Virtual User: 0
[2019.03.05-17.57.58:457][  0]LogHMD: Failed to initialize OpenVR with code 110
[2019.03.05-17.57.58:457][  0]LogD3D11RHI: D3D11 adapters:
[2019.03.05-17.57.58:499][  0]LogD3D11RHI:    0. 'NVIDIA GeForce GTX 950M' (Feature Level 11_0)
[2019.03.05-17.57.58:499][  0]LogD3D11RHI:       4064/0/8089 MB DedicatedVideo/DedicatedSystem/SharedSystem, Outputs:2, VendorId:0x10de
[2019.03.05-17.57.58:509][  0]LogD3D11RHI:    1. 'Intel(R) HD Graphics 530' (Feature Level 11_0)
[2019.03.05-17.57.58:510][  0]LogD3D11RHI:       128/0/8089 MB DedicatedVideo/DedicatedSystem/SharedSystem, Outputs:0, VendorId:0x8086
[2019.03.05-17.57.58:512][  0]LogD3D11RHI:    2. 'Microsoft Basic Render Driver' (Feature Level 11_0)
[2019.03.05-17.57.58:512][  0]LogD3D11RHI:       0/0/8089 MB DedicatedVideo/DedicatedSystem/SharedSystem, Outputs:0, VendorId:0x1414
[2019.03.05-17.57.58:512][  0]LogD3D11RHI: Chosen D3D11 Adapter: 0
[2019.03.05-17.57.58:563][  0]LogD3D11RHI: Creating new Direct3DDevice
[2019.03.05-17.57.58:563][  0]LogD3D11RHI:     GPU DeviceId: 0x139a (for the marketing name, search the web for "GPU Device Id")
[2019.03.05-17.57.58:563][  0]LogWindows: EnumDisplayDevices:
[2019.03.05-17.57.58:563][  0]LogWindows:    0. 'Intel(R) HD Graphics 530' (P:1 D:1)
[2019.03.05-17.57.58:563][  0]LogWindows:    1. 'Intel(R) HD Graphics 530' (P:0 D:1)
[2019.03.05-17.57.58:564][  0]LogWindows:    2. 'Intel(R) HD Graphics 530' (P:0 D:0)
[2019.03.05-17.57.58:564][  0]LogWindows: DebugString: PrimaryIsNotTheChoosenAdapter PrimaryIsNotTheChoosenAdapter PrimaryIsNotTheChoosenAdapter FoundDriverCount:0 
[2019.03.05-17.57.58:564][  0]LogD3D11RHI:     Adapter Name: NVIDIA GeForce GTX 950M
[2019.03.05-17.57.58:564][  0]LogD3D11RHI:   Driver Version: Unknown (internal:Unknown, unified:Unknown)
[2019.03.05-17.57.58:564][  0]LogD3D11RHI:      Driver Date: Unknown
[2019.03.05-17.57.58:564][  0]LogRHI: Texture pool is 2845 MB (70% of 4064 MB)
[2019.03.05-17.57.58:584][  0]LogD3D11RHI: Async texture creation enabled
[2019.03.05-17.57.58:596][  0]LogD3D11RHI: GPU Timing Frequency: 1000.000000 (Debug: 2 1)
[2019.03.05-17.57.58:974][  0]LogTemp: Display: Loaded TP AllDesktopTargetPlatform
[2019.03.05-17.57.58:989][  0]LogTemp: Display: Loaded TP MacClientTargetPlatform
[2019.03.05-17.57.59:006][  0]LogTemp: Display: Loaded TP MacNoEditorTargetPlatform
[2019.03.05-17.57.59:021][  0]LogTemp: Display: Loaded TP MacServerTargetPlatform
[2019.03.05-17.57.59:041][  0]LogTemp: Display: Loaded TP MacTargetPlatform
[2019.03.05-17.57.59:058][  0]LogTemp: Display: Loaded TP WindowsClientTargetPlatform
[2019.03.05-17.57.59:074][  0]LogTemp: Display: Loaded TP WindowsNoEditorTargetPlatform
[2019.03.05-17.57.59:090][  0]LogTemp: Display: Loaded TP WindowsServerTargetPlatform
[2019.03.05-17.57.59:097][  0]LogTemp: Display: Loaded TP WindowsTargetPlatform
[2019.03.05-17.57.59:185][  0]LogTemp: Display: Loaded TP AndroidTargetPlatform
[2019.03.05-17.57.59:185][  0]LogTemp: Display: Loaded TP AndroidTargetPlatform
[2019.03.05-17.57.59:185][  0]LogTemp: Display: Loaded TP AndroidTargetPlatform
[2019.03.05-17.57.59:185][  0]LogTemp: Display: Loaded TP AndroidTargetPlatform
[2019.03.05-17.57.59:185][  0]LogTemp: Display: Loaded TP AndroidTargetPlatform
[2019.03.05-17.57.59:185][  0]LogTemp: Display: Loaded TP AndroidTargetPlatform
[2019.03.05-17.57.59:185][  0]LogTemp: Display: Loaded TP AndroidTargetPlatform
[2019.03.05-17.57.59:185][  0]LogTemp: Display: Loaded TP AndroidTargetPlatform
[2019.03.05-17.57.59:185][  0]LogTemp: Display: Loaded TP AndroidTargetPlatform
[2019.03.05-17.57.59:186][  0]LogTemp: Display: Loaded TP AndroidTargetPlatform
[2019.03.05-17.57.59:186][  0]LogTemp: Display: Loaded TP AndroidTargetPlatform
[2019.03.05-17.57.59:186][  0]LogTemp: Display: Loaded TP AndroidTargetPlatform
[2019.03.05-17.57.59:186][  0]LogTemp: Display: Loaded TP AndroidTargetPlatform
[2019.03.05-17.57.59:186][  0]LogTemp: Display: Loaded TP AndroidTargetPlatform
[2019.03.05-17.57.59:186][  0]LogTemp: Display: Loaded TP AndroidTargetPlatform
[2019.03.05-17.57.59:186][  0]LogTemp: Display: Loaded TP AndroidTargetPlatform
[2019.03.05-17.57.59:186][  0]LogTemp: Display: Loaded TP AndroidTargetPlatform
[2019.03.05-17.57.59:186][  0]LogTemp: Display: Loaded TP AndroidTargetPlatform
[2019.03.05-17.57.59:187][  0]LogTemp: Display: Loaded TP HTML5TargetPlatform
[2019.03.05-17.57.59:260][  0]LogTemp: Display: Loaded TP IOSTargetPlatform
[2019.03.05-17.57.59:260][  0]LogTemp: Display: Loaded TP IOSTargetPlatform
[2019.03.05-17.57.59:287][  0]LogTemp: Display: Loaded TP TVOSTargetPlatform
[2019.03.05-17.57.59:287][  0]LogTemp: Display: Loaded TP TVOSTargetPlatform
[2019.03.05-17.57.59:301][  0]LogTemp: Display: Loaded TP LinuxClientTargetPlatform
[2019.03.05-17.57.59:315][  0]LogTemp: Display: Loaded TP LinuxNoEditorTargetPlatform
[2019.03.05-17.57.59:329][  0]LogTemp: Display: Loaded TP LinuxServerTargetPlatform
[2019.03.05-17.57.59:346][  0]LogTemp: Display: Loaded TP LinuxTargetPlatform
[2019.03.05-17.57.59:393][  0]LogTemp: Display: Loaded TP LuminTargetPlatform
[2019.03.05-17.57.59:393][  0]LogTemp: Display: Loaded TP LuminTargetPlatform
[2019.03.05-17.57.59:393][  0]LogTargetPlatformManager: Display: Building Assets For Windows
[2019.03.05-17.57.59:458][  0]LogShaderCompilers: Guid format shader working directory is -2 characters bigger than the processId version (../../../../../../Users/MatthewStevenson/Desktop/ascendant/Intermediate/Shaders/WorkingDirectory/17364/).
[2019.03.05-17.57.59:458][  0]LogShaderCompilers: Cleaned the shader compiler working directory 'C:/Users/MatthewStevenson/AppData/Local/Temp/UnrealShaderWorkingDir/C8BFFB974E022DB897E3829453B0078C/'.
[2019.03.05-17.57.59:460][  0]LogXGEController: Cannot use XGE Controller as Incredibuild is not installed on this machine.
[2019.03.05-17.57.59:460][  0]LogShaderCompilers: Cannot use XGE Shader Compiler as Incredibuild is not installed on this machine.
[2019.03.05-17.57.59:460][  0]LogShaderCompilers: Display: Using Local Shader Compiler.
[2019.03.05-17.58.00:067][  0]LogDerivedDataCache: Display: Max Cache Size: 512 MB
[2019.03.05-17.58.00:123][  0]LogDerivedDataCache: Loaded boot cache 0.06s 71MB C:/Users/MatthewStevenson/AppData/Local/UnrealEngine/4.21/DerivedDataCache/Boot.ddc.
[2019.03.05-17.58.00:123][  0]LogDerivedDataCache: Display: Loaded Boot cache: C:/Users/MatthewStevenson/AppData/Local/UnrealEngine/4.21/DerivedDataCache/Boot.ddc
[2019.03.05-17.58.00:123][  0]LogDerivedDataCache: FDerivedDataBackendGraph:  Pak pak cache file ../../../../../../Users/MatthewStevenson/Desktop/ascendant/DerivedDataCache/DDC.ddp not found, will not use a pak cache.
[2019.03.05-17.58.00:123][  0]LogDerivedDataCache: Unable to find inner node Pak for hierarchical cache Hierarchy.
[2019.03.05-17.58.00:123][  0]LogDerivedDataCache: FDerivedDataBackendGraph:  CompressedPak pak cache file ../../../../../../Users/MatthewStevenson/Desktop/ascendant/DerivedDataCache/Compressed.ddp not found, will not use a pak cache.
[2019.03.05-17.58.00:123][  0]LogDerivedDataCache: Unable to find inner node CompressedPak for hierarchical cache Hierarchy.
[2019.03.05-17.58.00:138][  0]LogDerivedDataCache: Display: Pak cache opened for reading ../../../Engine/DerivedDataCache/Compressed.ddp.
[2019.03.05-17.58.00:138][  0]LogDerivedDataCache: FDerivedDataBackendGraph:  EnterprisePak pak cache file ../../../Enterprise/DerivedDataCache/Compressed.ddp not found, will not use a pak cache.
[2019.03.05-17.58.00:138][  0]LogDerivedDataCache: Unable to find inner node EnterprisePak for hierarchical cache Hierarchy.
[2019.03.05-17.58.00:151][  0]LogDerivedDataCache: Using Local data cache path C:/Users/MatthewStevenson/AppData/Local/UnrealEngine/Common/DerivedDataCache: Writable
[2019.03.05-17.58.00:151][  0]LogDerivedDataCache: Shared data cache path not found in *engine.ini, will not use an Shared cache.
[2019.03.05-17.58.00:151][  0]LogDerivedDataCache: Unable to find inner node Shared for hierarchical cache Hierarchy.
[2019.03.05-17.58.00:181][  0]LogMaterial: Verifying Global Shaders for PCD3D_SM5
[2019.03.05-17.58.00:182][  0]LogSlate: Using FreeType 2.6.0
[2019.03.05-17.58.00:183][  0]LogSlate: SlateFontServices - WITH_FREETYPE: 1, WITH_HARFBUZZ: 1
[2019.03.05-17.58.00:288][  0]LogAssetRegistry: FAssetRegistry took 0.0400 seconds to start up
[2019.03.05-17.58.00:661][  0]LogInit: Selected Device Profile: [Windows]
[2019.03.05-17.58.00:861][  0]LogSimplygon: Simplygon DLL not present - disabling.
[2019.03.05-17.58.00:865][  0]LogMeshReduction: Using SimplygonSwarm for distributed automatic mesh merging
[2019.03.05-17.58.00:865][  0]LogMeshReduction: Using ProxyLODMeshReduction for automatic mesh merging
[2019.03.05-17.58.00:865][  0]LogMeshReduction: Using QuadricMeshReduction for automatic static mesh reduction
[2019.03.05-17.58.00:865][  0]LogMeshReduction: No automatic skeletal mesh reduction module available
[2019.03.05-17.58.00:880][  0]LogNetVersion: sidescroller 1.0.0, NetCL: 4541578, EngineNetVer: 5, GameNetVer: 0 (Checksum: 3708659865)
[2019.03.05-17.58.01:534][  0]LogPackageLocalizationCache: Processed 11 localized package path(s) for 2 prioritized culture(s) in 0.111792 seconds
[2019.03.05-17.58.01:540][  0]LogUObjectArray: 39775 objects as part of root set at end of initial load.
[2019.03.05-17.58.01:540][  0]LogUObjectAllocator: 6914664 out of 0 bytes used by permanent object pool.
[2019.03.05-17.58.01:540][  0]LogUObjectArray: CloseDisregardForGC: 0/0 objects in disregard for GC pool
[2019.03.05-17.58.02:647][  0]LogTcpMessaging: Initializing TcpMessaging bridge
[2019.03.05-17.58.02:661][  0]LogUdpMessaging: Initializing bridge on interface 0.0.0.0:0 to multicast group 230.0.0.1:6666.
[2019.03.05-17.58.03:410][  0]SourceControl: Source control is disabled
[2019.03.05-17.58.03:410][  0]SourceControl: Source control is disabled
[2019.03.05-17.58.03:411][  0]SourceControl: Source control is disabled
[2019.03.05-17.58.03:412][  0]SourceControl: Source control is disabled
[2019.03.05-17.58.03:571][  0]LogAndroidPermission: UAndroidPermissionCallbackProxy::GetInstance
[2019.03.05-17.58.03:655][  0]LogOcInput: OculusInput pre-init called
[2019.03.05-17.58.03:803][  0]LogEngine: Initializing Engine...
[2019.03.05-17.58.03:804][  0]LogHMD: Failed to initialize OpenVR with code 110
[2019.03.05-17.58.03:805][  0]LogStats: UGameplayTagsManager::ConstructGameplayTagTree: ImportINI prefixes -  0.000 s
[2019.03.05-17.58.03:805][  0]LogStats: UGameplayTagsManager::ConstructGameplayTagTree: Construct from data asset -  0.000 s
[2019.03.05-17.58.03:806][  0]LogStats: UGameplayTagsManager::ConstructGameplayTagTree: ImportINI -  0.000 s
[2019.03.05-17.58.03:806][  0]LogStats: UGameplayTagsManager::ConstructGameplayTagTree: GameplayTagTreeChangedEvent.Broadcast -  0.000 s
[2019.03.05-17.58.04:073][  0]LogInit: Initializing FReadOnlyCVARCache
[2019.03.05-17.58.04:089][  0]LogAIModule: Creating AISystem for world Untitled
[2019.03.05-17.58.04:117][  0]LogInit: XAudio2 using 'Speakers (5- Logitech USB Headset)' : 2 channels at 48 kHz using 16 bits per sample (channel mask 0x3)
[2019.03.05-17.58.04:149][  0]LogInit: FAudioDevice initialized.
[2019.03.05-17.58.04:149][  0]LogNetVersion: Set ProjectVersion to 1.0.0.0. Version Checksum will be recalculated on next use.
[2019.03.05-17.58.04:238][  0]LogDerivedDataCache: Saved boot cache 0.09s 71MB C:/Users/MatthewStevenson/AppData/Local/UnrealEngine/4.21/DerivedDataCache/Boot.ddc.
[2019.03.05-17.58.04:254][  0]LogInit: Texture streaming: Enabled
[2019.03.05-17.58.04:276][  0]LogEngineSessionManager: EngineSessionManager initialized
[2019.03.05-17.58.04:294][  0]LogInit: Transaction tracking system initialized
[2019.03.05-17.58.04:327][  0]BlueprintLog: New page: Editor Load
[2019.03.05-17.58.04:429][  0]LocalizationService: Localization service is disabled
[2019.03.05-17.58.05:025][  0]LogFileCache: Scanning file cache for directory 'C:/Users/MatthewStevenson/Desktop/ascendant/Content/' took 0.02s
[2019.03.05-17.58.05:025][  0]LogCook: Display: Max memory allowance for cook 16384mb min free memory 0mb
[2019.03.05-17.58.05:025][  0]LogCook: Display: Mobile HDR setting 1
[2019.03.05-17.58.05:025][  0]LogGameplayTags: Display: UGameplayTagsManager::DoneAddingNativeTags. DelegateIsBound: 0
[2019.03.05-17.58.05:025][  0]LogStats: UGameplayTagsManager::ConstructGameplayTagTree: ImportINI prefixes -  0.000 s
[2019.03.05-17.58.05:025][  0]LogStats: UGameplayTagsManager::ConstructGameplayTagTree: Construct from data asset -  0.000 s
[2019.03.05-17.58.05:026][  0]LogStats: UGameplayTagsManager::ConstructGameplayTagTree: ImportINI -  0.000 s
[2019.03.05-17.58.05:026][  0]LogStats: UGameplayTagsManager::ConstructGameplayTagTree: GameplayTagTreeChangedEvent.Broadcast -  0.000 s
[2019.03.05-17.58.05:179][  0]SourceControl: Source control is disabled
[2019.03.05-17.58.05:179][  0]Cmd: MAP LOAD FILE="../../../../../../Users/MatthewStevenson/Desktop/ascendant/Content/2DSideScrollerBP/Maps/2DSideScrollerExampleMap.umap" TEMPLATE=0 SHOWPROGRESS=1 FEATURELEVEL=3
[2019.03.05-17.58.05:180][  0]LightingResults: New page: Lighting Build
[2019.03.05-17.58.05:184][  0]MapCheck: New page: Map Check
[2019.03.05-17.58.05:185][  0]LightingResults: New page: Lighting Build
[2019.03.05-17.58.06:025][  0]LogLinker: Warning: Can't find file '/Game/2DSideScrollerBP/Blueprints/SpawnPoint_LeftMiddle'
[2019.03.05-17.58.06:025][  0]LogLinker: Warning: Can't find file for asset '/Game/2DSideScrollerBP/Blueprints/SpawnPoint_LeftMiddle' while loading ../../../../../../Users/MatthewStevenson/Desktop/ascendant/Content/2DSideScrollerBP/Blueprints/2DSideScrollerGameMode.uasset.
[2019.03.05-17.58.06:025][  0]LoadErrors: Error: /Game/2DSideScrollerBP/Blueprints/2DSideScrollerGameMode : Can't find file for asset. /Game/2DSideScrollerBP/Blueprints/SpawnPoint_LeftMiddle
[2019.03.05-17.58.06:036][  0]LogLinker: Warning: Can't find file '/Game/2DSideScrollerBP/Blueprints/SpawnPoint_LeftMiddle'
[2019.03.05-17.58.06:036][  0]LogLinker: Warning: Can't find file for asset '/Game/2DSideScrollerBP/Blueprints/SpawnPoint_LeftMiddle' while loading ../../../../../../Users/MatthewStevenson/Desktop/ascendant/Content/2DSideScrollerBP/Blueprints/2DSideScrollerGameMode.uasset.
[2019.03.05-17.58.06:036][  0]LoadErrors: Error: /Game/2DSideScrollerBP/Blueprints/2DSideScrollerGameMode : Can't find file for asset. /Game/2DSideScrollerBP/Blueprints/SpawnPoint_LeftMiddle
[2019.03.05-17.58.06:038][  0]LogLinker: Warning: Can't find file '/Game/2DSideScrollerBP/Blueprints/SpawnPoint_LeftMiddle'
[2019.03.05-17.58.06:038][  0]LogLinker: Warning: Can't find file for asset '/Game/2DSideScrollerBP/Blueprints/SpawnPoint_LeftMiddle' while loading ../../../../../../Users/MatthewStevenson/Desktop/ascendant/Content/2DSideScrollerBP/Maps/2DSideScrollerExampleMap.umap.
[2019.03.05-17.58.06:038][  0]LoadErrors: Error: /Game/2DSideScrollerBP/Maps/2DSideScrollerExampleMap : Can't find file for asset. /Game/2DSideScrollerBP/Blueprints/SpawnPoint_LeftMiddle
[2019.03.05-17.58.06:038][  0]LogLinker: Warning: Can't find file '/Game/2DSideScrollerBP/Blueprints/SpawnPoint_LeftMiddle'
[2019.03.05-17.58.06:038][  0]LogLinker: Warning: Can't find file for asset '/Game/2DSideScrollerBP/Blueprints/SpawnPoint_LeftMiddle' while loading ../../../../../../Users/MatthewStevenson/Desktop/ascendant/Content/2DSideScrollerBP/Maps/2DSideScrollerExampleMap.umap.
[2019.03.05-17.58.06:039][  0]LoadErrors: Error: /Game/2DSideScrollerBP/Maps/2DSideScrollerExampleMap : Can't find file for asset. /Game/2DSideScrollerBP/Blueprints/SpawnPoint_LeftMiddle
[2019.03.05-17.58.06:039][  0]LogLinker: Warning: Can't find file '/Game/2DSideScrollerBP/Blueprints/SpawnPoint_LeftMiddle'
[2019.03.05-17.58.06:039][  0]LogLinker: Warning: Can't find file for asset '/Game/2DSideScrollerBP/Blueprints/SpawnPoint_LeftMiddle' while loading ../../../../../../Users/MatthewStevenson/Desktop/ascendant/Content/2DSideScrollerBP/Maps/2DSideScrollerExampleMap.umap.
[2019.03.05-17.58.06:039][  0]LoadErrors: Error: /Game/2DSideScrollerBP/Maps/2DSideScrollerExampleMap : Can't find file for asset. /Game/2DSideScrollerBP/Blueprints/SpawnPoint_LeftMiddle
[2019.03.05-17.58.06:053][  0]LogLinker: Warning: Can't find file '/Game/2DSideScrollerBP/Blueprints/SpawnPoint_LeftMiddle'
[2019.03.05-17.58.06:053][  0]LoadErrors: Failed to load /Game/2DSideScrollerBP/Blueprints/SpawnPoint_LeftMiddle.SpawnPoint_LeftMiddle_C Referenced by K2Node_CallFunction_58
[2019.03.05-17.58.06:053][  0]LogLinker: Warning: Can't find file for asset '/Game/2DSideScrollerBP/Blueprints/SpawnPoint_LeftMiddle' while loading ../../../../../../Users/MatthewStevenson/Desktop/ascendant/Content/2DSideScrollerBP/Maps/2DSideScrollerExampleMap.umap.
[2019.03.05-17.58.06:053][  0]LoadErrors: Failed to load /Game/2DSideScrollerBP/Blueprints/SpawnPoint_LeftMiddle.SpawnPoint_LeftMiddle_C Referenced by K2Node_CallFunction_58
[2019.03.05-17.58.06:053][  0]LoadErrors: Error: /Game/2DSideScrollerBP/Maps/2DSideScrollerExampleMap : Can't find file for asset. /Game/2DSideScrollerBP/Blueprints/SpawnPoint_LeftMiddle
[2019.03.05-17.58.06:054][  0]LogLinker: Warning: Can't find file '/Game/2DSideScrollerBP/Blueprints/SpawnPoint_LeftMiddle'
[2019.03.05-17.58.06:054][  0]LoadErrors: Failed to load /Game/2DSideScrollerBP/Blueprints/SpawnPoint_LeftMiddle.SpawnPoint_LeftMiddle_C Referenced by K2Node_CallFunction_58
[2019.03.05-17.58.06:054][  0]LogLinker: Warning: Can't find file for asset '/Game/2DSideScrollerBP/Blueprints/SpawnPoint_LeftMiddle' while loading ../../../../../../Users/MatthewStevenson/Desktop/ascendant/Content/2DSideScrollerBP/Maps/2DSideScrollerExampleMap.umap.
[2019.03.05-17.58.06:054][  0]LoadErrors: Failed to load /Game/2DSideScrollerBP/Blueprints/SpawnPoint_LeftMiddle.SpawnPoint_LeftMiddle_C Referenced by K2Node_CallFunction_58
[2019.03.05-17.58.06:054][  0]LoadErrors: Error: /Game/2DSideScrollerBP/Maps/2DSideScrollerExampleMap : Can't find file for asset. /Game/2DSideScrollerBP/Blueprints/SpawnPoint_LeftMiddle
[2019.03.05-17.58.06:054][  0]LogLinker: Warning: Can't find file '/Game/2DSideScrollerBP/Blueprints/SpawnPoint_LeftMiddle'
[2019.03.05-17.58.06:054][  0]LoadErrors: Failed to load /Game/2DSideScrollerBP/Blueprints/SpawnPoint_LeftMiddle.SpawnPoint_LeftMiddle_C Referenced by K2Node_GetArrayItem_0
[2019.03.05-17.58.06:054][  0]LogLinker: Warning: Can't find file for asset '/Game/2DSideScrollerBP/Blueprints/SpawnPoint_LeftMiddle' while loading ../../../../../../Users/MatthewStevenson/Desktop/ascendant/Content/2DSideScrollerBP/Maps/2DSideScrollerExampleMap.umap.
[2019.03.05-17.58.06:054][  0]LoadErrors: Failed to load /Game/2DSideScrollerBP/Blueprints/SpawnPoint_LeftMiddle.SpawnPoint_LeftMiddle_C Referenced by K2Node_GetArrayItem_0
[2019.03.05-17.58.06:054][  0]LoadErrors: Error: /Game/2DSideScrollerBP/Maps/2DSideScrollerExampleMap : Can't find file for asset. /Game/2DSideScrollerBP/Blueprints/SpawnPoint_LeftMiddle
[2019.03.05-17.58.06:054][  0]LogLinker: Warning: Can't find file '/Game/2DSideScrollerBP/Blueprints/SpawnPoint_LeftMiddle'
[2019.03.05-17.58.06:054][  0]LoadErrors: Failed to load /Game/2DSideScrollerBP/Blueprints/SpawnPoint_LeftMiddle.SpawnPoint_LeftMiddle_C Referenced by K2Node_GetArrayItem_0
[2019.03.05-17.58.06:055][  0]LogLinker: Warning: Can't find file for asset '/Game/2DSideScrollerBP/Blueprints/SpawnPoint_LeftMiddle' while loading ../../../../../../Users/MatthewStevenson/Desktop/ascendant/Content/2DSideScrollerBP/Maps/2DSideScrollerExampleMap.umap.
[2019.03.05-17.58.06:055][  0]LoadErrors: Failed to load /Game/2DSideScrollerBP/Blueprints/SpawnPoint_LeftMiddle.SpawnPoint_LeftMiddle_C Referenced by K2Node_GetArrayItem_0
[2019.03.05-17.58.06:055][  0]LoadErrors: Error: /Game/2DSideScrollerBP/Maps/2DSideScrollerExampleMap : Can't find file for asset. /Game/2DSideScrollerBP/Blueprints/SpawnPoint_LeftMiddle
[2019.03.05-17.58.06:660][  0]LogAIModule: Creating AISystem for world 2DSideScrollerExampleMap
[2019.03.05-17.58.06:670][  0]LogEditorServer: Finished looking for orphan Actors (0.000 secs)
[2019.03.05-17.58.06:703][  0]Cmd: MAP CHECKDEP NOCLEARLOG
[2019.03.05-17.58.06:703][  0]MapCheck: Map check complete: 0 Error(s), 0 Warning(s), took 0.147ms to complete.
[2019.03.05-17.58.06:703][  0]LogFileHelpers: Loading map '2DSideScrollerExampleMap' took 1.524
[2019.03.05-17.58.06:819][  0]LogSlate: Updating window title bar state: overlay mode, drag disabled, window buttons hidden, title bar hidden
[2019.03.05-17.58.06:835][  0]LogSlate: Updating window title bar state: overlay mode, drag disabled, window buttons hidden, title bar hidden
[2019.03.05-17.58.06:842][  0]LogSlate: Updating window title bar state: overlay mode, drag disabled, window buttons hidden, title bar hidden
[2019.03.05-17.58.06:851][  0]LogSlate: Updating window title bar state: overlay mode, drag disabled, window buttons hidden, title bar hidden
[2019.03.05-17.58.06:859][  0]LogCollectionManager: Loaded 0 collections in 0.002889 seconds
[2019.03.05-17.58.06:877][  0]LogFileCache: Scanning file cache for directory 'C:/Users/MatthewStevenson/Desktop/ascendant/Saved/Collections/' took 0.01s
[2019.03.05-17.58.06:877][  0]LogFileCache: Scanning file cache for directory 'C:/Users/MatthewStevenson/Desktop/ascendant/Content/Developers/MatthewStevenson/Collections/' took 0.00s
[2019.03.05-17.58.06:877][  0]LogFileCache: Scanning file cache for directory 'C:/Users/MatthewStevenson/Desktop/ascendant/Content/Collections/' took 0.00s
[2019.03.05-17.58.06:877][  0]LogCollectionManager: Rebuilt the GUID cache for 0 collections in 0.000000 seconds
[2019.03.05-17.58.06:886][  0]LogContentBrowser: Native class hierarchy populated in 0.0094 seconds. Added 2651 classes and 620 folders.
[2019.03.05-17.58.06:894][  0]LogContentBrowser: Native class hierarchy updated for 'WidgetCarousel' in 0.0002 seconds. Added 0 classes and 0 folders.
[2019.03.05-17.58.06:896][  0]LogPakFile: Registered encryption key '00000000000000000000000000000000': 0 pak files mounted, 0 remain pending
[2019.03.05-17.58.06:896][  0]LogPakFile: Registered encryption key '00000000000000000000000000000000': 0 pak files mounted, 0 remain pending
[2019.03.05-17.58.06:897][  0]LogPakFile: Registered encryption key '00000000000000000000000000000000': 0 pak files mounted, 0 remain pending
[2019.03.05-17.58.06:897][  0]LogPakFile: Registered encryption key '00000000000000000000000000000000': 0 pak files mounted, 0 remain pending
[2019.03.05-17.58.06:898][  0]LogPakFile: Registered encryption key '00000000000000000000000000000000': 0 pak files mounted, 0 remain pending
[2019.03.05-17.58.06:898][  0]LogPakFile: Registered encryption key '00000000000000000000000000000000': 0 pak files mounted, 0 remain pending
[2019.03.05-17.58.06:899][  0]LogPakFile: Registered encryption key '00000000000000000000000000000000': 0 pak files mounted, 0 remain pending
[2019.03.05-17.58.06:899][  0]LogPakFile: Registered encryption key '00000000000000000000000000000000': 0 pak files mounted, 0 remain pending
[2019.03.05-17.58.06:900][  0]LogPakFile: Registered encryption key '00000000000000000000000000000000': 0 pak files mounted, 0 remain pending
[2019.03.05-17.58.06:900][  0]LogPakFile: Registered encryption key '00000000000000000000000000000000': 0 pak files mounted, 0 remain pending
[2019.03.05-17.58.06:901][  0]LogPakFile: Registered encryption key '00000000000000000000000000000000': 0 pak files mounted, 0 remain pending
[2019.03.05-17.58.06:901][  0]LogPakFile: Registered encryption key '00000000000000000000000000000000': 0 pak files mounted, 0 remain pending
[2019.03.05-17.58.06:902][  0]LogPakFile: Registered encryption key '00000000000000000000000000000000': 0 pak files mounted, 0 remain pending
[2019.03.05-17.58.06:902][  0]LogPakFile: Registered encryption key '00000000000000000000000000000000': 0 pak files mounted, 0 remain pending
[2019.03.05-17.58.06:903][  0]LogPakFile: Registered encryption key '00000000000000000000000000000000': 0 pak files mounted, 0 remain pending
[2019.03.05-17.58.06:903][  0]LogPakFile: Registered encryption key '00000000000000000000000000000000': 0 pak files mounted, 0 remain pending
[2019.03.05-17.58.06:903][  0]LogPakFile: Registered encryption key '00000000000000000000000000000000': 0 pak files mounted, 0 remain pending
[2019.03.05-17.58.06:905][  0]LogPakFile: Registered encryption key '00000000000000000000000000000000': 0 pak files mounted, 0 remain pending
[2019.03.05-17.58.06:905][  0]LogPakFile: Registered encryption key '00000000000000000000000000000000': 0 pak files mounted, 0 remain pending
[2019.03.05-17.58.06:906][  0]LogPakFile: Registered encryption key '00000000000000000000000000000000': 0 pak files mounted, 0 remain pending
[2019.03.05-17.58.06:907][  0]LogPakFile: Registered encryption key '00000000000000000000000000000000': 0 pak files mounted, 0 remain pending
[2019.03.05-17.58.06:907][  0]LogPakFile: Registered encryption key '00000000000000000000000000000000': 0 pak files mounted, 0 remain pending
[2019.03.05-17.58.06:908][  0]LogPakFile: Registered encryption key '00000000000000000000000000000000': 0 pak files mounted, 0 remain pending
[2019.03.05-17.58.06:908][  0]LogPakFile: Registered encryption key '00000000000000000000000000000000': 0 pak files mounted, 0 remain pending
[2019.03.05-17.58.06:909][  0]LogPakFile: Registered encryption key '00000000000000000000000000000000': 0 pak files mounted, 0 remain pending
[2019.03.05-17.58.06:909][  0]LogPakFile: Registered encryption key '00000000000000000000000000000000': 0 pak files mounted, 0 remain pending
[2019.03.05-17.58.06:951][  0]LogContentBrowser: Native class hierarchy updated for 'AddContentDialog' in 0.0003 seconds. Added 0 classes and 0 folders.
[2019.03.05-17.58.06:956][  0]LogContentBrowser: Native class hierarchy updated for 'SceneOutliner' in 0.0003 seconds. Added 1 classes and 2 folders.
[2019.03.05-17.58.07:037][  0]LogSlate: Took 0.000401 seconds to synchronously load lazily loaded font '../../../Engine/Content/Slate/Fonts/Roboto-Regular.ttf' (155K)
[2019.03.05-17.58.07:040][  0]LogSlate: Took 0.000236 seconds to synchronously load lazily loaded font '../../../Engine/Content/Slate/Fonts/Roboto-Bold.ttf' (160K)
[2019.03.05-17.58.07:049][  0]LogSlate: Took 0.000326 seconds to synchronously load lazily loaded font '../../../Engine/Content/Editor/Slate/Fonts/FontAwesome.ttf' (139K)
[2019.03.05-17.58.07:207][  0]LogRenderer: Reallocating scene render targets to support 1684x588 Format 10 NumSamples 1 (Frame:1).
[2019.03.05-17.58.07:334][  0]LogContentBrowser: Native class hierarchy updated for 'HierarchicalLODOutliner' in 0.0004 seconds. Added 0 classes and 0 folders.
[2019.03.05-17.58.07:334][  0]LogLoad: (Engine Initialization) Total time: 11.90 seconds
[2019.03.05-17.58.07:334][  0]LogLoad: (Engine Initialization) Total Blueprint compile time: 0.00 seconds
[2019.03.05-17.58.07:353][  0]LogWindowsTextInputMethodSystem: Display: IME system now deactivated.
[2019.03.05-17.58.07:401][  0]LogContentStreaming: Texture pool size now 1000 MB
[2019.03.05-17.58.07:404][  0]LogSlate: FSceneViewport::OnFocusLost() reason 2
[2019.03.05-17.58.07:951][  9]LogAssetRegistry: Asset discovery search completed in 7.6861 seconds
[2019.03.05-17.58.07:952][  9]LogCollectionManager: Rebuilt the object cache for 0 collections in 0.000000 seconds (found 0 objects)
[2019.03.05-17.58.07:952][  9]LogCollectionManager: Fixed up redirectors for 0 collections in 0.000049 seconds (updated 0 objects)
[2019.03.05-17.58.08:377][ 33]LogSlate: Took 0.000175 seconds to synchronously load lazily loaded font '../../../Engine/Content/Slate/Fonts/Roboto-Light.ttf' (167K)
[2019.03.05-17.58.11:445][215]LogSlate: Took 0.000114 seconds to synchronously load lazily loaded font '../../../Engine/Content/Slate/Fonts/Roboto-Light.ttf' (167K)
[2019.03.05-17.58.15:088][434]LogSlate: Window 'Message Log' being destroyed
[2019.03.05-17.58.15:098][434]LogSlate: Window 'Message Log' being destroyed
[2019.03.05-17.58.16:084][492]LogSlate: FSceneViewport::OnFocusLost() reason 0
[2019.03.05-17.58.16:219][498]LogAssetEditorManager: Opening Asset editor for Blueprint /Game/2DSideScrollerBP/Blueprints/2DSideScrollerGameMode.2DSideScrollerGameMode
[2019.03.05-17.58.16:707][498]LogContentBrowser: Native class hierarchy updated for 'BlueprintGraph' in 0.0007 seconds. Added 117 classes and 0 folders.
[2019.03.05-17.58.17:569][498]LogAssetEditorManager: Opening Asset editor for Blueprint /Game/2DSideScrollerBP/Blueprints/enemy_spirit.enemy_spirit
[2019.03.05-17.58.17:955][498]LogAssetEditorManager: Opening Asset editor for Blueprint /Game/2DSideScrollerBP/Blueprints/enemy_red.enemy_red
[2019.03.05-17.58.18:324][498]LogSlate: Took 0.000188 seconds to synchronously load lazily loaded font '../../../Engine/Content/Slate/Fonts/Roboto-BoldCondensed.ttf' (158K)
[2019.03.05-17.58.18:668][499]LogSlate: Took 0.000196 seconds to synchronously load lazily loaded font '../../../Engine/Content/Slate/Fonts/Roboto-Italic.ttf' (157K)
[2019.03.05-17.58.20:406][599]LogSlate: Window 'enemy_spirit' being destroyed
[2019.03.05-17.58.26:526][959]Cmd: MAP LOAD FILE="../../../../../../Users/MatthewStevenson/Desktop/ascendant/Content/ascendant.umap" TEMPLATE=0 SHOWPROGRESS=1 FEATURELEVEL=3
[2019.03.05-17.58.26:566][959]LightingResults: New page: Lighting Build
[2019.03.05-17.58.26:566][959]LoadErrors: New page: Loading map: ascendant.umap
[2019.03.05-17.58.26:568][959]MapCheck: New page: Map Check
[2019.03.05-17.58.26:568][959]LightingResults: New page: Lighting Build
[2019.03.05-17.58.26:628][959]LogLinker: Warning: Can't find file '/Game/2DSideScrollerBP/Blueprints/SpawnPoint_LeftMiddle'
[2019.03.05-17.58.26:628][959]LogLinker: Warning: Can't find file for asset '/Game/2DSideScrollerBP/Blueprints/SpawnPoint_LeftMiddle' while loading ../../../../../../Users/MatthewStevenson/Desktop/ascendant/Content/ascendant.umap.
[2019.03.05-17.58.26:628][959]LoadErrors: Error: /Game/ascendant : Can't find file for asset. /Game/2DSideScrollerBP/Blueprints/SpawnPoint_LeftMiddle
[2019.03.05-17.58.26:637][959]LogLinker: Warning: Can't find file '/Game/2DSideScrollerBP/Blueprints/SpawnPoint_LeftMiddle'
[2019.03.05-17.58.26:637][959]LogLinker: Warning: Can't find file for asset '/Game/2DSideScrollerBP/Blueprints/SpawnPoint_LeftMiddle' while loading ../../../../../../Users/MatthewStevenson/Desktop/ascendant/Content/ascendant.umap.
[2019.03.05-17.58.26:638][959]LogLinker: Warning: Can't find file '/Game/2DSideScrollerBP/Blueprints/SpawnPoint_LeftMiddle'
[2019.03.05-17.58.26:638][959]LogLinker: Warning: Can't find file for asset '/Game/2DSideScrollerBP/Blueprints/SpawnPoint_LeftMiddle' while loading ../../../../../../Users/MatthewStevenson/Desktop/ascendant/Content/ascendant.umap.
[2019.03.05-17.58.26:639][959]LogLinker: Warning: Can't find file '/Game/2DSideScrollerBP/Blueprints/SpawnPoint_LeftMiddle'
[2019.03.05-17.58.26:640][959]LogLinker: Warning: Can't find file for asset '/Game/2DSideScrollerBP/Blueprints/SpawnPoint_LeftMiddle' while loading NULL.
[2019.03.05-17.58.26:640][959]LogLinker: Warning: Can't find file '/Game/2DSideScrollerBP/Blueprints/SpawnPoint_LeftMiddle'
[2019.03.05-17.58.26:640][959]LogLinker: Warning: Can't find file for asset '/Game/2DSideScrollerBP/Blueprints/SpawnPoint_LeftMiddle' while loading NULL.
[2019.03.05-17.58.26:640][959]LogLinker: Warning: Can't find file '/Game/2DSideScrollerBP/Blueprints/SpawnPoint_LeftMiddle'
[2019.03.05-17.58.26:640][959]LogLinker: Warning: Can't find file for asset '/Game/2DSideScrollerBP/Blueprints/SpawnPoint_LeftMiddle' while loading NULL.
[2019.03.05-17.58.26:646][959]LogLinker: Warning: Can't find file '/Game/2DSideScrollerBP/Blueprints/SpawnPoint_LeftMiddle'
[2019.03.05-17.58.26:646][959]LogLinker: Warning: Can't find file for asset '/Game/2DSideScrollerBP/Blueprints/SpawnPoint_LeftMiddle' while loading NULL.
[2019.03.05-17.58.26:646][959]LogLinker: Warning: Can't find file '/Game/2DSideScrollerBP/Blueprints/SpawnPoint_LeftMiddle'
[2019.03.05-17.58.26:647][959]LogLinker: Warning: Can't find file for asset '/Game/2DSideScrollerBP/Blueprints/SpawnPoint_LeftMiddle' while loading NULL.
[2019.03.05-17.58.26:671][959]LogAIModule: Creating AISystem for world ascendant
[2019.03.05-17.58.26:786][959]LogEditorServer: Finished looking for orphan Actors (0.000 secs)
[2019.03.05-17.58.26:896][959]Cmd: MAP CHECKDEP NOCLEARLOG
[2019.03.05-17.58.26:896][959]MapCheck: Map check complete: 0 Error(s), 0 Warning(s), took 0.134ms to complete.
[2019.03.05-17.58.26:896][959]LogFileHelpers: Loading map 'ascendant' took 0.371
[2019.03.05-17.58.26:898][959]LogSlate: Window 'Open Level' being destroyed
[2019.03.05-17.58.26:908][959]LoadErrors: Warning: CreateExport: Failed to load Outer for resource 'DefaultSceneRoot': SpawnPoint_LeftMiddle_C /Game/ascendant.ascendant:PersistentLevel.SpawnPoint_LeftMiddle_2
[2019.03.05-17.58.31:885][249]LogSlate: Window 'Message Log' being destroyed
[2019.03.05-17.58.31:892][249]LogSlate: Window 'Message Log' being destroyed
[2019.03.05-17.58.35:047][437]LogSlate: FSceneViewport::OnFocusLost() reason 0
[2019.03.05-17.58.54:256][543]LogSlate: FSceneViewport::OnFocusLost() reason 0
[2019.03.05-17.59.04:270][131]LogSlate: FSceneViewport::OnFocusLost() reason 0
[2019.03.05-17.59.06:514][262]Cmd: OBJ SAVEPACKAGE PACKAGE="/Game/ascendant" FILE="../../../../../../Users/MatthewStevenson/Desktop/ascendant/Content/ascendant.umap" SILENT=true AUTOSAVING=false KEEPDIRTY=false
[2019.03.05-17.59.06:827][262]LogSavePackage: Moving '../../../../../../Users/MatthewStevenson/Desktop/ascendant/Saved/ascendant4379E9284FC9BFDEA8A60C8644827EEA.tmp' to '../../../../../../Users/MatthewStevenson/Desktop/ascendant/Content/ascendant.umap'
[2019.03.05-17.59.06:885][262]Cmd: OBJ SAVEPACKAGE PACKAGE="/Game/ascendant_BuiltData" FILE="../../../../../../Users/MatthewStevenson/Desktop/ascendant/Content/ascendant_BuiltData.uasset" SILENT=true
[2019.03.05-17.59.06:993][262]LogSavePackage: Moving '../../../../../../Users/MatthewStevenson/Desktop/ascendant/Saved/ascendant_BuiltDataAF5E1AD84E78F5B77B1C4EB113F240EE.tmp' to '../../../../../../Users/MatthewStevenson/Desktop/ascendant/Content/ascendant_BuiltData.uasset'
[2019.03.05-17.59.09:219][383]LogSlate: FSceneViewport::OnFocusLost() reason 0
[2019.03.05-17.59.18:127][902]BlueprintLog: New page: Compile 2DSideScrollerGameMode
[2019.03.05-17.59.19:751][934]LogSavePackage: Moving '../../../../../../Users/MatthewStevenson/Desktop/ascendant/Saved/2DSideScrollerGameMode5C80E07A489AB34F9987EDA9BAA7A6F3.tmp' to '../../../../../../Users/MatthewStevenson/Desktop/ascendant/Content/2DSideScrollerBP/Blueprints/2DSideScrollerGameMode.uasset'
[2019.03.05-17.59.22:312][ 79]Cmd: OBJ SAVEPACKAGE PACKAGE="/Game/ascendant" FILE="../../../../../../Users/MatthewStevenson/Desktop/ascendant/Content/ascendant.umap" SILENT=true AUTOSAVING=false KEEPDIRTY=false
[2019.03.05-17.59.22:621][ 79]LogSavePackage: Moving '../../../../../../Users/MatthewStevenson/Desktop/ascendant/Saved/ascendant83CBF5CA4A963A3402FF63863F726159.tmp' to '../../../../../../Users/MatthewStevenson/Desktop/ascendant/Content/ascendant.umap'
[2019.03.05-17.59.22:671][ 79]Cmd: OBJ SAVEPACKAGE PACKAGE="/Game/ascendant_BuiltData" FILE="../../../../../../Users/MatthewStevenson/Desktop/ascendant/Content/ascendant_BuiltData.uasset" SILENT=true
[2019.03.05-17.59.22:770][ 79]LogSavePackage: Moving '../../../../../../Users/MatthewStevenson/Desktop/ascendant/Saved/ascendant_BuiltData439C1DFD4D365C54D367059DD9C1EAF6.tmp' to '../../../../../../Users/MatthewStevenson/Desktop/ascendant/Content/ascendant_BuiltData.uasset'
[2019.03.05-17.59.23:629][124]LogTemp: Repeating last play command: Selected Viewport
[2019.03.05-17.59.23:665][124]LogBlueprintUserMessages: Early PlayInEditor Detection: Level '/Game/ascendant.ascendant:PersistentLevel' has LevelScriptBlueprint '/Game/ascendant.ascendant:PersistentLevel.ascendant' with GeneratedClass '/Game/ascendant.ascendant_C' with ClassGeneratedBy '/Game/ascendant.ascendant:PersistentLevel.ascendant'
[2019.03.05-17.59.23:665][124]LogPlayLevel: PlayLevel: No blueprints needed recompiling
[2019.03.05-17.59.23:666][124]PIE: New page: PIE session: ascendant (Mar 5, 2019, 1:59:23 AM)
[2019.03.05-17.59.23:678][124]LogPlayLevel: Creating play world package: /Game/UEDPIE_0_ascendant
[2019.03.05-17.59.23:684][124]LogPlayLevel: PIE: StaticDuplicateObject took: (0.005246s)
[2019.03.05-17.59.23:684][124]LogAIModule: Creating AISystem for world ascendant
[2019.03.05-17.59.23:685][124]LogPlayLevel: PIE: World Init took: (0.000907s)
[2019.03.05-17.59.23:685][124]LogPlayLevel: PIE: Created PIE world by copying editor world from /Game/ascendant.ascendant to /Game/UEDPIE_0_ascendant.ascendant (0.006610s)
[2019.03.05-17.59.23:731][124]LogInit: XAudio2 using 'Speakers (5- Logitech USB Headset)' : 2 channels at 48 kHz using 16 bits per sample (channel mask 0x3)
[2019.03.05-17.59.23:744][124]LogInit: FAudioDevice initialized.
[2019.03.05-17.59.23:788][124]LogLoad: Game class is '2DSideScrollerGameMode_C'
[2019.03.05-17.59.23:791][124]LogWorld: Bringing World /Game/UEDPIE_0_ascendant.ascendant up for play (max tick rate 60) at 2019.03.05-09.59.23
[2019.03.05-17.59.23:791][124]LogWorld: Bringing up level for play took: 0.001230
[2019.03.05-17.59.23:810][124]LogContentBrowser: Native class hierarchy updated for 'MovieSceneCapture' in 0.0004 seconds. Added 20 classes and 0 folders.
[2019.03.05-17.59.23:811][124]LogBlueprintUserMessages: [2DSideScrollerGameMode_C_0] Hello
[2019.03.05-17.59.23:814][124]PIE: Play in editor start time for /Game/UEDPIE_0_ascendant 0.615
[2019.03.05-17.59.23:814][124]LogBlueprintUserMessages: Late PlayInEditor Detection: Level '/Game/ascendant.ascendant:PersistentLevel' has LevelScriptBlueprint '/Game/ascendant.ascendant:PersistentLevel.ascendant' with GeneratedClass '/Game/ascendant.ascendant_C' with ClassGeneratedBy '/Game/ascendant.ascendant:PersistentLevel.ascendant'
[2019.03.05-17.59.25:873][247]LogBlueprintUserMessages: [BP_PowerUp_2] got power up
[2019.03.05-17.59.26:123][262]LogBlueprintUserMessages: [2DSideScrollerCharacter_254] power up shooting
[2019.03.05-17.59.26:424][280]LogBlueprintUserMessages: [2DSideScrollerCharacter_254] power up shooting
[2019.03.05-17.59.26:724][298]LogBlueprintUserMessages: [2DSideScrollerCharacter_254] power up shooting
[2019.03.05-17.59.27:024][316]LogBlueprintUserMessages: [2DSideScrollerCharacter_254] power up shooting
[2019.03.05-17.59.27:323][334]LogBlueprintUserMessages: [2DSideScrollerCharacter_254] power up shooting
[2019.03.05-17.59.27:624][352]LogBlueprintUserMessages: [2DSideScrollerCharacter_254] power up shooting
[2019.03.05-17.59.27:923][370]LogBlueprintUserMessages: [2DSideScrollerCharacter_254] power up shooting
[2019.03.05-17.59.28:225][388]LogBlueprintUserMessages: [2DSideScrollerCharacter_254] power up shooting
[2019.03.05-17.59.28:526][406]LogBlueprintUserMessages: [2DSideScrollerCharacter_254] power up shooting
[2019.03.05-17.59.31:128][562]LogBlueprintUserMessages: [2DSideScrollerGameMode_C_0] second
[2019.03.05-17.59.31:128][562]LogBlueprintUserMessages: [2DSideScrollerGameMode_C_0] Hello
